[2024-06-14T11:48:53.339+0000] {taskinstance.py:1157} INFO - Dependencies all met for dep_context=non-requeueable deps ti=<TaskInstance: simple_spark_dag.spark_submit_task manual__2024-06-14T11:48:49.640714+00:00 [queued]>
[2024-06-14T11:48:53.348+0000] {taskinstance.py:1157} INFO - Dependencies all met for dep_context=requeueable deps ti=<TaskInstance: simple_spark_dag.spark_submit_task manual__2024-06-14T11:48:49.640714+00:00 [queued]>
[2024-06-14T11:48:53.349+0000] {taskinstance.py:1359} INFO - Starting attempt 1 of 1
[2024-06-14T11:48:53.358+0000] {taskinstance.py:1380} INFO - Executing <Task(SparkSubmitOperator): spark_submit_task> on 2024-06-14 11:48:49.640714+00:00
[2024-06-14T11:48:53.375+0000] {standard_task_runner.py:57} INFO - Started process 9459 to run task
[2024-06-14T11:48:53.378+0000] {standard_task_runner.py:84} INFO - Running: ['***', 'tasks', 'run', 'simple_spark_dag', 'spark_submit_task', 'manual__2024-06-14T11:48:49.640714+00:00', '--job-id', '68', '--raw', '--subdir', 'DAGS_FOLDER/simple_spark_dag.py', '--cfg-path', '/tmp/tmp3m0gqk0g']
[2024-06-14T11:48:53.386+0000] {standard_task_runner.py:85} INFO - Job 68: Subtask spark_submit_task
[2024-06-14T11:48:53.439+0000] {task_command.py:415} INFO - Running <TaskInstance: simple_spark_dag.spark_submit_task manual__2024-06-14T11:48:49.640714+00:00 [running]> on host 963b3fbfa4c9
[2024-06-14T11:48:53.524+0000] {taskinstance.py:1660} INFO - Exporting env vars: AIRFLOW_CTX_DAG_OWNER='***' AIRFLOW_CTX_DAG_ID='simple_spark_dag' AIRFLOW_CTX_TASK_ID='spark_submit_task' AIRFLOW_CTX_EXECUTION_DATE='2024-06-14T11:48:49.640714+00:00' AIRFLOW_CTX_TRY_NUMBER='1' AIRFLOW_CTX_DAG_RUN_ID='manual__2024-06-14T11:48:49.640714+00:00'
[2024-06-14T11:48:53.539+0000] {base.py:73} INFO - Using connection ID 'Spark_connection' for task execution.
[2024-06-14T11:48:53.541+0000] {spark_submit.py:401} INFO - Spark-Submit cmd: spark-submit --master spark://spark-master:7077 --conf spark.hadoop.fs.s3a.endpoint=http://minio:9000 --conf spark.hadoop.fs.s3a.access.key=khaiVDT2024 --conf spark.hadoop.fs.s3a.secret.key=****** --conf spark.hadoop.fs.s3a.path.style.access=true --name spark_minio_job --deploy-mode client jobs/python/test.py
[2024-06-14T11:48:53.777+0000] {spark_submit.py:571} INFO - /home/***/.local/lib/python3.9/site-packages/pyspark/bin/load-spark-env.sh: line 68: ps: command not found
[2024-06-14T11:48:57.522+0000] {spark_submit.py:571} INFO - 24/06/14 11:48:57 INFO SparkContext: Running Spark version 3.4.0
[2024-06-14T11:48:57.557+0000] {spark_submit.py:571} INFO - 24/06/14 11:48:57 WARN NativeCodeLoader: Unable to load native-hadoop library for your platform... using builtin-java classes where applicable
[2024-06-14T11:48:57.648+0000] {spark_submit.py:571} INFO - 24/06/14 11:48:57 INFO ResourceUtils: ==============================================================
[2024-06-14T11:48:57.650+0000] {spark_submit.py:571} INFO - 24/06/14 11:48:57 INFO ResourceUtils: No custom resources configured for spark.driver.
[2024-06-14T11:48:57.651+0000] {spark_submit.py:571} INFO - 24/06/14 11:48:57 INFO ResourceUtils: ==============================================================
[2024-06-14T11:48:57.653+0000] {spark_submit.py:571} INFO - 24/06/14 11:48:57 INFO SparkContext: Submitted application: Local CSV Reader
[2024-06-14T11:48:57.673+0000] {spark_submit.py:571} INFO - 24/06/14 11:48:57 INFO ResourceProfile: Default ResourceProfile created, executor resources: Map(memory -> name: memory, amount: 1024, script: , vendor: , offHeap -> name: offHeap, amount: 0, script: , vendor: ), task resources: Map(cpus -> name: cpus, amount: 1.0)
[2024-06-14T11:48:57.686+0000] {spark_submit.py:571} INFO - 24/06/14 11:48:57 INFO ResourceProfile: Limiting resource is cpu
[2024-06-14T11:48:57.687+0000] {spark_submit.py:571} INFO - 24/06/14 11:48:57 INFO ResourceProfileManager: Added ResourceProfile id: 0
[2024-06-14T11:48:57.730+0000] {spark_submit.py:571} INFO - 24/06/14 11:48:57 INFO SecurityManager: Changing view acls to: ***
[2024-06-14T11:48:57.732+0000] {spark_submit.py:571} INFO - 24/06/14 11:48:57 INFO SecurityManager: Changing modify acls to: ***
[2024-06-14T11:48:57.734+0000] {spark_submit.py:571} INFO - 24/06/14 11:48:57 INFO SecurityManager: Changing view acls groups to:
[2024-06-14T11:48:57.734+0000] {spark_submit.py:571} INFO - 24/06/14 11:48:57 INFO SecurityManager: Changing modify acls groups to:
[2024-06-14T11:48:57.736+0000] {spark_submit.py:571} INFO - 24/06/14 11:48:57 INFO SecurityManager: SecurityManager: authentication disabled; ui acls disabled; users with view permissions: ***; groups with view permissions: EMPTY; users with modify permissions: ***; groups with modify permissions: EMPTY
[2024-06-14T11:48:57.989+0000] {spark_submit.py:571} INFO - 24/06/14 11:48:57 INFO Utils: Successfully started service 'sparkDriver' on port 46255.
[2024-06-14T11:48:58.047+0000] {spark_submit.py:571} INFO - 24/06/14 11:48:58 INFO SparkEnv: Registering MapOutputTracker
[2024-06-14T11:48:58.087+0000] {spark_submit.py:571} INFO - 24/06/14 11:48:58 INFO SparkEnv: Registering BlockManagerMaster
[2024-06-14T11:48:58.110+0000] {spark_submit.py:571} INFO - 24/06/14 11:48:58 INFO BlockManagerMasterEndpoint: Using org.apache.spark.storage.DefaultTopologyMapper for getting topology information
[2024-06-14T11:48:58.112+0000] {spark_submit.py:571} INFO - 24/06/14 11:48:58 INFO BlockManagerMasterEndpoint: BlockManagerMasterEndpoint up
[2024-06-14T11:48:58.117+0000] {spark_submit.py:571} INFO - 24/06/14 11:48:58 INFO SparkEnv: Registering BlockManagerMasterHeartbeat
[2024-06-14T11:48:58.153+0000] {spark_submit.py:571} INFO - 24/06/14 11:48:58 INFO DiskBlockManager: Created local directory at /tmp/blockmgr-66ae3488-f45b-47e4-bdee-0f6658b6f360
[2024-06-14T11:48:58.181+0000] {spark_submit.py:571} INFO - 24/06/14 11:48:58 INFO MemoryStore: MemoryStore started with capacity 434.4 MiB
[2024-06-14T11:48:58.212+0000] {spark_submit.py:571} INFO - 24/06/14 11:48:58 INFO SparkEnv: Registering OutputCommitCoordinator
[2024-06-14T11:48:58.436+0000] {spark_submit.py:571} INFO - 24/06/14 11:48:58 INFO JettyUtils: Start Jetty 0.0.0.0:4040 for SparkUI
[2024-06-14T11:48:58.691+0000] {spark_submit.py:571} INFO - 24/06/14 11:48:58 INFO Utils: Successfully started service 'SparkUI' on port 4040.
[2024-06-14T11:48:58.923+0000] {spark_submit.py:571} INFO - 24/06/14 11:48:58 INFO StandaloneAppClient$ClientEndpoint: Connecting to master spark://spark-master:7077...
[2024-06-14T11:48:59.000+0000] {spark_submit.py:571} INFO - 24/06/14 11:48:58 INFO TransportClientFactory: Successfully created connection to spark-master/172.18.0.3:7077 after 38 ms (0 ms spent in bootstraps)
[2024-06-14T11:48:59.295+0000] {spark_submit.py:571} INFO - 24/06/14 11:48:59 INFO StandaloneSchedulerBackend: Connected to Spark cluster with app ID app-20240614114859-0007
[2024-06-14T11:48:59.309+0000] {spark_submit.py:571} INFO - 24/06/14 11:48:59 INFO StandaloneAppClient$ClientEndpoint: Executor added: app-20240614114859-0007/0 on worker-20240614074744-172.18.0.5-36477 (172.18.0.5:36477) with 2 core(s)
[2024-06-14T11:48:59.320+0000] {spark_submit.py:571} INFO - 24/06/14 11:48:59 INFO StandaloneSchedulerBackend: Granted executor ID app-20240614114859-0007/0 on hostPort 172.18.0.5:36477 with 2 core(s), 1024.0 MiB RAM
[2024-06-14T11:48:59.343+0000] {spark_submit.py:571} INFO - 24/06/14 11:48:59 INFO Utils: Successfully started service 'org.apache.spark.network.netty.NettyBlockTransferService' on port 38105.
[2024-06-14T11:48:59.345+0000] {spark_submit.py:571} INFO - 24/06/14 11:48:59 INFO NettyBlockTransferService: Server created on 963b3fbfa4c9:38105
[2024-06-14T11:48:59.348+0000] {spark_submit.py:571} INFO - 24/06/14 11:48:59 INFO BlockManager: Using org.apache.spark.storage.RandomBlockReplicationPolicy for block replication policy
[2024-06-14T11:48:59.358+0000] {spark_submit.py:571} INFO - 24/06/14 11:48:59 INFO BlockManagerMaster: Registering BlockManager BlockManagerId(driver, 963b3fbfa4c9, 38105, None)
[2024-06-14T11:48:59.367+0000] {spark_submit.py:571} INFO - 24/06/14 11:48:59 INFO BlockManagerMasterEndpoint: Registering block manager 963b3fbfa4c9:38105 with 434.4 MiB RAM, BlockManagerId(driver, 963b3fbfa4c9, 38105, None)
[2024-06-14T11:48:59.387+0000] {spark_submit.py:571} INFO - 24/06/14 11:48:59 INFO BlockManagerMaster: Registered BlockManager BlockManagerId(driver, 963b3fbfa4c9, 38105, None)
[2024-06-14T11:48:59.390+0000] {spark_submit.py:571} INFO - 24/06/14 11:48:59 INFO BlockManager: Initialized BlockManager: BlockManagerId(driver, 963b3fbfa4c9, 38105, None)
[2024-06-14T11:48:59.941+0000] {spark_submit.py:571} INFO - 24/06/14 11:48:59 INFO StandaloneSchedulerBackend: SchedulerBackend is ready for scheduling beginning after reached minRegisteredResourcesRatio: 0.0
[2024-06-14T11:49:00.008+0000] {spark_submit.py:571} INFO - 24/06/14 11:49:00 INFO StandaloneAppClient$ClientEndpoint: Executor updated: app-20240614114859-0007/0 is now RUNNING
[2024-06-14T11:49:00.337+0000] {spark_submit.py:571} INFO - 24/06/14 11:49:00 INFO SharedState: Setting hive.metastore.warehouse.dir ('null') to the value of spark.sql.warehouse.dir.
[2024-06-14T11:49:00.351+0000] {spark_submit.py:571} INFO - 24/06/14 11:49:00 INFO SharedState: Warehouse path is 'file:/opt/***/spark-warehouse'.
[2024-06-14T11:49:04.635+0000] {spark_submit.py:571} INFO - Traceback (most recent call last):
[2024-06-14T11:49:04.649+0000] {spark_submit.py:571} INFO - File "/opt/***/jobs/python/test.py", line 11, in <module>
[2024-06-14T11:49:04.653+0000] {spark_submit.py:571} INFO - df = spark.read.csv("/Data/allstockprice.csv", header=True, inferSchema=True)
[2024-06-14T11:49:04.658+0000] {spark_submit.py:571} INFO - File "/home/***/.local/lib/python3.9/site-packages/pyspark/python/lib/pyspark.zip/pyspark/sql/readwriter.py", line 727, in csv
[2024-06-14T11:49:04.661+0000] {spark_submit.py:571} INFO - File "/home/***/.local/lib/python3.9/site-packages/pyspark/python/lib/py4j-0.10.9.7-src.zip/py4j/java_gateway.py", line 1322, in __call__
[2024-06-14T11:49:04.663+0000] {spark_submit.py:571} INFO - File "/home/***/.local/lib/python3.9/site-packages/pyspark/python/lib/pyspark.zip/pyspark/errors/exceptions/captured.py", line 175, in deco
[2024-06-14T11:49:04.669+0000] {spark_submit.py:571} INFO - pyspark.errors.exceptions.captured.AnalysisException: [PATH_NOT_FOUND] Path does not exist: file:/Data/allstockprice.csv.
[2024-06-14T11:49:04.838+0000] {spark_submit.py:571} INFO - 24/06/14 11:49:04 INFO SparkContext: Invoking stop() from shutdown hook
[2024-06-14T11:49:04.841+0000] {spark_submit.py:571} INFO - 24/06/14 11:49:04 INFO SparkContext: SparkContext is stopping with exitCode 0.
[2024-06-14T11:49:04.870+0000] {spark_submit.py:571} INFO - 24/06/14 11:49:04 INFO SparkUI: Stopped Spark web UI at http://963b3fbfa4c9:4040
[2024-06-14T11:49:04.885+0000] {spark_submit.py:571} INFO - 24/06/14 11:49:04 INFO StandaloneSchedulerBackend: Shutting down all executors
[2024-06-14T11:49:04.890+0000] {spark_submit.py:571} INFO - 24/06/14 11:49:04 INFO StandaloneSchedulerBackend$StandaloneDriverEndpoint: Asking each executor to shut down
[2024-06-14T11:49:04.951+0000] {spark_submit.py:571} INFO - 24/06/14 11:49:04 INFO MapOutputTrackerMasterEndpoint: MapOutputTrackerMasterEndpoint stopped!
[2024-06-14T11:49:05.227+0000] {spark_submit.py:571} INFO - 24/06/14 11:49:05 INFO MemoryStore: MemoryStore cleared
[2024-06-14T11:49:05.240+0000] {spark_submit.py:571} INFO - 24/06/14 11:49:05 INFO BlockManager: BlockManager stopped
[2024-06-14T11:49:05.327+0000] {spark_submit.py:571} INFO - 24/06/14 11:49:05 INFO BlockManagerMaster: BlockManagerMaster stopped
[2024-06-14T11:49:05.350+0000] {spark_submit.py:571} INFO - 24/06/14 11:49:05 INFO OutputCommitCoordinator$OutputCommitCoordinatorEndpoint: OutputCommitCoordinator stopped!
[2024-06-14T11:49:05.588+0000] {spark_submit.py:571} INFO - 24/06/14 11:49:05 INFO SparkContext: Successfully stopped SparkContext
[2024-06-14T11:49:05.589+0000] {spark_submit.py:571} INFO - 24/06/14 11:49:05 INFO ShutdownHookManager: Shutdown hook called
[2024-06-14T11:49:05.617+0000] {spark_submit.py:571} INFO - 24/06/14 11:49:05 INFO ShutdownHookManager: Deleting directory /tmp/spark-d198a766-ddac-4383-b592-a73cd5b7f2e1
[2024-06-14T11:49:05.780+0000] {spark_submit.py:571} INFO - 24/06/14 11:49:05 INFO ShutdownHookManager: Deleting directory /tmp/spark-b98c642f-6253-47a4-8160-9da3909715af
[2024-06-14T11:49:06.049+0000] {spark_submit.py:571} INFO - 24/06/14 11:49:06 INFO ShutdownHookManager: Deleting directory /tmp/spark-d198a766-ddac-4383-b592-a73cd5b7f2e1/pyspark-cabead9e-e523-4257-928d-14b95584b868
[2024-06-14T11:49:06.488+0000] {taskinstance.py:1935} ERROR - Task failed with exception
Traceback (most recent call last):
  File "/home/airflow/.local/lib/python3.9/site-packages/airflow/providers/apache/spark/operators/spark_submit.py", line 174, in execute
    self._hook.submit(self.application)
  File "/home/airflow/.local/lib/python3.9/site-packages/airflow/providers/apache/spark/hooks/spark_submit.py", line 502, in submit
    raise AirflowException(
airflow.exceptions.AirflowException: Cannot execute: spark-submit --master spark://spark-master:7077 --conf spark.hadoop.fs.s3a.endpoint=http://minio:9000 --conf spark.hadoop.fs.s3a.access.key=khaiVDT2024 --conf spark.hadoop.fs.s3a.secret.key=****** --conf spark.hadoop.fs.s3a.path.style.access=true --name spark_minio_job --deploy-mode client jobs/python/test.py. Error code is: 1.
[2024-06-14T11:49:06.515+0000] {taskinstance.py:1398} INFO - Marking task as FAILED. dag_id=simple_spark_dag, task_id=spark_submit_task, execution_date=20240614T114849, start_date=20240614T114853, end_date=20240614T114906
[2024-06-14T11:49:06.575+0000] {standard_task_runner.py:104} ERROR - Failed to execute job 68 for task spark_submit_task (Cannot execute: spark-submit --master spark://spark-master:7077 --conf spark.hadoop.fs.s3a.endpoint=http://minio:9000 --conf spark.hadoop.fs.s3a.access.key=khaiVDT2024 --conf spark.hadoop.fs.s3a.secret.key=****** --conf spark.hadoop.fs.s3a.path.style.access=true --name spark_minio_job --deploy-mode client jobs/python/test.py. Error code is: 1.; 9459)
[2024-06-14T11:49:06.607+0000] {local_task_job_runner.py:228} INFO - Task exited with return code 1
[2024-06-14T11:49:06.707+0000] {taskinstance.py:2776} INFO - 0 downstream tasks scheduled from follow-on schedule check
