[2024-06-14T09:18:27.734+0000] {taskinstance.py:1157} INFO - Dependencies all met for dep_context=non-requeueable deps ti=<TaskInstance: Spark_dag.spark_query_csv manual__2024-06-14T09:17:19.582343+00:00 [queued]>
[2024-06-14T09:18:27.739+0000] {taskinstance.py:1157} INFO - Dependencies all met for dep_context=requeueable deps ti=<TaskInstance: Spark_dag.spark_query_csv manual__2024-06-14T09:17:19.582343+00:00 [queued]>
[2024-06-14T09:18:27.739+0000] {taskinstance.py:1359} INFO - Starting attempt 2 of 2
[2024-06-14T09:18:27.746+0000] {taskinstance.py:1380} INFO - Executing <Task(SparkSubmitOperator): spark_query_csv> on 2024-06-14 09:17:19.582343+00:00
[2024-06-14T09:18:27.750+0000] {standard_task_runner.py:57} INFO - Started process 3822 to run task
[2024-06-14T09:18:27.753+0000] {standard_task_runner.py:84} INFO - Running: ['***', 'tasks', 'run', 'Spark_dag', 'spark_query_csv', 'manual__2024-06-14T09:17:19.582343+00:00', '--job-id', '47', '--raw', '--subdir', 'DAGS_FOLDER/Spark_dag.py', '--cfg-path', '/tmp/tmpecq1lax7']
[2024-06-14T09:18:27.756+0000] {standard_task_runner.py:85} INFO - Job 47: Subtask spark_query_csv
[2024-06-14T09:18:27.804+0000] {task_command.py:415} INFO - Running <TaskInstance: Spark_dag.spark_query_csv manual__2024-06-14T09:17:19.582343+00:00 [running]> on host 963b3fbfa4c9
[2024-06-14T09:18:27.888+0000] {taskinstance.py:1660} INFO - Exporting env vars: AIRFLOW_CTX_DAG_OWNER='***' AIRFLOW_CTX_DAG_ID='Spark_dag' AIRFLOW_CTX_TASK_ID='spark_query_csv' AIRFLOW_CTX_EXECUTION_DATE='2024-06-14T09:17:19.582343+00:00' AIRFLOW_CTX_TRY_NUMBER='2' AIRFLOW_CTX_DAG_RUN_ID='manual__2024-06-14T09:17:19.582343+00:00'
[2024-06-14T09:18:27.900+0000] {base.py:73} INFO - Using connection ID 'Spark_connection' for task execution.
[2024-06-14T09:18:27.902+0000] {spark_submit.py:401} INFO - Spark-Submit cmd: spark-submit --master spark://spark-master:7077 --conf spark.master=spark://spark-master:7077 --conf spark.hadoop.fs.s3a.endpoint=http://host.docker.internal:9000 --conf spark.hadoop.fs.s3a.access.key=fPMHZA3ZV0g2so9iydgd --conf spark.hadoop.fs.s3a.secret.key=****** --conf spark.hadoop.fs.s3a.path.style.access=true --conf spark.hadoop.fs.s3a.impl=org.apache.hadoop.fs.s3a.S3AFileSystem --name arrow-spark --deploy-mode client /opt/bitnami/spark/jobs/query_spark.py s3a://data-lake/allstockprice.csv fPMHZA3ZV0g2so9iydgd 2wY04v8tSwkpVb054WFro0AP6SJ4mjvHbVHurSUp
[2024-06-14T09:18:28.034+0000] {spark_submit.py:571} INFO - /home/***/.local/lib/python3.9/site-packages/pyspark/bin/load-spark-env.sh: line 68: ps: command not found
[2024-06-14T09:18:29.821+0000] {spark_submit.py:571} INFO - python3: can't open file '/opt/bitnami/spark/jobs/query_spark.py': [Errno 2] No such file or directory
[2024-06-14T09:18:29.839+0000] {spark_submit.py:571} INFO - 24/06/14 09:18:29 INFO ShutdownHookManager: Shutdown hook called
[2024-06-14T09:18:29.841+0000] {spark_submit.py:571} INFO - 24/06/14 09:18:29 INFO ShutdownHookManager: Deleting directory /tmp/spark-a73e1274-dea8-4dc0-86b7-e73663cd521a
[2024-06-14T09:18:29.880+0000] {taskinstance.py:1935} ERROR - Task failed with exception
Traceback (most recent call last):
  File "/home/airflow/.local/lib/python3.9/site-packages/airflow/providers/apache/spark/operators/spark_submit.py", line 174, in execute
    self._hook.submit(self.application)
  File "/home/airflow/.local/lib/python3.9/site-packages/airflow/providers/apache/spark/hooks/spark_submit.py", line 502, in submit
    raise AirflowException(
airflow.exceptions.AirflowException: Cannot execute: spark-submit --master spark://spark-master:7077 --conf spark.master=spark://spark-master:7077 --conf spark.hadoop.fs.s3a.endpoint=http://host.docker.internal:9000 --conf spark.hadoop.fs.s3a.access.key=fPMHZA3ZV0g2so9iydgd --conf spark.hadoop.fs.s3a.secret.key=****** --conf spark.hadoop.fs.s3a.path.style.access=true --conf spark.hadoop.fs.s3a.impl=org.apache.hadoop.fs.s3a.S3AFileSystem --name arrow-spark --deploy-mode client /opt/bitnami/spark/jobs/query_spark.py s3a://data-lake/allstockprice.csv fPMHZA3ZV0g2so9iydgd 2wY04v8tSwkpVb054WFro0AP6SJ4mjvHbVHurSUp. Error code is: 2.
[2024-06-14T09:18:29.887+0000] {taskinstance.py:1398} INFO - Marking task as FAILED. dag_id=Spark_dag, task_id=spark_query_csv, execution_date=20240614T091719, start_date=20240614T091827, end_date=20240614T091829
[2024-06-14T09:18:29.903+0000] {standard_task_runner.py:104} ERROR - Failed to execute job 47 for task spark_query_csv (Cannot execute: spark-submit --master spark://spark-master:7077 --conf spark.master=spark://spark-master:7077 --conf spark.hadoop.fs.s3a.endpoint=http://host.docker.internal:9000 --conf spark.hadoop.fs.s3a.access.key=fPMHZA3ZV0g2so9iydgd --conf spark.hadoop.fs.s3a.secret.key=****** --conf spark.hadoop.fs.s3a.path.style.access=true --conf spark.hadoop.fs.s3a.impl=org.apache.hadoop.fs.s3a.S3AFileSystem --name arrow-spark --deploy-mode client /opt/bitnami/spark/jobs/query_spark.py s3a://data-lake/allstockprice.csv fPMHZA3ZV0g2so9iydgd 2wY04v8tSwkpVb054WFro0AP6SJ4mjvHbVHurSUp. Error code is: 2.; 3822)
[2024-06-14T09:18:29.926+0000] {local_task_job_runner.py:228} INFO - Task exited with return code 1
[2024-06-14T09:18:29.951+0000] {taskinstance.py:2776} INFO - 0 downstream tasks scheduled from follow-on schedule check
