[2024-06-13T19:50:34.037+0000] {local_task_job_runner.py:120} INFO - ::group::Pre task execution logs
[2024-06-13T19:50:34.050+0000] {taskinstance.py:2076} INFO - Dependencies all met for dep_context=non-requeueable deps ti=<TaskInstance: minio_upload_dag.upload_file_to_minio_0 manual__2024-06-13T19:48:47.001338+00:00 [queued]>
[2024-06-13T19:50:34.055+0000] {taskinstance.py:2076} INFO - Dependencies all met for dep_context=requeueable deps ti=<TaskInstance: minio_upload_dag.upload_file_to_minio_0 manual__2024-06-13T19:48:47.001338+00:00 [queued]>
[2024-06-13T19:50:34.056+0000] {taskinstance.py:2306} INFO - Starting attempt 2 of 2
[2024-06-13T19:50:34.063+0000] {taskinstance.py:2330} INFO - Executing <Task(PythonOperator): upload_file_to_minio_0> on 2024-06-13 19:48:47.001338+00:00
[2024-06-13T19:50:34.072+0000] {standard_task_runner.py:63} INFO - Started process 1064 to run task
[2024-06-13T19:50:34.083+0000] {standard_task_runner.py:90} INFO - Running: ['***', 'tasks', 'run', 'minio_upload_dag', 'upload_file_to_minio_0', 'manual__2024-06-13T19:48:47.001338+00:00', '--job-id', '73', '--raw', '--subdir', 'DAGS_FOLDER/Upload_minio.py', '--cfg-path', '/tmp/tmpo2nn3mst']
[2024-06-13T19:50:34.086+0000] {standard_task_runner.py:91} INFO - Job 73: Subtask upload_file_to_minio_0
[2024-06-13T19:50:34.174+0000] {task_command.py:426} INFO - Running <TaskInstance: minio_upload_dag.upload_file_to_minio_0 manual__2024-06-13T19:48:47.001338+00:00 [running]> on host 40bbaf5cd7cf
[2024-06-13T19:50:34.257+0000] {taskinstance.py:2648} INFO - Exporting env vars: AIRFLOW_CTX_DAG_OWNER='***' AIRFLOW_CTX_DAG_ID='minio_upload_dag' AIRFLOW_CTX_TASK_ID='upload_file_to_minio_0' AIRFLOW_CTX_EXECUTION_DATE='2024-06-13T19:48:47.001338+00:00' AIRFLOW_CTX_TRY_NUMBER='2' AIRFLOW_CTX_DAG_RUN_ID='manual__2024-06-13T19:48:47.001338+00:00'
[2024-06-13T19:50:34.261+0000] {taskinstance.py:430} INFO - ::endgroup::
[2024-06-13T19:50:34.283+0000] {base.py:84} INFO - Using connection ID 'minio_s3_connection' for task execution.
[2024-06-13T19:50:34.285+0000] {connection_wrapper.py:384} INFO - AWS Connection (conn_id='minio_s3_connection', conn_type='aws') credentials retrieved from login and password.
[2024-06-13T19:50:35.144+0000] {taskinstance.py:441} INFO - ::group::Post task execution logs
[2024-06-13T19:50:35.147+0000] {taskinstance.py:2905} ERROR - Task failed with exception
Traceback (most recent call last):
  File "/home/airflow/.local/lib/python3.11/site-packages/boto3/s3/transfer.py", line 371, in upload_file
    future.result()
  File "/home/airflow/.local/lib/python3.11/site-packages/s3transfer/futures.py", line 103, in result
    return self._coordinator.result()
           ^^^^^^^^^^^^^^^^^^^^^^^^^^
  File "/home/airflow/.local/lib/python3.11/site-packages/s3transfer/futures.py", line 266, in result
    raise self._exception
  File "/home/airflow/.local/lib/python3.11/site-packages/s3transfer/tasks.py", line 139, in __call__
    return self._execute_main(kwargs)
           ^^^^^^^^^^^^^^^^^^^^^^^^^^
  File "/home/airflow/.local/lib/python3.11/site-packages/s3transfer/tasks.py", line 162, in _execute_main
    return_value = self._main(**kwargs)
                   ^^^^^^^^^^^^^^^^^^^^
  File "/home/airflow/.local/lib/python3.11/site-packages/s3transfer/upload.py", line 764, in _main
    client.put_object(Bucket=bucket, Key=key, Body=body, **extra_args)
  File "/home/airflow/.local/lib/python3.11/site-packages/botocore/client.py", line 565, in _api_call
    return self._make_api_call(operation_name, kwargs)
           ^^^^^^^^^^^^^^^^^^^^^^^^^^^^^^^^^^^^^^^^^^^
  File "/home/airflow/.local/lib/python3.11/site-packages/botocore/client.py", line 1021, in _make_api_call
    raise error_class(parsed_response, operation_name)
botocore.exceptions.ClientError: An error occurred (InvalidArgument) when calling the PutObject operation: S3 API Requests must be made to API port.

During handling of the above exception, another exception occurred:

Traceback (most recent call last):
  File "/home/airflow/.local/lib/python3.11/site-packages/airflow/models/taskinstance.py", line 465, in _execute_task
    result = _execute_callable(context=context, **execute_callable_kwargs)
             ^^^^^^^^^^^^^^^^^^^^^^^^^^^^^^^^^^^^^^^^^^^^^^^^^^^^^^^^^^^^^
  File "/home/airflow/.local/lib/python3.11/site-packages/airflow/models/taskinstance.py", line 432, in _execute_callable
    return execute_callable(context=context, **execute_callable_kwargs)
           ^^^^^^^^^^^^^^^^^^^^^^^^^^^^^^^^^^^^^^^^^^^^^^^^^^^^^^^^^^^^
  File "/home/airflow/.local/lib/python3.11/site-packages/airflow/models/baseoperator.py", line 401, in wrapper
    return func(self, *args, **kwargs)
           ^^^^^^^^^^^^^^^^^^^^^^^^^^^
  File "/home/airflow/.local/lib/python3.11/site-packages/airflow/operators/python.py", line 235, in execute
    return_value = self.execute_callable()
                   ^^^^^^^^^^^^^^^^^^^^^^^
  File "/home/airflow/.local/lib/python3.11/site-packages/airflow/operators/python.py", line 252, in execute_callable
    return self.python_callable(*self.op_args, **self.op_kwargs)
           ^^^^^^^^^^^^^^^^^^^^^^^^^^^^^^^^^^^^^^^^^^^^^^^^^^^^^
  File "/opt/airflow/dags/Upload_minio.py", line 31, in upload_to_minio
    hook.load_file(filename=file_path, key=object_name, bucket_name=bucket_name, replace=True)
  File "/home/airflow/.local/lib/python3.11/site-packages/airflow/providers/amazon/aws/hooks/s3.py", line 135, in wrapper
    return func(*bound_args.args, **bound_args.kwargs)
           ^^^^^^^^^^^^^^^^^^^^^^^^^^^^^^^^^^^^^^^^^^^
  File "/home/airflow/.local/lib/python3.11/site-packages/airflow/providers/amazon/aws/hooks/s3.py", line 89, in wrapper
    return func(*bound_args.args, **bound_args.kwargs)
           ^^^^^^^^^^^^^^^^^^^^^^^^^^^^^^^^^^^^^^^^^^^
  File "/home/airflow/.local/lib/python3.11/site-packages/airflow/providers/amazon/aws/hooks/s3.py", line 1098, in load_file
    client.upload_file(filename, bucket_name, key, ExtraArgs=extra_args, Config=self.transfer_config)
  File "/home/airflow/.local/lib/python3.11/site-packages/boto3/s3/inject.py", line 145, in upload_file
    return transfer.upload_file(
           ^^^^^^^^^^^^^^^^^^^^^
  File "/home/airflow/.local/lib/python3.11/site-packages/boto3/s3/transfer.py", line 377, in upload_file
    raise S3UploadFailedError(
boto3.exceptions.S3UploadFailedError: Failed to upload /opt/***/data/allstockprice.csv to data-lake/allstockprice.csv: An error occurred (InvalidArgument) when calling the PutObject operation: S3 API Requests must be made to API port.
[2024-06-13T19:50:35.171+0000] {taskinstance.py:1206} INFO - Marking task as FAILED. dag_id=minio_upload_dag, task_id=upload_file_to_minio_0, run_id=manual__2024-06-13T19:48:47.001338+00:00, execution_date=20240613T194847, start_date=20240613T195034, end_date=20240613T195035
[2024-06-13T19:50:35.196+0000] {standard_task_runner.py:110} ERROR - Failed to execute job 73 for task upload_file_to_minio_0 (Failed to upload /opt/***/data/allstockprice.csv to data-lake/allstockprice.csv: An error occurred (InvalidArgument) when calling the PutObject operation: S3 API Requests must be made to API port.; 1064)
[2024-06-13T19:50:35.236+0000] {local_task_job_runner.py:240} INFO - Task exited with return code 1
[2024-06-13T19:50:35.257+0000] {taskinstance.py:3503} INFO - 0 downstream tasks scheduled from follow-on schedule check
[2024-06-13T19:50:35.260+0000] {local_task_job_runner.py:222} INFO - ::endgroup::
