[2024-06-14T08:31:27.933+0000] {taskinstance.py:1157} INFO - Dependencies all met for dep_context=non-requeueable deps ti=<TaskInstance: Spark_dag.query_job manual__2024-06-14T08:31:26.631676+00:00 [queued]>
[2024-06-14T08:31:27.941+0000] {taskinstance.py:1157} INFO - Dependencies all met for dep_context=requeueable deps ti=<TaskInstance: Spark_dag.query_job manual__2024-06-14T08:31:26.631676+00:00 [queued]>
[2024-06-14T08:31:27.943+0000] {taskinstance.py:1359} INFO - Starting attempt 1 of 2
[2024-06-14T08:31:27.950+0000] {taskinstance.py:1380} INFO - Executing <Task(SparkSubmitOperator): query_job> on 2024-06-14 08:31:26.631676+00:00
[2024-06-14T08:31:27.957+0000] {standard_task_runner.py:57} INFO - Started process 1845 to run task
[2024-06-14T08:31:27.960+0000] {standard_task_runner.py:84} INFO - Running: ['***', 'tasks', 'run', 'Spark_dag', 'query_job', 'manual__2024-06-14T08:31:26.631676+00:00', '--job-id', '36', '--raw', '--subdir', 'DAGS_FOLDER/Spark_dag.py', '--cfg-path', '/tmp/tmpd4v47o1n']
[2024-06-14T08:31:27.969+0000] {standard_task_runner.py:85} INFO - Job 36: Subtask query_job
[2024-06-14T08:31:28.098+0000] {task_command.py:415} INFO - Running <TaskInstance: Spark_dag.query_job manual__2024-06-14T08:31:26.631676+00:00 [running]> on host 963b3fbfa4c9
[2024-06-14T08:31:28.224+0000] {taskinstance.py:1660} INFO - Exporting env vars: AIRFLOW_CTX_DAG_OWNER='***' AIRFLOW_CTX_DAG_ID='Spark_dag' AIRFLOW_CTX_TASK_ID='query_job' AIRFLOW_CTX_EXECUTION_DATE='2024-06-14T08:31:26.631676+00:00' AIRFLOW_CTX_TRY_NUMBER='1' AIRFLOW_CTX_DAG_RUN_ID='manual__2024-06-14T08:31:26.631676+00:00'
[2024-06-14T08:31:28.241+0000] {base.py:73} INFO - Using connection ID 'Spark_connection' for task execution.
[2024-06-14T08:31:28.244+0000] {spark_submit.py:401} INFO - Spark-Submit cmd: spark-submit --master spark://spark-master:7077 --conf spark.driver.memory=1g --conf spark.executor.memory=1g --conf spark.executor.instances=1 --name arrow-spark --deploy-mode client jobs/python/pyspark_test.py
[2024-06-14T08:31:28.402+0000] {spark_submit.py:571} INFO - /home/***/.local/lib/python3.9/site-packages/pyspark/bin/load-spark-env.sh: line 68: ps: command not found
[2024-06-14T08:31:30.908+0000] {spark_submit.py:571} INFO - 24/06/14 08:31:30 INFO SparkContext: Running Spark version 3.4.0
[2024-06-14T08:31:30.973+0000] {spark_submit.py:571} INFO - 24/06/14 08:31:30 WARN NativeCodeLoader: Unable to load native-hadoop library for your platform... using builtin-java classes where applicable
[2024-06-14T08:31:31.077+0000] {spark_submit.py:571} INFO - 24/06/14 08:31:31 INFO ResourceUtils: ==============================================================
[2024-06-14T08:31:31.078+0000] {spark_submit.py:571} INFO - 24/06/14 08:31:31 INFO ResourceUtils: No custom resources configured for spark.driver.
[2024-06-14T08:31:31.080+0000] {spark_submit.py:571} INFO - 24/06/14 08:31:31 INFO ResourceUtils: ==============================================================
[2024-06-14T08:31:31.082+0000] {spark_submit.py:571} INFO - 24/06/14 08:31:31 INFO SparkContext: Submitted application: HelloWorld
[2024-06-14T08:31:31.097+0000] {spark_submit.py:571} INFO - 24/06/14 08:31:31 INFO ResourceProfile: Default ResourceProfile created, executor resources: Map(memory -> name: memory, amount: 1024, script: , vendor: , offHeap -> name: offHeap, amount: 0, script: , vendor: ), task resources: Map(cpus -> name: cpus, amount: 1.0)
[2024-06-14T08:31:31.108+0000] {spark_submit.py:571} INFO - 24/06/14 08:31:31 INFO ResourceProfile: Limiting resource is cpu
[2024-06-14T08:31:31.114+0000] {spark_submit.py:571} INFO - 24/06/14 08:31:31 INFO ResourceProfileManager: Added ResourceProfile id: 0
[2024-06-14T08:31:31.203+0000] {spark_submit.py:571} INFO - 24/06/14 08:31:31 INFO SecurityManager: Changing view acls to: ***
[2024-06-14T08:31:31.205+0000] {spark_submit.py:571} INFO - 24/06/14 08:31:31 INFO SecurityManager: Changing modify acls to: ***
[2024-06-14T08:31:31.206+0000] {spark_submit.py:571} INFO - 24/06/14 08:31:31 INFO SecurityManager: Changing view acls groups to:
[2024-06-14T08:31:31.207+0000] {spark_submit.py:571} INFO - 24/06/14 08:31:31 INFO SecurityManager: Changing modify acls groups to:
[2024-06-14T08:31:31.209+0000] {spark_submit.py:571} INFO - 24/06/14 08:31:31 INFO SecurityManager: SecurityManager: authentication disabled; ui acls disabled; users with view permissions: ***; groups with view permissions: EMPTY; users with modify permissions: ***; groups with modify permissions: EMPTY
[2024-06-14T08:31:31.438+0000] {spark_submit.py:571} INFO - 24/06/14 08:31:31 INFO Utils: Successfully started service 'sparkDriver' on port 37421.
[2024-06-14T08:31:31.470+0000] {spark_submit.py:571} INFO - 24/06/14 08:31:31 INFO SparkEnv: Registering MapOutputTracker
[2024-06-14T08:31:31.517+0000] {spark_submit.py:571} INFO - 24/06/14 08:31:31 INFO SparkEnv: Registering BlockManagerMaster
[2024-06-14T08:31:31.539+0000] {spark_submit.py:571} INFO - 24/06/14 08:31:31 INFO BlockManagerMasterEndpoint: Using org.apache.spark.storage.DefaultTopologyMapper for getting topology information
[2024-06-14T08:31:31.540+0000] {spark_submit.py:571} INFO - 24/06/14 08:31:31 INFO BlockManagerMasterEndpoint: BlockManagerMasterEndpoint up
[2024-06-14T08:31:31.542+0000] {spark_submit.py:571} INFO - 24/06/14 08:31:31 INFO SparkEnv: Registering BlockManagerMasterHeartbeat
[2024-06-14T08:31:31.559+0000] {spark_submit.py:571} INFO - 24/06/14 08:31:31 INFO DiskBlockManager: Created local directory at /tmp/blockmgr-b683510b-4328-47d5-a8bf-36a3f5f9f99d
[2024-06-14T08:31:31.571+0000] {spark_submit.py:571} INFO - 24/06/14 08:31:31 INFO MemoryStore: MemoryStore started with capacity 434.4 MiB
[2024-06-14T08:31:31.581+0000] {spark_submit.py:571} INFO - 24/06/14 08:31:31 INFO SparkEnv: Registering OutputCommitCoordinator
[2024-06-14T08:31:31.712+0000] {spark_submit.py:571} INFO - 24/06/14 08:31:31 INFO JettyUtils: Start Jetty 0.0.0.0:4040 for SparkUI
[2024-06-14T08:31:31.766+0000] {spark_submit.py:571} INFO - 24/06/14 08:31:31 INFO Utils: Successfully started service 'SparkUI' on port 4040.
[2024-06-14T08:31:31.884+0000] {spark_submit.py:571} INFO - 24/06/14 08:31:31 INFO StandaloneAppClient$ClientEndpoint: Connecting to master spark://spark-master:7077...
[2024-06-14T08:31:31.936+0000] {spark_submit.py:571} INFO - 24/06/14 08:31:31 INFO TransportClientFactory: Successfully created connection to spark-master/172.18.0.3:7077 after 22 ms (0 ms spent in bootstraps)
[2024-06-14T08:31:32.279+0000] {spark_submit.py:571} INFO - 24/06/14 08:31:32 INFO StandaloneSchedulerBackend: Connected to Spark cluster with app ID app-20240614083132-0001
[2024-06-14T08:31:32.289+0000] {spark_submit.py:571} INFO - 24/06/14 08:31:32 INFO Utils: Successfully started service 'org.apache.spark.network.netty.NettyBlockTransferService' on port 38937.
[2024-06-14T08:31:32.291+0000] {spark_submit.py:571} INFO - 24/06/14 08:31:32 INFO NettyBlockTransferService: Server created on 963b3fbfa4c9:38937
[2024-06-14T08:31:32.293+0000] {spark_submit.py:571} INFO - 24/06/14 08:31:32 INFO BlockManager: Using org.apache.spark.storage.RandomBlockReplicationPolicy for block replication policy
[2024-06-14T08:31:32.300+0000] {spark_submit.py:571} INFO - 24/06/14 08:31:32 INFO BlockManagerMaster: Registering BlockManager BlockManagerId(driver, 963b3fbfa4c9, 38937, None)
[2024-06-14T08:31:32.303+0000] {spark_submit.py:571} INFO - 24/06/14 08:31:32 INFO BlockManagerMasterEndpoint: Registering block manager 963b3fbfa4c9:38937 with 434.4 MiB RAM, BlockManagerId(driver, 963b3fbfa4c9, 38937, None)
[2024-06-14T08:31:32.306+0000] {spark_submit.py:571} INFO - 24/06/14 08:31:32 INFO BlockManagerMaster: Registered BlockManager BlockManagerId(driver, 963b3fbfa4c9, 38937, None)
[2024-06-14T08:31:32.306+0000] {spark_submit.py:571} INFO - 24/06/14 08:31:32 INFO BlockManager: Initialized BlockManager: BlockManagerId(driver, 963b3fbfa4c9, 38937, None)
[2024-06-14T08:31:32.325+0000] {spark_submit.py:571} INFO - 24/06/14 08:31:32 INFO StandaloneAppClient$ClientEndpoint: Executor added: app-20240614083132-0001/0 on worker-20240614074744-172.18.0.5-36477 (172.18.0.5:36477) with 2 core(s)
[2024-06-14T08:31:32.327+0000] {spark_submit.py:571} INFO - 24/06/14 08:31:32 INFO StandaloneSchedulerBackend: Granted executor ID app-20240614083132-0001/0 on hostPort 172.18.0.5:36477 with 2 core(s), 1024.0 MiB RAM
[2024-06-14T08:31:32.537+0000] {spark_submit.py:571} INFO - 24/06/14 08:31:32 INFO StandaloneSchedulerBackend: SchedulerBackend is ready for scheduling beginning after reached minRegisteredResourcesRatio: 0.0
[2024-06-14T08:31:32.704+0000] {spark_submit.py:571} INFO - Spark version: 3.4.0
[2024-06-14T08:31:33.146+0000] {spark_submit.py:571} INFO - 24/06/14 08:31:33 INFO StandaloneAppClient$ClientEndpoint: Executor updated: app-20240614083132-0001/0 is now RUNNING
[2024-06-14T08:31:33.283+0000] {spark_submit.py:571} INFO - 24/06/14 08:31:33 INFO SharedState: Setting hive.metastore.warehouse.dir ('null') to the value of spark.sql.warehouse.dir.
[2024-06-14T08:31:33.326+0000] {spark_submit.py:571} INFO - 24/06/14 08:31:33 INFO SharedState: Warehouse path is 'file:/opt/***/spark-warehouse'.
[2024-06-14T08:31:42.382+0000] {spark_submit.py:571} INFO - 24/06/14 08:31:42 INFO StandaloneSchedulerBackend$StandaloneDriverEndpoint: Registered executor NettyRpcEndpointRef(spark-client://Executor) (172.18.0.5:58348) with ID 0,  ResourceProfileId 0
[2024-06-14T08:31:42.533+0000] {spark_submit.py:571} INFO - 24/06/14 08:31:42 INFO BlockManagerMasterEndpoint: Registering block manager 172.18.0.5:40263 with 434.4 MiB RAM, BlockManagerId(0, 172.18.0.5, 40263, None)
[2024-06-14T08:31:44.467+0000] {spark_submit.py:571} INFO - 24/06/14 08:31:44 INFO CodeGenerator: Code generated in 1479.782334 ms
[2024-06-14T08:31:44.822+0000] {spark_submit.py:571} INFO - 24/06/14 08:31:44 INFO SparkContext: Starting job: showString at NativeMethodAccessorImpl.java:0
[2024-06-14T08:31:44.890+0000] {spark_submit.py:571} INFO - 24/06/14 08:31:44 INFO DAGScheduler: Got job 0 (showString at NativeMethodAccessorImpl.java:0) with 1 output partitions
[2024-06-14T08:31:44.892+0000] {spark_submit.py:571} INFO - 24/06/14 08:31:44 INFO DAGScheduler: Final stage: ResultStage 0 (showString at NativeMethodAccessorImpl.java:0)
[2024-06-14T08:31:44.904+0000] {spark_submit.py:571} INFO - 24/06/14 08:31:44 INFO DAGScheduler: Parents of final stage: List()
[2024-06-14T08:31:44.907+0000] {spark_submit.py:571} INFO - 24/06/14 08:31:44 INFO DAGScheduler: Missing parents: List()
[2024-06-14T08:31:44.911+0000] {spark_submit.py:571} INFO - 24/06/14 08:31:44 INFO DAGScheduler: Submitting ResultStage 0 (MapPartitionsRDD[6] at showString at NativeMethodAccessorImpl.java:0), which has no missing parents
[2024-06-14T08:31:45.559+0000] {spark_submit.py:571} INFO - 24/06/14 08:31:45 INFO MemoryStore: Block broadcast_0 stored as values in memory (estimated size 12.4 KiB, free 434.4 MiB)
[2024-06-14T08:31:46.109+0000] {spark_submit.py:571} INFO - 24/06/14 08:31:46 INFO MemoryStore: Block broadcast_0_piece0 stored as bytes in memory (estimated size 6.6 KiB, free 434.4 MiB)
[2024-06-14T08:31:46.127+0000] {spark_submit.py:571} INFO - 24/06/14 08:31:46 INFO BlockManagerInfo: Added broadcast_0_piece0 in memory on 963b3fbfa4c9:38937 (size: 6.6 KiB, free: 434.4 MiB)
[2024-06-14T08:31:46.145+0000] {spark_submit.py:571} INFO - 24/06/14 08:31:46 INFO SparkContext: Created broadcast 0 from broadcast at DAGScheduler.scala:1535
[2024-06-14T08:31:46.274+0000] {spark_submit.py:571} INFO - 24/06/14 08:31:46 INFO DAGScheduler: Submitting 1 missing tasks from ResultStage 0 (MapPartitionsRDD[6] at showString at NativeMethodAccessorImpl.java:0) (first 15 tasks are for partitions Vector(0))
[2024-06-14T08:31:46.297+0000] {spark_submit.py:571} INFO - 24/06/14 08:31:46 INFO TaskSchedulerImpl: Adding task set 0.0 with 1 tasks resource profile 0
[2024-06-14T08:31:46.550+0000] {spark_submit.py:571} INFO - 24/06/14 08:31:46 INFO TaskSetManager: Starting task 0.0 in stage 0.0 (TID 0) (172.18.0.5, executor 0, partition 0, PROCESS_LOCAL, 7384 bytes)
[2024-06-14T08:31:47.760+0000] {spark_submit.py:571} INFO - 24/06/14 08:31:47 INFO BlockManagerInfo: Added broadcast_0_piece0 in memory on 172.18.0.5:40263 (size: 6.6 KiB, free: 434.4 MiB)
[2024-06-14T08:31:50.975+0000] {spark_submit.py:571} INFO - 24/06/14 08:31:50 INFO TaskSetManager: Finished task 0.0 in stage 0.0 (TID 0) in 4497 ms on 172.18.0.5 (executor 0) (1/1)
[2024-06-14T08:31:50.981+0000] {spark_submit.py:571} INFO - 24/06/14 08:31:50 INFO TaskSchedulerImpl: Removed TaskSet 0.0, whose tasks have all completed, from pool
[2024-06-14T08:31:51.004+0000] {spark_submit.py:571} INFO - 24/06/14 08:31:51 INFO PythonAccumulatorV2: Connected to AccumulatorServer at host: 127.0.0.1 port: 42035
[2024-06-14T08:31:51.033+0000] {spark_submit.py:571} INFO - 24/06/14 08:31:51 INFO DAGScheduler: ResultStage 0 (showString at NativeMethodAccessorImpl.java:0) finished in 6.007 s
[2024-06-14T08:31:51.040+0000] {spark_submit.py:571} INFO - 24/06/14 08:31:51 INFO DAGScheduler: Job 0 is finished. Cancelling potential speculative or zombie tasks for this job
[2024-06-14T08:31:51.043+0000] {spark_submit.py:571} INFO - 24/06/14 08:31:51 INFO TaskSchedulerImpl: Killing all running tasks in stage 0: Stage finished
[2024-06-14T08:31:51.047+0000] {spark_submit.py:571} INFO - 24/06/14 08:31:51 INFO DAGScheduler: Job 0 finished: showString at NativeMethodAccessorImpl.java:0, took 6.223373 s
[2024-06-14T08:31:51.100+0000] {spark_submit.py:571} INFO - 24/06/14 08:31:51 INFO SparkContext: Starting job: showString at NativeMethodAccessorImpl.java:0
[2024-06-14T08:31:51.103+0000] {spark_submit.py:571} INFO - 24/06/14 08:31:51 INFO DAGScheduler: Got job 1 (showString at NativeMethodAccessorImpl.java:0) with 1 output partitions
[2024-06-14T08:31:51.105+0000] {spark_submit.py:571} INFO - 24/06/14 08:31:51 INFO DAGScheduler: Final stage: ResultStage 1 (showString at NativeMethodAccessorImpl.java:0)
[2024-06-14T08:31:51.107+0000] {spark_submit.py:571} INFO - 24/06/14 08:31:51 INFO DAGScheduler: Parents of final stage: List()
[2024-06-14T08:31:51.109+0000] {spark_submit.py:571} INFO - 24/06/14 08:31:51 INFO DAGScheduler: Missing parents: List()
[2024-06-14T08:31:51.111+0000] {spark_submit.py:571} INFO - 24/06/14 08:31:51 INFO DAGScheduler: Submitting ResultStage 1 (MapPartitionsRDD[6] at showString at NativeMethodAccessorImpl.java:0), which has no missing parents
[2024-06-14T08:31:51.122+0000] {spark_submit.py:571} INFO - 24/06/14 08:31:51 INFO MemoryStore: Block broadcast_1 stored as values in memory (estimated size 12.4 KiB, free 434.4 MiB)
[2024-06-14T08:31:51.186+0000] {spark_submit.py:571} INFO - 24/06/14 08:31:51 INFO MemoryStore: Block broadcast_1_piece0 stored as bytes in memory (estimated size 6.6 KiB, free 434.4 MiB)
[2024-06-14T08:31:51.189+0000] {spark_submit.py:571} INFO - 24/06/14 08:31:51 INFO BlockManagerInfo: Added broadcast_1_piece0 in memory on 963b3fbfa4c9:38937 (size: 6.6 KiB, free: 434.4 MiB)
[2024-06-14T08:31:51.190+0000] {spark_submit.py:571} INFO - 24/06/14 08:31:51 INFO SparkContext: Created broadcast 1 from broadcast at DAGScheduler.scala:1535
[2024-06-14T08:31:51.192+0000] {spark_submit.py:571} INFO - 24/06/14 08:31:51 INFO DAGScheduler: Submitting 1 missing tasks from ResultStage 1 (MapPartitionsRDD[6] at showString at NativeMethodAccessorImpl.java:0) (first 15 tasks are for partitions Vector(1))
[2024-06-14T08:31:51.196+0000] {spark_submit.py:571} INFO - 24/06/14 08:31:51 INFO TaskSchedulerImpl: Adding task set 1.0 with 1 tasks resource profile 0
[2024-06-14T08:31:51.202+0000] {spark_submit.py:571} INFO - 24/06/14 08:31:51 INFO TaskSetManager: Starting task 0.0 in stage 1.0 (TID 1) (172.18.0.5, executor 0, partition 1, PROCESS_LOCAL, 7417 bytes)
[2024-06-14T08:31:51.261+0000] {spark_submit.py:571} INFO - 24/06/14 08:31:51 INFO BlockManagerInfo: Added broadcast_1_piece0 in memory on 172.18.0.5:40263 (size: 6.6 KiB, free: 434.4 MiB)
[2024-06-14T08:31:51.394+0000] {spark_submit.py:571} INFO - 24/06/14 08:31:51 INFO TaskSetManager: Finished task 0.0 in stage 1.0 (TID 1) in 193 ms on 172.18.0.5 (executor 0) (1/1)
[2024-06-14T08:31:51.396+0000] {spark_submit.py:571} INFO - 24/06/14 08:31:51 INFO TaskSchedulerImpl: Removed TaskSet 1.0, whose tasks have all completed, from pool
[2024-06-14T08:31:51.398+0000] {spark_submit.py:571} INFO - 24/06/14 08:31:51 INFO DAGScheduler: ResultStage 1 (showString at NativeMethodAccessorImpl.java:0) finished in 0.288 s
[2024-06-14T08:31:51.400+0000] {spark_submit.py:571} INFO - 24/06/14 08:31:51 INFO DAGScheduler: Job 1 is finished. Cancelling potential speculative or zombie tasks for this job
[2024-06-14T08:31:51.401+0000] {spark_submit.py:571} INFO - 24/06/14 08:31:51 INFO TaskSchedulerImpl: Killing all running tasks in stage 1: Stage finished
[2024-06-14T08:31:51.402+0000] {spark_submit.py:571} INFO - 24/06/14 08:31:51 INFO DAGScheduler: Job 1 finished: showString at NativeMethodAccessorImpl.java:0, took 0.297189 s
[2024-06-14T08:31:51.489+0000] {spark_submit.py:571} INFO - 24/06/14 08:31:51 INFO CodeGenerator: Code generated in 32.570375 ms
[2024-06-14T08:31:51.524+0000] {spark_submit.py:571} INFO - +-----+-----+
[2024-06-14T08:31:51.527+0000] {spark_submit.py:571} INFO - | word|count|
[2024-06-14T08:31:51.528+0000] {spark_submit.py:571} INFO - +-----+-----+
[2024-06-14T08:31:51.529+0000] {spark_submit.py:571} INFO - |Hello|    1|
[2024-06-14T08:31:51.531+0000] {spark_submit.py:571} INFO - |World|    2|
[2024-06-14T08:31:51.535+0000] {spark_submit.py:571} INFO - |    !|    3|
[2024-06-14T08:31:51.538+0000] {spark_submit.py:571} INFO - +-----+-----+
[2024-06-14T08:31:51.541+0000] {spark_submit.py:571} INFO - 
[2024-06-14T08:31:51.542+0000] {spark_submit.py:571} INFO - 24/06/14 08:31:51 INFO SparkContext: SparkContext is stopping with exitCode 0.
[2024-06-14T08:31:51.572+0000] {spark_submit.py:571} INFO - 24/06/14 08:31:51 INFO SparkUI: Stopped Spark web UI at http://963b3fbfa4c9:4040
[2024-06-14T08:31:51.585+0000] {spark_submit.py:571} INFO - 24/06/14 08:31:51 INFO StandaloneSchedulerBackend: Shutting down all executors
[2024-06-14T08:31:51.588+0000] {spark_submit.py:571} INFO - 24/06/14 08:31:51 INFO StandaloneSchedulerBackend$StandaloneDriverEndpoint: Asking each executor to shut down
[2024-06-14T08:31:51.646+0000] {spark_submit.py:571} INFO - 24/06/14 08:31:51 INFO MapOutputTrackerMasterEndpoint: MapOutputTrackerMasterEndpoint stopped!
[2024-06-14T08:31:51.721+0000] {spark_submit.py:571} INFO - 24/06/14 08:31:51 INFO MemoryStore: MemoryStore cleared
[2024-06-14T08:31:51.726+0000] {spark_submit.py:571} INFO - 24/06/14 08:31:51 INFO BlockManager: BlockManager stopped
[2024-06-14T08:31:51.734+0000] {spark_submit.py:571} INFO - 24/06/14 08:31:51 INFO BlockManagerMaster: BlockManagerMaster stopped
[2024-06-14T08:31:51.736+0000] {spark_submit.py:571} INFO - 24/06/14 08:31:51 INFO OutputCommitCoordinator$OutputCommitCoordinatorEndpoint: OutputCommitCoordinator stopped!
[2024-06-14T08:31:51.798+0000] {spark_submit.py:571} INFO - 24/06/14 08:31:51 INFO SparkContext: Successfully stopped SparkContext
[2024-06-14T08:31:52.752+0000] {spark_submit.py:571} INFO - 24/06/14 08:31:52 INFO ShutdownHookManager: Shutdown hook called
[2024-06-14T08:31:52.757+0000] {spark_submit.py:571} INFO - 24/06/14 08:31:52 INFO ShutdownHookManager: Deleting directory /tmp/spark-795a24d7-d89c-4f11-bc00-3c78b1a4d5dc/pyspark-5fe956e9-6189-472a-aa15-074eeecdce5c
[2024-06-14T08:31:52.765+0000] {spark_submit.py:571} INFO - 24/06/14 08:31:52 INFO ShutdownHookManager: Deleting directory /tmp/spark-1639af45-e7e4-4646-9223-f5559be4606b
[2024-06-14T08:31:52.780+0000] {spark_submit.py:571} INFO - 24/06/14 08:31:52 INFO ShutdownHookManager: Deleting directory /tmp/spark-795a24d7-d89c-4f11-bc00-3c78b1a4d5dc
[2024-06-14T08:31:53.048+0000] {taskinstance.py:1398} INFO - Marking task as SUCCESS. dag_id=Spark_dag, task_id=query_job, execution_date=20240614T083126, start_date=20240614T083127, end_date=20240614T083153
[2024-06-14T08:31:53.155+0000] {local_task_job_runner.py:228} INFO - Task exited with return code 0
[2024-06-14T08:31:53.242+0000] {taskinstance.py:2776} INFO - 0 downstream tasks scheduled from follow-on schedule check
