[2024-06-14T11:39:01.476+0000] {taskinstance.py:1157} INFO - Dependencies all met for dep_context=non-requeueable deps ti=<TaskInstance: spark_minio_example.spark_submit_task manual__2024-06-14T11:38:59.178933+00:00 [queued]>
[2024-06-14T11:39:01.486+0000] {taskinstance.py:1157} INFO - Dependencies all met for dep_context=requeueable deps ti=<TaskInstance: spark_minio_example.spark_submit_task manual__2024-06-14T11:38:59.178933+00:00 [queued]>
[2024-06-14T11:39:01.488+0000] {taskinstance.py:1359} INFO - Starting attempt 1 of 1
[2024-06-14T11:39:01.503+0000] {taskinstance.py:1380} INFO - Executing <Task(SparkSubmitOperator): spark_submit_task> on 2024-06-14 11:38:59.178933+00:00
[2024-06-14T11:39:01.527+0000] {standard_task_runner.py:57} INFO - Started process 8538 to run task
[2024-06-14T11:39:01.537+0000] {standard_task_runner.py:84} INFO - Running: ['***', 'tasks', 'run', 'spark_minio_example', 'spark_submit_task', 'manual__2024-06-14T11:38:59.178933+00:00', '--job-id', '63', '--raw', '--subdir', 'DAGS_FOLDER/simple_spark_dag.py', '--cfg-path', '/tmp/tmpl1u3g5bo']
[2024-06-14T11:39:01.548+0000] {standard_task_runner.py:85} INFO - Job 63: Subtask spark_submit_task
[2024-06-14T11:39:01.682+0000] {task_command.py:415} INFO - Running <TaskInstance: spark_minio_example.spark_submit_task manual__2024-06-14T11:38:59.178933+00:00 [running]> on host 963b3fbfa4c9
[2024-06-14T11:39:02.047+0000] {taskinstance.py:1660} INFO - Exporting env vars: AIRFLOW_CTX_DAG_OWNER='***' AIRFLOW_CTX_DAG_ID='spark_minio_example' AIRFLOW_CTX_TASK_ID='spark_submit_task' AIRFLOW_CTX_EXECUTION_DATE='2024-06-14T11:38:59.178933+00:00' AIRFLOW_CTX_TRY_NUMBER='1' AIRFLOW_CTX_DAG_RUN_ID='manual__2024-06-14T11:38:59.178933+00:00'
[2024-06-14T11:39:02.070+0000] {base.py:73} INFO - Using connection ID 'Spark_connection' for task execution.
[2024-06-14T11:39:02.073+0000] {spark_submit.py:401} INFO - Spark-Submit cmd: spark-submit --master spark://spark-master:7077 --conf spark.hadoop.fs.s3a.endpoint=http://minio:9000 --conf spark.hadoop.fs.s3a.access.key=khaiVDT2024 --conf spark.hadoop.fs.s3a.secret.key=****** --conf spark.hadoop.fs.s3a.path.style.access=true --name spark_minio_job --deploy-mode client /opt/***/jobs/pyspark_test.py
[2024-06-14T11:39:02.400+0000] {spark_submit.py:571} INFO - /home/***/.local/lib/python3.9/site-packages/pyspark/bin/load-spark-env.sh: line 68: ps: command not found
[2024-06-14T11:39:05.360+0000] {spark_submit.py:571} INFO - python3: can't open file '/opt/***/jobs/pyspark_test.py': [Errno 2] No such file or directory
[2024-06-14T11:39:05.385+0000] {spark_submit.py:571} INFO - 24/06/14 11:39:05 INFO ShutdownHookManager: Shutdown hook called
[2024-06-14T11:39:05.389+0000] {spark_submit.py:571} INFO - 24/06/14 11:39:05 INFO ShutdownHookManager: Deleting directory /tmp/spark-424c972d-d90f-4905-8532-22ab16ac3399
[2024-06-14T11:39:05.506+0000] {taskinstance.py:1935} ERROR - Task failed with exception
Traceback (most recent call last):
  File "/home/airflow/.local/lib/python3.9/site-packages/airflow/providers/apache/spark/operators/spark_submit.py", line 174, in execute
    self._hook.submit(self.application)
  File "/home/airflow/.local/lib/python3.9/site-packages/airflow/providers/apache/spark/hooks/spark_submit.py", line 502, in submit
    raise AirflowException(
airflow.exceptions.AirflowException: Cannot execute: spark-submit --master spark://spark-master:7077 --conf spark.hadoop.fs.s3a.endpoint=http://minio:9000 --conf spark.hadoop.fs.s3a.access.key=khaiVDT2024 --conf spark.hadoop.fs.s3a.secret.key=****** --conf spark.hadoop.fs.s3a.path.style.access=true --name spark_minio_job --deploy-mode client /opt/***/jobs/pyspark_test.py. Error code is: 2.
[2024-06-14T11:39:05.527+0000] {taskinstance.py:1398} INFO - Marking task as FAILED. dag_id=spark_minio_example, task_id=spark_submit_task, execution_date=20240614T113859, start_date=20240614T113901, end_date=20240614T113905
[2024-06-14T11:39:05.557+0000] {standard_task_runner.py:104} ERROR - Failed to execute job 63 for task spark_submit_task (Cannot execute: spark-submit --master spark://spark-master:7077 --conf spark.hadoop.fs.s3a.endpoint=http://minio:9000 --conf spark.hadoop.fs.s3a.access.key=khaiVDT2024 --conf spark.hadoop.fs.s3a.secret.key=****** --conf spark.hadoop.fs.s3a.path.style.access=true --name spark_minio_job --deploy-mode client /opt/***/jobs/pyspark_test.py. Error code is: 2.; 8538)
[2024-06-14T11:39:05.623+0000] {local_task_job_runner.py:228} INFO - Task exited with return code 1
[2024-06-14T11:39:05.702+0000] {taskinstance.py:2776} INFO - 0 downstream tasks scheduled from follow-on schedule check
