[2024-06-14T11:06:08.152+0000] {taskinstance.py:1157} INFO - Dependencies all met for dep_context=non-requeueable deps ti=<TaskInstance: local_to_spark.spark_query_csv manual__2024-06-14T11:06:05.047508+00:00 [queued]>
[2024-06-14T11:06:08.159+0000] {taskinstance.py:1157} INFO - Dependencies all met for dep_context=requeueable deps ti=<TaskInstance: local_to_spark.spark_query_csv manual__2024-06-14T11:06:05.047508+00:00 [queued]>
[2024-06-14T11:06:08.160+0000] {taskinstance.py:1359} INFO - Starting attempt 1 of 1
[2024-06-14T11:06:08.168+0000] {taskinstance.py:1380} INFO - Executing <Task(SparkSubmitOperator): spark_query_csv> on 2024-06-14 11:06:05.047508+00:00
[2024-06-14T11:06:08.182+0000] {standard_task_runner.py:57} INFO - Started process 6902 to run task
[2024-06-14T11:06:08.227+0000] {standard_task_runner.py:84} INFO - Running: ['***', 'tasks', 'run', 'local_to_spark', 'spark_query_csv', 'manual__2024-06-14T11:06:05.047508+00:00', '--job-id', '56', '--raw', '--subdir', 'DAGS_FOLDER/test_spark_dag.py', '--cfg-path', '/tmp/tmpybfoezug']
[2024-06-14T11:06:08.258+0000] {standard_task_runner.py:85} INFO - Job 56: Subtask spark_query_csv
[2024-06-14T11:06:08.535+0000] {task_command.py:415} INFO - Running <TaskInstance: local_to_spark.spark_query_csv manual__2024-06-14T11:06:05.047508+00:00 [running]> on host 963b3fbfa4c9
[2024-06-14T11:06:08.735+0000] {taskinstance.py:1660} INFO - Exporting env vars: AIRFLOW_CTX_DAG_OWNER='***' AIRFLOW_CTX_DAG_ID='local_to_spark' AIRFLOW_CTX_TASK_ID='spark_query_csv' AIRFLOW_CTX_EXECUTION_DATE='2024-06-14T11:06:05.047508+00:00' AIRFLOW_CTX_TRY_NUMBER='1' AIRFLOW_CTX_DAG_RUN_ID='manual__2024-06-14T11:06:05.047508+00:00'
[2024-06-14T11:06:08.762+0000] {base.py:73} INFO - Using connection ID 'Spark_connection' for task execution.
[2024-06-14T11:06:08.765+0000] {spark_submit.py:401} INFO - Spark-Submit cmd: spark-submit --master spark://spark-master:7077 --conf spark.master=spark://spark-master:7077 --name local_csv_query --deploy-mode client  /Data/allstockprice.csv
[2024-06-14T11:06:09.088+0000] {spark_submit.py:571} INFO - /home/***/.local/lib/python3.9/site-packages/pyspark/bin/load-spark-env.sh: line 68: ps: command not found
[2024-06-14T11:06:17.021+0000] {spark_submit.py:571} INFO - 24/06/14 11:06:17 WARN NativeCodeLoader: Unable to load native-hadoop library for your platform... using builtin-java classes where applicable
[2024-06-14T11:06:17.838+0000] {spark_submit.py:571} INFO - Exception in thread "main" org.apache.spark.SparkException: Failed to get main class in JAR with error '/opt/*** (Is a directory)'.  Please specify one with --class.
[2024-06-14T11:06:17.840+0000] {spark_submit.py:571} INFO - at org.apache.spark.deploy.SparkSubmit.error(SparkSubmit.scala:1038)
[2024-06-14T11:06:17.842+0000] {spark_submit.py:571} INFO - at org.apache.spark.deploy.SparkSubmit.prepareSubmitEnvironment(SparkSubmit.scala:524)
[2024-06-14T11:06:17.845+0000] {spark_submit.py:571} INFO - at org.apache.spark.deploy.SparkSubmit.org$apache$spark$deploy$SparkSubmit$$runMain(SparkSubmit.scala:955)
[2024-06-14T11:06:17.846+0000] {spark_submit.py:571} INFO - at org.apache.spark.deploy.SparkSubmit.doRunMain$1(SparkSubmit.scala:192)
[2024-06-14T11:06:17.848+0000] {spark_submit.py:571} INFO - at org.apache.spark.deploy.SparkSubmit.submit(SparkSubmit.scala:215)
[2024-06-14T11:06:17.848+0000] {spark_submit.py:571} INFO - at org.apache.spark.deploy.SparkSubmit.doSubmit(SparkSubmit.scala:91)
[2024-06-14T11:06:17.849+0000] {spark_submit.py:571} INFO - at org.apache.spark.deploy.SparkSubmit$$anon$2.doSubmit(SparkSubmit.scala:1111)
[2024-06-14T11:06:17.851+0000] {spark_submit.py:571} INFO - at org.apache.spark.deploy.SparkSubmit$.main(SparkSubmit.scala:1120)
[2024-06-14T11:06:17.852+0000] {spark_submit.py:571} INFO - at org.apache.spark.deploy.SparkSubmit.main(SparkSubmit.scala)
[2024-06-14T11:06:18.031+0000] {taskinstance.py:1935} ERROR - Task failed with exception
Traceback (most recent call last):
  File "/home/airflow/.local/lib/python3.9/site-packages/airflow/providers/apache/spark/operators/spark_submit.py", line 174, in execute
    self._hook.submit(self.application)
  File "/home/airflow/.local/lib/python3.9/site-packages/airflow/providers/apache/spark/hooks/spark_submit.py", line 502, in submit
    raise AirflowException(
airflow.exceptions.AirflowException: Cannot execute: spark-submit --master spark://spark-master:7077 --conf spark.master=spark://spark-master:7077 --name local_csv_query --deploy-mode client  /Data/allstockprice.csv. Error code is: 1.
[2024-06-14T11:06:18.043+0000] {taskinstance.py:1398} INFO - Marking task as FAILED. dag_id=local_to_spark, task_id=spark_query_csv, execution_date=20240614T110605, start_date=20240614T110608, end_date=20240614T110618
[2024-06-14T11:06:18.058+0000] {standard_task_runner.py:104} ERROR - Failed to execute job 56 for task spark_query_csv (Cannot execute: spark-submit --master spark://spark-master:7077 --conf spark.master=spark://spark-master:7077 --name local_csv_query --deploy-mode client  /Data/allstockprice.csv. Error code is: 1.; 6902)
[2024-06-14T11:06:18.093+0000] {local_task_job_runner.py:228} INFO - Task exited with return code 1
[2024-06-14T11:06:18.130+0000] {taskinstance.py:2776} INFO - 0 downstream tasks scheduled from follow-on schedule check
