[2024-06-14T09:34:08.927+0000] {taskinstance.py:1157} INFO - Dependencies all met for dep_context=non-requeueable deps ti=<TaskInstance: local_to_spark.spark_query_csv manual__2024-06-14T09:34:06.219996+00:00 [queued]>
[2024-06-14T09:34:08.937+0000] {taskinstance.py:1157} INFO - Dependencies all met for dep_context=requeueable deps ti=<TaskInstance: local_to_spark.spark_query_csv manual__2024-06-14T09:34:06.219996+00:00 [queued]>
[2024-06-14T09:34:08.939+0000] {taskinstance.py:1359} INFO - Starting attempt 1 of 1
[2024-06-14T09:34:08.956+0000] {taskinstance.py:1380} INFO - Executing <Task(SparkSubmitOperator): spark_query_csv> on 2024-06-14 09:34:06.219996+00:00
[2024-06-14T09:34:08.969+0000] {standard_task_runner.py:57} INFO - Started process 4840 to run task
[2024-06-14T09:34:08.973+0000] {standard_task_runner.py:84} INFO - Running: ['***', 'tasks', 'run', 'local_to_spark', 'spark_query_csv', 'manual__2024-06-14T09:34:06.219996+00:00', '--job-id', '54', '--raw', '--subdir', 'DAGS_FOLDER/test_spark_dag.py', '--cfg-path', '/tmp/tmpnuxf8q4z']
[2024-06-14T09:34:08.979+0000] {standard_task_runner.py:85} INFO - Job 54: Subtask spark_query_csv
[2024-06-14T09:34:09.033+0000] {task_command.py:415} INFO - Running <TaskInstance: local_to_spark.spark_query_csv manual__2024-06-14T09:34:06.219996+00:00 [running]> on host 963b3fbfa4c9
[2024-06-14T09:34:09.104+0000] {taskinstance.py:1660} INFO - Exporting env vars: AIRFLOW_CTX_DAG_OWNER='***' AIRFLOW_CTX_DAG_ID='local_to_spark' AIRFLOW_CTX_TASK_ID='spark_query_csv' AIRFLOW_CTX_EXECUTION_DATE='2024-06-14T09:34:06.219996+00:00' AIRFLOW_CTX_TRY_NUMBER='1' AIRFLOW_CTX_DAG_RUN_ID='manual__2024-06-14T09:34:06.219996+00:00'
[2024-06-14T09:34:09.116+0000] {base.py:73} INFO - Using connection ID 'Spark_connection' for task execution.
[2024-06-14T09:34:09.118+0000] {spark_submit.py:401} INFO - Spark-Submit cmd: spark-submit --master spark://spark-master:7077 --conf spark.master=spark://spark-master:7077 --name local_csv_query --deploy-mode client  /Data/allstockprice.csv
[2024-06-14T09:34:09.347+0000] {spark_submit.py:571} INFO - /home/***/.local/lib/python3.9/site-packages/pyspark/bin/load-spark-env.sh: line 68: ps: command not found
[2024-06-14T09:34:11.652+0000] {spark_submit.py:571} INFO - 24/06/14 09:34:11 WARN NativeCodeLoader: Unable to load native-hadoop library for your platform... using builtin-java classes where applicable
[2024-06-14T09:34:11.786+0000] {spark_submit.py:571} INFO - Exception in thread "main" org.apache.spark.SparkException: Failed to get main class in JAR with error '/opt/*** (Is a directory)'.  Please specify one with --class.
[2024-06-14T09:34:11.789+0000] {spark_submit.py:571} INFO - at org.apache.spark.deploy.SparkSubmit.error(SparkSubmit.scala:1038)
[2024-06-14T09:34:11.791+0000] {spark_submit.py:571} INFO - at org.apache.spark.deploy.SparkSubmit.prepareSubmitEnvironment(SparkSubmit.scala:524)
[2024-06-14T09:34:11.792+0000] {spark_submit.py:571} INFO - at org.apache.spark.deploy.SparkSubmit.org$apache$spark$deploy$SparkSubmit$$runMain(SparkSubmit.scala:955)
[2024-06-14T09:34:11.795+0000] {spark_submit.py:571} INFO - at org.apache.spark.deploy.SparkSubmit.doRunMain$1(SparkSubmit.scala:192)
[2024-06-14T09:34:11.796+0000] {spark_submit.py:571} INFO - at org.apache.spark.deploy.SparkSubmit.submit(SparkSubmit.scala:215)
[2024-06-14T09:34:11.797+0000] {spark_submit.py:571} INFO - at org.apache.spark.deploy.SparkSubmit.doSubmit(SparkSubmit.scala:91)
[2024-06-14T09:34:11.797+0000] {spark_submit.py:571} INFO - at org.apache.spark.deploy.SparkSubmit$$anon$2.doSubmit(SparkSubmit.scala:1111)
[2024-06-14T09:34:11.798+0000] {spark_submit.py:571} INFO - at org.apache.spark.deploy.SparkSubmit$.main(SparkSubmit.scala:1120)
[2024-06-14T09:34:11.799+0000] {spark_submit.py:571} INFO - at org.apache.spark.deploy.SparkSubmit.main(SparkSubmit.scala)
[2024-06-14T09:34:11.894+0000] {taskinstance.py:1935} ERROR - Task failed with exception
Traceback (most recent call last):
  File "/home/airflow/.local/lib/python3.9/site-packages/airflow/providers/apache/spark/operators/spark_submit.py", line 174, in execute
    self._hook.submit(self.application)
  File "/home/airflow/.local/lib/python3.9/site-packages/airflow/providers/apache/spark/hooks/spark_submit.py", line 502, in submit
    raise AirflowException(
airflow.exceptions.AirflowException: Cannot execute: spark-submit --master spark://spark-master:7077 --conf spark.master=spark://spark-master:7077 --name local_csv_query --deploy-mode client  /Data/allstockprice.csv. Error code is: 1.
[2024-06-14T09:34:11.904+0000] {taskinstance.py:1398} INFO - Marking task as FAILED. dag_id=local_to_spark, task_id=spark_query_csv, execution_date=20240614T093406, start_date=20240614T093408, end_date=20240614T093411
[2024-06-14T09:34:11.927+0000] {standard_task_runner.py:104} ERROR - Failed to execute job 54 for task spark_query_csv (Cannot execute: spark-submit --master spark://spark-master:7077 --conf spark.master=spark://spark-master:7077 --name local_csv_query --deploy-mode client  /Data/allstockprice.csv. Error code is: 1.; 4840)
[2024-06-14T09:34:11.976+0000] {local_task_job_runner.py:228} INFO - Task exited with return code 1
[2024-06-14T09:34:12.013+0000] {taskinstance.py:2776} INFO - 0 downstream tasks scheduled from follow-on schedule check
