[2024-06-14T08:50:29.165+0000] {taskinstance.py:1157} INFO - Dependencies all met for dep_context=non-requeueable deps ti=<TaskInstance: Spark_dag.spark_query_csv manual__2024-06-14T08:50:27.683696+00:00 [queued]>
[2024-06-14T08:50:29.172+0000] {taskinstance.py:1157} INFO - Dependencies all met for dep_context=requeueable deps ti=<TaskInstance: Spark_dag.spark_query_csv manual__2024-06-14T08:50:27.683696+00:00 [queued]>
[2024-06-14T08:50:29.173+0000] {taskinstance.py:1359} INFO - Starting attempt 1 of 2
[2024-06-14T08:50:29.183+0000] {taskinstance.py:1380} INFO - Executing <Task(SparkSubmitOperator): spark_query_csv> on 2024-06-14 08:50:27.683696+00:00
[2024-06-14T08:50:29.190+0000] {standard_task_runner.py:57} INFO - Started process 2692 to run task
[2024-06-14T08:50:29.197+0000] {standard_task_runner.py:84} INFO - Running: ['***', 'tasks', 'run', 'Spark_dag', 'spark_query_csv', 'manual__2024-06-14T08:50:27.683696+00:00', '--job-id', '41', '--raw', '--subdir', 'DAGS_FOLDER/Spark_dag.py', '--cfg-path', '/tmp/tmplkrwd23f']
[2024-06-14T08:50:29.202+0000] {standard_task_runner.py:85} INFO - Job 41: Subtask spark_query_csv
[2024-06-14T08:50:29.262+0000] {task_command.py:415} INFO - Running <TaskInstance: Spark_dag.spark_query_csv manual__2024-06-14T08:50:27.683696+00:00 [running]> on host 963b3fbfa4c9
[2024-06-14T08:50:29.344+0000] {taskinstance.py:1660} INFO - Exporting env vars: AIRFLOW_CTX_DAG_OWNER='***' AIRFLOW_CTX_DAG_ID='Spark_dag' AIRFLOW_CTX_TASK_ID='spark_query_csv' AIRFLOW_CTX_EXECUTION_DATE='2024-06-14T08:50:27.683696+00:00' AIRFLOW_CTX_TRY_NUMBER='1' AIRFLOW_CTX_DAG_RUN_ID='manual__2024-06-14T08:50:27.683696+00:00'
[2024-06-14T08:50:29.352+0000] {base.py:73} INFO - Using connection ID 'Spark_connection' for task execution.
[2024-06-14T08:50:29.354+0000] {spark_submit.py:401} INFO - Spark-Submit cmd: spark-submit --master spark://spark-master:7077 --conf spark.master=spark://spark-master:7077 --conf spark.hadoop.fs.s3a.endpoint=http://minio:9000 --conf spark.hadoop.fs.s3a.access.key=fPMHZA3ZV0g2so9iydgd --conf spark.hadoop.fs.s3a.secret.key=****** --conf spark.hadoop.fs.s3a.path.style.access=true --conf spark.hadoop.fs.s3a.impl=org.apache.hadoop.fs.s3a.S3AFileSystem --name minio_csv_query --deploy-mode client jobs/python/pyspark_test.py s3a://data-lake/allstockprice.csv fPMHZA3ZV0g2so9iydgd 2wY04v8tSwkpVb054WFro0AP6SJ4mjvHbVHurSUp
[2024-06-14T08:50:29.471+0000] {spark_submit.py:571} INFO - /home/***/.local/lib/python3.9/site-packages/pyspark/bin/load-spark-env.sh: line 68: ps: command not found
[2024-06-14T08:50:33.387+0000] {spark_submit.py:571} INFO - 24/06/14 08:50:33 INFO SparkContext: Running Spark version 3.4.0
[2024-06-14T08:50:33.474+0000] {spark_submit.py:571} INFO - 24/06/14 08:50:33 WARN NativeCodeLoader: Unable to load native-hadoop library for your platform... using builtin-java classes where applicable
[2024-06-14T08:50:33.594+0000] {spark_submit.py:571} INFO - 24/06/14 08:50:33 INFO ResourceUtils: ==============================================================
[2024-06-14T08:50:33.597+0000] {spark_submit.py:571} INFO - 24/06/14 08:50:33 INFO ResourceUtils: No custom resources configured for spark.driver.
[2024-06-14T08:50:33.598+0000] {spark_submit.py:571} INFO - 24/06/14 08:50:33 INFO ResourceUtils: ==============================================================
[2024-06-14T08:50:33.601+0000] {spark_submit.py:571} INFO - 24/06/14 08:50:33 INFO SparkContext: Submitted application: HelloWorld
[2024-06-14T08:50:33.623+0000] {spark_submit.py:571} INFO - 24/06/14 08:50:33 INFO ResourceProfile: Default ResourceProfile created, executor resources: Map(memory -> name: memory, amount: 1024, script: , vendor: , offHeap -> name: offHeap, amount: 0, script: , vendor: ), task resources: Map(cpus -> name: cpus, amount: 1.0)
[2024-06-14T08:50:33.634+0000] {spark_submit.py:571} INFO - 24/06/14 08:50:33 INFO ResourceProfile: Limiting resource is cpu
[2024-06-14T08:50:33.635+0000] {spark_submit.py:571} INFO - 24/06/14 08:50:33 INFO ResourceProfileManager: Added ResourceProfile id: 0
[2024-06-14T08:50:33.724+0000] {spark_submit.py:571} INFO - 24/06/14 08:50:33 INFO SecurityManager: Changing view acls to: ***
[2024-06-14T08:50:33.727+0000] {spark_submit.py:571} INFO - 24/06/14 08:50:33 INFO SecurityManager: Changing modify acls to: ***
[2024-06-14T08:50:33.727+0000] {spark_submit.py:571} INFO - 24/06/14 08:50:33 INFO SecurityManager: Changing view acls groups to:
[2024-06-14T08:50:33.728+0000] {spark_submit.py:571} INFO - 24/06/14 08:50:33 INFO SecurityManager: Changing modify acls groups to:
[2024-06-14T08:50:33.729+0000] {spark_submit.py:571} INFO - 24/06/14 08:50:33 INFO SecurityManager: SecurityManager: authentication disabled; ui acls disabled; users with view permissions: ***; groups with view permissions: EMPTY; users with modify permissions: ***; groups with modify permissions: EMPTY
[2024-06-14T08:50:34.402+0000] {spark_submit.py:571} INFO - 24/06/14 08:50:34 INFO Utils: Successfully started service 'sparkDriver' on port 43395.
[2024-06-14T08:50:34.859+0000] {spark_submit.py:571} INFO - 24/06/14 08:50:34 INFO SparkEnv: Registering MapOutputTracker
[2024-06-14T08:50:35.120+0000] {spark_submit.py:571} INFO - 24/06/14 08:50:35 INFO SparkEnv: Registering BlockManagerMaster
[2024-06-14T08:50:35.171+0000] {spark_submit.py:571} INFO - 24/06/14 08:50:35 INFO BlockManagerMasterEndpoint: Using org.apache.spark.storage.DefaultTopologyMapper for getting topology information
[2024-06-14T08:50:35.175+0000] {spark_submit.py:571} INFO - 24/06/14 08:50:35 INFO BlockManagerMasterEndpoint: BlockManagerMasterEndpoint up
[2024-06-14T08:50:35.181+0000] {spark_submit.py:571} INFO - 24/06/14 08:50:35 INFO SparkEnv: Registering BlockManagerMasterHeartbeat
[2024-06-14T08:50:35.214+0000] {spark_submit.py:571} INFO - 24/06/14 08:50:35 INFO DiskBlockManager: Created local directory at /tmp/blockmgr-3723bb8a-dccf-41b8-8224-9710e9a036c7
[2024-06-14T08:50:35.247+0000] {spark_submit.py:571} INFO - 24/06/14 08:50:35 INFO MemoryStore: MemoryStore started with capacity 434.4 MiB
[2024-06-14T08:50:35.269+0000] {spark_submit.py:571} INFO - 24/06/14 08:50:35 INFO SparkEnv: Registering OutputCommitCoordinator
[2024-06-14T08:50:35.630+0000] {spark_submit.py:571} INFO - 24/06/14 08:50:35 INFO JettyUtils: Start Jetty 0.0.0.0:4040 for SparkUI
[2024-06-14T08:50:35.785+0000] {spark_submit.py:571} INFO - 24/06/14 08:50:35 INFO Utils: Successfully started service 'SparkUI' on port 4040.
[2024-06-14T08:50:36.088+0000] {spark_submit.py:571} INFO - 24/06/14 08:50:36 INFO StandaloneAppClient$ClientEndpoint: Connecting to master spark://spark-master:7077...
[2024-06-14T08:50:36.187+0000] {spark_submit.py:571} INFO - 24/06/14 08:50:36 INFO TransportClientFactory: Successfully created connection to spark-master/172.18.0.3:7077 after 59 ms (0 ms spent in bootstraps)
[2024-06-14T08:50:36.697+0000] {spark_submit.py:571} INFO - 24/06/14 08:50:36 INFO StandaloneSchedulerBackend: Connected to Spark cluster with app ID app-20240614085036-0002
[2024-06-14T08:50:36.721+0000] {spark_submit.py:571} INFO - 24/06/14 08:50:36 INFO Utils: Successfully started service 'org.apache.spark.network.netty.NettyBlockTransferService' on port 42791.
[2024-06-14T08:50:36.724+0000] {spark_submit.py:571} INFO - 24/06/14 08:50:36 INFO NettyBlockTransferService: Server created on 963b3fbfa4c9:42791
[2024-06-14T08:50:36.728+0000] {spark_submit.py:571} INFO - 24/06/14 08:50:36 INFO BlockManager: Using org.apache.spark.storage.RandomBlockReplicationPolicy for block replication policy
[2024-06-14T08:50:36.733+0000] {spark_submit.py:571} INFO - 24/06/14 08:50:36 INFO BlockManagerMaster: Registering BlockManager BlockManagerId(driver, 963b3fbfa4c9, 42791, None)
[2024-06-14T08:50:36.744+0000] {spark_submit.py:571} INFO - 24/06/14 08:50:36 INFO BlockManagerMasterEndpoint: Registering block manager 963b3fbfa4c9:42791 with 434.4 MiB RAM, BlockManagerId(driver, 963b3fbfa4c9, 42791, None)
[2024-06-14T08:50:36.747+0000] {spark_submit.py:571} INFO - 24/06/14 08:50:36 INFO BlockManagerMaster: Registered BlockManager BlockManagerId(driver, 963b3fbfa4c9, 42791, None)
[2024-06-14T08:50:36.751+0000] {spark_submit.py:571} INFO - 24/06/14 08:50:36 INFO BlockManager: Initialized BlockManager: BlockManagerId(driver, 963b3fbfa4c9, 42791, None)
[2024-06-14T08:50:36.775+0000] {spark_submit.py:571} INFO - 24/06/14 08:50:36 INFO StandaloneAppClient$ClientEndpoint: Executor added: app-20240614085036-0002/0 on worker-20240614074744-172.18.0.5-36477 (172.18.0.5:36477) with 2 core(s)
[2024-06-14T08:50:36.778+0000] {spark_submit.py:571} INFO - 24/06/14 08:50:36 INFO StandaloneSchedulerBackend: Granted executor ID app-20240614085036-0002/0 on hostPort 172.18.0.5:36477 with 2 core(s), 1024.0 MiB RAM
[2024-06-14T08:50:37.215+0000] {spark_submit.py:571} INFO - 24/06/14 08:50:37 INFO StandaloneSchedulerBackend: SchedulerBackend is ready for scheduling beginning after reached minRegisteredResourcesRatio: 0.0
[2024-06-14T08:50:37.993+0000] {spark_submit.py:571} INFO - 24/06/14 08:50:37 INFO StandaloneAppClient$ClientEndpoint: Executor updated: app-20240614085036-0002/0 is now RUNNING
[2024-06-14T08:50:38.037+0000] {spark_submit.py:571} INFO - Spark version: 3.4.0
[2024-06-14T08:50:42.692+0000] {spark_submit.py:571} INFO - 24/06/14 08:50:42 INFO SharedState: Setting hive.metastore.warehouse.dir ('null') to the value of spark.sql.warehouse.dir.
[2024-06-14T08:50:42.775+0000] {spark_submit.py:571} INFO - 24/06/14 08:50:42 INFO SharedState: Warehouse path is 'file:/opt/***/spark-warehouse'.
[2024-06-14T08:50:49.273+0000] {spark_submit.py:571} INFO - 24/06/14 08:50:49 INFO StandaloneSchedulerBackend$StandaloneDriverEndpoint: Registered executor NettyRpcEndpointRef(spark-client://Executor) (172.18.0.5:56222) with ID 0,  ResourceProfileId 0
[2024-06-14T08:50:49.528+0000] {spark_submit.py:571} INFO - 24/06/14 08:50:49 INFO BlockManagerMasterEndpoint: Registering block manager 172.18.0.5:33985 with 434.4 MiB RAM, BlockManagerId(0, 172.18.0.5, 33985, None)
[2024-06-14T08:50:51.348+0000] {spark_submit.py:571} INFO - 24/06/14 08:50:51 INFO CodeGenerator: Code generated in 371.034291 ms
[2024-06-14T08:50:51.411+0000] {spark_submit.py:571} INFO - 24/06/14 08:50:51 INFO SparkContext: Starting job: showString at NativeMethodAccessorImpl.java:0
[2024-06-14T08:50:51.435+0000] {spark_submit.py:571} INFO - 24/06/14 08:50:51 INFO DAGScheduler: Got job 0 (showString at NativeMethodAccessorImpl.java:0) with 1 output partitions
[2024-06-14T08:50:51.439+0000] {spark_submit.py:571} INFO - 24/06/14 08:50:51 INFO DAGScheduler: Final stage: ResultStage 0 (showString at NativeMethodAccessorImpl.java:0)
[2024-06-14T08:50:51.442+0000] {spark_submit.py:571} INFO - 24/06/14 08:50:51 INFO DAGScheduler: Parents of final stage: List()
[2024-06-14T08:50:51.445+0000] {spark_submit.py:571} INFO - 24/06/14 08:50:51 INFO DAGScheduler: Missing parents: List()
[2024-06-14T08:50:51.446+0000] {spark_submit.py:571} INFO - 24/06/14 08:50:51 INFO DAGScheduler: Submitting ResultStage 0 (MapPartitionsRDD[6] at showString at NativeMethodAccessorImpl.java:0), which has no missing parents
[2024-06-14T08:50:51.560+0000] {spark_submit.py:571} INFO - 24/06/14 08:50:51 INFO MemoryStore: Block broadcast_0 stored as values in memory (estimated size 12.4 KiB, free 434.4 MiB)
[2024-06-14T08:50:51.649+0000] {spark_submit.py:571} INFO - 24/06/14 08:50:51 INFO MemoryStore: Block broadcast_0_piece0 stored as bytes in memory (estimated size 6.6 KiB, free 434.4 MiB)
[2024-06-14T08:50:51.656+0000] {spark_submit.py:571} INFO - 24/06/14 08:50:51 INFO BlockManagerInfo: Added broadcast_0_piece0 in memory on 963b3fbfa4c9:42791 (size: 6.6 KiB, free: 434.4 MiB)
[2024-06-14T08:50:51.663+0000] {spark_submit.py:571} INFO - 24/06/14 08:50:51 INFO SparkContext: Created broadcast 0 from broadcast at DAGScheduler.scala:1535
[2024-06-14T08:50:51.702+0000] {spark_submit.py:571} INFO - 24/06/14 08:50:51 INFO DAGScheduler: Submitting 1 missing tasks from ResultStage 0 (MapPartitionsRDD[6] at showString at NativeMethodAccessorImpl.java:0) (first 15 tasks are for partitions Vector(0))
[2024-06-14T08:50:51.709+0000] {spark_submit.py:571} INFO - 24/06/14 08:50:51 INFO TaskSchedulerImpl: Adding task set 0.0 with 1 tasks resource profile 0
[2024-06-14T08:50:51.786+0000] {spark_submit.py:571} INFO - 24/06/14 08:50:51 INFO TaskSetManager: Starting task 0.0 in stage 0.0 (TID 0) (172.18.0.5, executor 0, partition 0, PROCESS_LOCAL, 7384 bytes)
[2024-06-14T08:50:52.100+0000] {spark_submit.py:571} INFO - 24/06/14 08:50:52 INFO BlockManagerInfo: Added broadcast_0_piece0 in memory on 172.18.0.5:33985 (size: 6.6 KiB, free: 434.4 MiB)
[2024-06-14T08:50:55.767+0000] {spark_submit.py:571} INFO - 24/06/14 08:50:55 INFO TaskSetManager: Finished task 0.0 in stage 0.0 (TID 0) in 3980 ms on 172.18.0.5 (executor 0) (1/1)
[2024-06-14T08:50:55.788+0000] {spark_submit.py:571} INFO - 24/06/14 08:50:55 INFO TaskSchedulerImpl: Removed TaskSet 0.0, whose tasks have all completed, from pool
[2024-06-14T08:50:55.796+0000] {spark_submit.py:571} INFO - 24/06/14 08:50:55 INFO PythonAccumulatorV2: Connected to AccumulatorServer at host: 127.0.0.1 port: 47081
[2024-06-14T08:50:55.817+0000] {spark_submit.py:571} INFO - 24/06/14 08:50:55 INFO DAGScheduler: ResultStage 0 (showString at NativeMethodAccessorImpl.java:0) finished in 4.346 s
[2024-06-14T08:50:55.823+0000] {spark_submit.py:571} INFO - 24/06/14 08:50:55 INFO DAGScheduler: Job 0 is finished. Cancelling potential speculative or zombie tasks for this job
[2024-06-14T08:50:55.826+0000] {spark_submit.py:571} INFO - 24/06/14 08:50:55 INFO TaskSchedulerImpl: Killing all running tasks in stage 0: Stage finished
[2024-06-14T08:50:55.828+0000] {spark_submit.py:571} INFO - 24/06/14 08:50:55 INFO DAGScheduler: Job 0 finished: showString at NativeMethodAccessorImpl.java:0, took 4.413095 s
[2024-06-14T08:50:55.877+0000] {spark_submit.py:571} INFO - 24/06/14 08:50:55 INFO SparkContext: Starting job: showString at NativeMethodAccessorImpl.java:0
[2024-06-14T08:50:55.880+0000] {spark_submit.py:571} INFO - 24/06/14 08:50:55 INFO DAGScheduler: Got job 1 (showString at NativeMethodAccessorImpl.java:0) with 1 output partitions
[2024-06-14T08:50:55.883+0000] {spark_submit.py:571} INFO - 24/06/14 08:50:55 INFO DAGScheduler: Final stage: ResultStage 1 (showString at NativeMethodAccessorImpl.java:0)
[2024-06-14T08:50:55.887+0000] {spark_submit.py:571} INFO - 24/06/14 08:50:55 INFO DAGScheduler: Parents of final stage: List()
[2024-06-14T08:50:55.892+0000] {spark_submit.py:571} INFO - 24/06/14 08:50:55 INFO DAGScheduler: Missing parents: List()
[2024-06-14T08:50:55.894+0000] {spark_submit.py:571} INFO - 24/06/14 08:50:55 INFO DAGScheduler: Submitting ResultStage 1 (MapPartitionsRDD[6] at showString at NativeMethodAccessorImpl.java:0), which has no missing parents
[2024-06-14T08:50:55.898+0000] {spark_submit.py:571} INFO - 24/06/14 08:50:55 INFO MemoryStore: Block broadcast_1 stored as values in memory (estimated size 12.4 KiB, free 434.4 MiB)
[2024-06-14T08:50:55.909+0000] {spark_submit.py:571} INFO - 24/06/14 08:50:55 INFO MemoryStore: Block broadcast_1_piece0 stored as bytes in memory (estimated size 6.6 KiB, free 434.4 MiB)
[2024-06-14T08:50:55.912+0000] {spark_submit.py:571} INFO - 24/06/14 08:50:55 INFO BlockManagerInfo: Added broadcast_1_piece0 in memory on 963b3fbfa4c9:42791 (size: 6.6 KiB, free: 434.4 MiB)
[2024-06-14T08:50:55.913+0000] {spark_submit.py:571} INFO - 24/06/14 08:50:55 INFO SparkContext: Created broadcast 1 from broadcast at DAGScheduler.scala:1535
[2024-06-14T08:50:55.918+0000] {spark_submit.py:571} INFO - 24/06/14 08:50:55 INFO DAGScheduler: Submitting 1 missing tasks from ResultStage 1 (MapPartitionsRDD[6] at showString at NativeMethodAccessorImpl.java:0) (first 15 tasks are for partitions Vector(1))
[2024-06-14T08:50:55.920+0000] {spark_submit.py:571} INFO - 24/06/14 08:50:55 INFO TaskSchedulerImpl: Adding task set 1.0 with 1 tasks resource profile 0
[2024-06-14T08:50:55.922+0000] {spark_submit.py:571} INFO - 24/06/14 08:50:55 INFO TaskSetManager: Starting task 0.0 in stage 1.0 (TID 1) (172.18.0.5, executor 0, partition 1, PROCESS_LOCAL, 7417 bytes)
[2024-06-14T08:50:55.951+0000] {spark_submit.py:571} INFO - 24/06/14 08:50:55 INFO BlockManagerInfo: Added broadcast_1_piece0 in memory on 172.18.0.5:33985 (size: 6.6 KiB, free: 434.4 MiB)
[2024-06-14T08:50:56.080+0000] {spark_submit.py:571} INFO - 24/06/14 08:50:56 INFO TaskSetManager: Finished task 0.0 in stage 1.0 (TID 1) in 159 ms on 172.18.0.5 (executor 0) (1/1)
[2024-06-14T08:50:56.089+0000] {spark_submit.py:571} INFO - 24/06/14 08:50:56 INFO TaskSchedulerImpl: Removed TaskSet 1.0, whose tasks have all completed, from pool
[2024-06-14T08:50:56.091+0000] {spark_submit.py:571} INFO - 24/06/14 08:50:56 INFO DAGScheduler: ResultStage 1 (showString at NativeMethodAccessorImpl.java:0) finished in 0.194 s
[2024-06-14T08:50:56.094+0000] {spark_submit.py:571} INFO - 24/06/14 08:50:56 INFO DAGScheduler: Job 1 is finished. Cancelling potential speculative or zombie tasks for this job
[2024-06-14T08:50:56.097+0000] {spark_submit.py:571} INFO - 24/06/14 08:50:56 INFO TaskSchedulerImpl: Killing all running tasks in stage 1: Stage finished
[2024-06-14T08:50:56.098+0000] {spark_submit.py:571} INFO - 24/06/14 08:50:56 INFO DAGScheduler: Job 1 finished: showString at NativeMethodAccessorImpl.java:0, took 0.207133 s
[2024-06-14T08:50:56.190+0000] {spark_submit.py:571} INFO - 24/06/14 08:50:56 INFO CodeGenerator: Code generated in 48.945084 ms
[2024-06-14T08:50:56.221+0000] {spark_submit.py:571} INFO - +-----+-----+
[2024-06-14T08:50:56.226+0000] {spark_submit.py:571} INFO - | word|count|
[2024-06-14T08:50:56.232+0000] {spark_submit.py:571} INFO - +-----+-----+
[2024-06-14T08:50:56.236+0000] {spark_submit.py:571} INFO - |Hello|    1|
[2024-06-14T08:50:56.240+0000] {spark_submit.py:571} INFO - |World|    2|
[2024-06-14T08:50:56.243+0000] {spark_submit.py:571} INFO - |    !|    3|
[2024-06-14T08:50:56.246+0000] {spark_submit.py:571} INFO - +-----+-----+
[2024-06-14T08:50:56.248+0000] {spark_submit.py:571} INFO - 
[2024-06-14T08:50:56.253+0000] {spark_submit.py:571} INFO - 24/06/14 08:50:56 INFO SparkContext: SparkContext is stopping with exitCode 0.
[2024-06-14T08:50:56.274+0000] {spark_submit.py:571} INFO - 24/06/14 08:50:56 INFO SparkUI: Stopped Spark web UI at http://963b3fbfa4c9:4040
[2024-06-14T08:50:56.283+0000] {spark_submit.py:571} INFO - 24/06/14 08:50:56 INFO StandaloneSchedulerBackend: Shutting down all executors
[2024-06-14T08:50:56.285+0000] {spark_submit.py:571} INFO - 24/06/14 08:50:56 INFO StandaloneSchedulerBackend$StandaloneDriverEndpoint: Asking each executor to shut down
[2024-06-14T08:50:56.334+0000] {spark_submit.py:571} INFO - 24/06/14 08:50:56 INFO MapOutputTrackerMasterEndpoint: MapOutputTrackerMasterEndpoint stopped!
[2024-06-14T08:50:56.471+0000] {spark_submit.py:571} INFO - 24/06/14 08:50:56 INFO MemoryStore: MemoryStore cleared
[2024-06-14T08:50:56.480+0000] {spark_submit.py:571} INFO - 24/06/14 08:50:56 INFO BlockManager: BlockManager stopped
[2024-06-14T08:50:56.507+0000] {spark_submit.py:571} INFO - 24/06/14 08:50:56 INFO BlockManagerMaster: BlockManagerMaster stopped
[2024-06-14T08:50:56.515+0000] {spark_submit.py:571} INFO - 24/06/14 08:50:56 INFO OutputCommitCoordinator$OutputCommitCoordinatorEndpoint: OutputCommitCoordinator stopped!
[2024-06-14T08:50:56.584+0000] {spark_submit.py:571} INFO - 24/06/14 08:50:56 INFO SparkContext: Successfully stopped SparkContext
[2024-06-14T08:50:57.384+0000] {spark_submit.py:571} INFO - 24/06/14 08:50:57 INFO ShutdownHookManager: Shutdown hook called
[2024-06-14T08:50:57.387+0000] {spark_submit.py:571} INFO - 24/06/14 08:50:57 INFO ShutdownHookManager: Deleting directory /tmp/spark-17162690-c79f-4444-a8ed-937bebda7d4c
[2024-06-14T08:50:57.428+0000] {spark_submit.py:571} INFO - 24/06/14 08:50:57 INFO ShutdownHookManager: Deleting directory /tmp/spark-1db51469-43fa-4839-8248-518ae4f7cec2
[2024-06-14T08:50:57.444+0000] {spark_submit.py:571} INFO - 24/06/14 08:50:57 INFO ShutdownHookManager: Deleting directory /tmp/spark-17162690-c79f-4444-a8ed-937bebda7d4c/pyspark-f1f00af6-4eb0-4e0e-86d7-1ff85a865c53
[2024-06-14T08:50:57.667+0000] {taskinstance.py:1398} INFO - Marking task as SUCCESS. dag_id=Spark_dag, task_id=spark_query_csv, execution_date=20240614T085027, start_date=20240614T085029, end_date=20240614T085057
[2024-06-14T08:50:57.879+0000] {local_task_job_runner.py:228} INFO - Task exited with return code 0
[2024-06-14T08:50:58.015+0000] {taskinstance.py:2776} INFO - 0 downstream tasks scheduled from follow-on schedule check
