[2024-06-14T11:42:31.147+0000] {taskinstance.py:1157} INFO - Dependencies all met for dep_context=non-requeueable deps ti=<TaskInstance: simple_spark_dag.spark_submit_task manual__2024-06-14T11:42:28.820597+00:00 [queued]>
[2024-06-14T11:42:31.162+0000] {taskinstance.py:1157} INFO - Dependencies all met for dep_context=requeueable deps ti=<TaskInstance: simple_spark_dag.spark_submit_task manual__2024-06-14T11:42:28.820597+00:00 [queued]>
[2024-06-14T11:42:31.163+0000] {taskinstance.py:1359} INFO - Starting attempt 1 of 1
[2024-06-14T11:42:31.173+0000] {taskinstance.py:1380} INFO - Executing <Task(SparkSubmitOperator): spark_submit_task> on 2024-06-14 11:42:28.820597+00:00
[2024-06-14T11:42:31.194+0000] {standard_task_runner.py:57} INFO - Started process 8865 to run task
[2024-06-14T11:42:31.205+0000] {standard_task_runner.py:84} INFO - Running: ['***', 'tasks', 'run', 'simple_spark_dag', 'spark_submit_task', 'manual__2024-06-14T11:42:28.820597+00:00', '--job-id', '66', '--raw', '--subdir', 'DAGS_FOLDER/simple_spark_dag.py', '--cfg-path', '/tmp/tmpevo3adt2']
[2024-06-14T11:42:31.216+0000] {standard_task_runner.py:85} INFO - Job 66: Subtask spark_submit_task
[2024-06-14T11:42:31.305+0000] {task_command.py:415} INFO - Running <TaskInstance: simple_spark_dag.spark_submit_task manual__2024-06-14T11:42:28.820597+00:00 [running]> on host 963b3fbfa4c9
[2024-06-14T11:42:31.393+0000] {taskinstance.py:1660} INFO - Exporting env vars: AIRFLOW_CTX_DAG_OWNER='***' AIRFLOW_CTX_DAG_ID='simple_spark_dag' AIRFLOW_CTX_TASK_ID='spark_submit_task' AIRFLOW_CTX_EXECUTION_DATE='2024-06-14T11:42:28.820597+00:00' AIRFLOW_CTX_TRY_NUMBER='1' AIRFLOW_CTX_DAG_RUN_ID='manual__2024-06-14T11:42:28.820597+00:00'
[2024-06-14T11:42:31.403+0000] {base.py:73} INFO - Using connection ID 'Spark_connection' for task execution.
[2024-06-14T11:42:31.405+0000] {spark_submit.py:401} INFO - Spark-Submit cmd: spark-submit --master spark://spark-master:7077 --conf spark.hadoop.fs.s3a.endpoint=http://minio:9000 --conf spark.hadoop.fs.s3a.access.key=khaiVDT2024 --conf spark.hadoop.fs.s3a.secret.key=****** --conf spark.hadoop.fs.s3a.path.style.access=true --name spark_minio_job --deploy-mode client jobs/python/pyspark_test.py
[2024-06-14T11:42:31.558+0000] {spark_submit.py:571} INFO - /home/***/.local/lib/python3.9/site-packages/pyspark/bin/load-spark-env.sh: line 68: ps: command not found
[2024-06-14T11:42:35.949+0000] {spark_submit.py:571} INFO - 24/06/14 11:42:35 INFO SparkContext: Running Spark version 3.4.0
[2024-06-14T11:42:36.226+0000] {spark_submit.py:571} INFO - 24/06/14 11:42:36 WARN NativeCodeLoader: Unable to load native-hadoop library for your platform... using builtin-java classes where applicable
[2024-06-14T11:42:36.551+0000] {spark_submit.py:571} INFO - 24/06/14 11:42:36 INFO ResourceUtils: ==============================================================
[2024-06-14T11:42:36.556+0000] {spark_submit.py:571} INFO - 24/06/14 11:42:36 INFO ResourceUtils: No custom resources configured for spark.driver.
[2024-06-14T11:42:36.565+0000] {spark_submit.py:571} INFO - 24/06/14 11:42:36 INFO ResourceUtils: ==============================================================
[2024-06-14T11:42:36.572+0000] {spark_submit.py:571} INFO - 24/06/14 11:42:36 INFO SparkContext: Submitted application: HelloWorld
[2024-06-14T11:42:36.638+0000] {spark_submit.py:571} INFO - 24/06/14 11:42:36 INFO ResourceProfile: Default ResourceProfile created, executor resources: Map(memory -> name: memory, amount: 1024, script: , vendor: , offHeap -> name: offHeap, amount: 0, script: , vendor: ), task resources: Map(cpus -> name: cpus, amount: 1.0)
[2024-06-14T11:42:36.689+0000] {spark_submit.py:571} INFO - 24/06/14 11:42:36 INFO ResourceProfile: Limiting resource is cpu
[2024-06-14T11:42:36.701+0000] {spark_submit.py:571} INFO - 24/06/14 11:42:36 INFO ResourceProfileManager: Added ResourceProfile id: 0
[2024-06-14T11:42:36.831+0000] {spark_submit.py:571} INFO - 24/06/14 11:42:36 INFO SecurityManager: Changing view acls to: ***
[2024-06-14T11:42:36.851+0000] {spark_submit.py:571} INFO - 24/06/14 11:42:36 INFO SecurityManager: Changing modify acls to: ***
[2024-06-14T11:42:36.858+0000] {spark_submit.py:571} INFO - 24/06/14 11:42:36 INFO SecurityManager: Changing view acls groups to:
[2024-06-14T11:42:36.861+0000] {spark_submit.py:571} INFO - 24/06/14 11:42:36 INFO SecurityManager: Changing modify acls groups to:
[2024-06-14T11:42:36.862+0000] {spark_submit.py:571} INFO - 24/06/14 11:42:36 INFO SecurityManager: SecurityManager: authentication disabled; ui acls disabled; users with view permissions: ***; groups with view permissions: EMPTY; users with modify permissions: ***; groups with modify permissions: EMPTY
[2024-06-14T11:42:37.458+0000] {spark_submit.py:571} INFO - 24/06/14 11:42:37 INFO Utils: Successfully started service 'sparkDriver' on port 33259.
[2024-06-14T11:42:37.537+0000] {spark_submit.py:571} INFO - 24/06/14 11:42:37 INFO SparkEnv: Registering MapOutputTracker
[2024-06-14T11:42:37.619+0000] {spark_submit.py:571} INFO - 24/06/14 11:42:37 INFO SparkEnv: Registering BlockManagerMaster
[2024-06-14T11:42:37.670+0000] {spark_submit.py:571} INFO - 24/06/14 11:42:37 INFO BlockManagerMasterEndpoint: Using org.apache.spark.storage.DefaultTopologyMapper for getting topology information
[2024-06-14T11:42:37.671+0000] {spark_submit.py:571} INFO - 24/06/14 11:42:37 INFO BlockManagerMasterEndpoint: BlockManagerMasterEndpoint up
[2024-06-14T11:42:37.675+0000] {spark_submit.py:571} INFO - 24/06/14 11:42:37 INFO SparkEnv: Registering BlockManagerMasterHeartbeat
[2024-06-14T11:42:37.712+0000] {spark_submit.py:571} INFO - 24/06/14 11:42:37 INFO DiskBlockManager: Created local directory at /tmp/blockmgr-6d4886bc-2795-48bd-b4f5-1000d673c572
[2024-06-14T11:42:37.737+0000] {spark_submit.py:571} INFO - 24/06/14 11:42:37 INFO MemoryStore: MemoryStore started with capacity 434.4 MiB
[2024-06-14T11:42:37.767+0000] {spark_submit.py:571} INFO - 24/06/14 11:42:37 INFO SparkEnv: Registering OutputCommitCoordinator
[2024-06-14T11:42:37.959+0000] {spark_submit.py:571} INFO - 24/06/14 11:42:37 INFO JettyUtils: Start Jetty 0.0.0.0:4040 for SparkUI
[2024-06-14T11:42:38.058+0000] {spark_submit.py:571} INFO - 24/06/14 11:42:38 INFO Utils: Successfully started service 'SparkUI' on port 4040.
[2024-06-14T11:42:38.244+0000] {spark_submit.py:571} INFO - 24/06/14 11:42:38 INFO StandaloneAppClient$ClientEndpoint: Connecting to master spark://spark-master:7077...
[2024-06-14T11:42:38.364+0000] {spark_submit.py:571} INFO - 24/06/14 11:42:38 INFO TransportClientFactory: Successfully created connection to spark-master/172.18.0.3:7077 after 52 ms (0 ms spent in bootstraps)
[2024-06-14T11:42:39.113+0000] {spark_submit.py:571} INFO - 24/06/14 11:42:39 INFO StandaloneSchedulerBackend: Connected to Spark cluster with app ID app-20240614114239-0005
[2024-06-14T11:42:39.125+0000] {spark_submit.py:571} INFO - 24/06/14 11:42:39 INFO Utils: Successfully started service 'org.apache.spark.network.netty.NettyBlockTransferService' on port 43649.
[2024-06-14T11:42:39.129+0000] {spark_submit.py:571} INFO - 24/06/14 11:42:39 INFO NettyBlockTransferService: Server created on 963b3fbfa4c9:43649
[2024-06-14T11:42:39.131+0000] {spark_submit.py:571} INFO - 24/06/14 11:42:39 INFO BlockManager: Using org.apache.spark.storage.RandomBlockReplicationPolicy for block replication policy
[2024-06-14T11:42:39.134+0000] {spark_submit.py:571} INFO - 24/06/14 11:42:39 INFO BlockManagerMaster: Registering BlockManager BlockManagerId(driver, 963b3fbfa4c9, 43649, None)
[2024-06-14T11:42:39.139+0000] {spark_submit.py:571} INFO - 24/06/14 11:42:39 INFO BlockManagerMasterEndpoint: Registering block manager 963b3fbfa4c9:43649 with 434.4 MiB RAM, BlockManagerId(driver, 963b3fbfa4c9, 43649, None)
[2024-06-14T11:42:39.141+0000] {spark_submit.py:571} INFO - 24/06/14 11:42:39 INFO BlockManagerMaster: Registered BlockManager BlockManagerId(driver, 963b3fbfa4c9, 43649, None)
[2024-06-14T11:42:39.143+0000] {spark_submit.py:571} INFO - 24/06/14 11:42:39 INFO BlockManager: Initialized BlockManager: BlockManagerId(driver, 963b3fbfa4c9, 43649, None)
[2024-06-14T11:42:39.230+0000] {spark_submit.py:571} INFO - 24/06/14 11:42:39 INFO StandaloneAppClient$ClientEndpoint: Executor added: app-20240614114239-0005/0 on worker-20240614074744-172.18.0.5-36477 (172.18.0.5:36477) with 2 core(s)
[2024-06-14T11:42:39.233+0000] {spark_submit.py:571} INFO - 24/06/14 11:42:39 INFO StandaloneSchedulerBackend: Granted executor ID app-20240614114239-0005/0 on hostPort 172.18.0.5:36477 with 2 core(s), 1024.0 MiB RAM
[2024-06-14T11:42:39.491+0000] {spark_submit.py:571} INFO - 24/06/14 11:42:39 INFO StandaloneSchedulerBackend: SchedulerBackend is ready for scheduling beginning after reached minRegisteredResourcesRatio: 0.0
[2024-06-14T11:42:39.934+0000] {spark_submit.py:571} INFO - Spark version: 3.4.0
[2024-06-14T11:42:42.968+0000] {spark_submit.py:571} INFO - 24/06/14 11:42:42 INFO StandaloneAppClient$ClientEndpoint: Executor updated: app-20240614114239-0005/0 is now RUNNING
[2024-06-14T11:42:43.299+0000] {spark_submit.py:571} INFO - 24/06/14 11:42:43 INFO SharedState: Setting hive.metastore.warehouse.dir ('null') to the value of spark.sql.warehouse.dir.
[2024-06-14T11:42:43.849+0000] {spark_submit.py:571} INFO - 24/06/14 11:42:43 INFO SharedState: Warehouse path is 'file:/opt/***/spark-warehouse'.
[2024-06-14T11:42:55.438+0000] {spark_submit.py:571} INFO - 24/06/14 11:42:55 INFO StandaloneSchedulerBackend$StandaloneDriverEndpoint: Registered executor NettyRpcEndpointRef(spark-client://Executor) (172.18.0.5:46678) with ID 0,  ResourceProfileId 0
[2024-06-14T11:42:55.944+0000] {spark_submit.py:571} INFO - 24/06/14 11:42:55 INFO BlockManagerMasterEndpoint: Registering block manager 172.18.0.5:44061 with 434.4 MiB RAM, BlockManagerId(0, 172.18.0.5, 44061, None)
[2024-06-14T11:42:56.215+0000] {spark_submit.py:571} INFO - 24/06/14 11:42:56 INFO CodeGenerator: Code generated in 897.9905 ms
[2024-06-14T11:42:56.225+0000] {spark_submit.py:571} INFO - 24/06/14 11:42:56 INFO SparkContext: Starting job: showString at NativeMethodAccessorImpl.java:0
[2024-06-14T11:42:56.252+0000] {spark_submit.py:571} INFO - 24/06/14 11:42:56 INFO DAGScheduler: Got job 0 (showString at NativeMethodAccessorImpl.java:0) with 1 output partitions
[2024-06-14T11:42:56.256+0000] {spark_submit.py:571} INFO - 24/06/14 11:42:56 INFO DAGScheduler: Final stage: ResultStage 0 (showString at NativeMethodAccessorImpl.java:0)
[2024-06-14T11:42:56.259+0000] {spark_submit.py:571} INFO - 24/06/14 11:42:56 INFO DAGScheduler: Parents of final stage: List()
[2024-06-14T11:42:56.261+0000] {spark_submit.py:571} INFO - 24/06/14 11:42:56 INFO DAGScheduler: Missing parents: List()
[2024-06-14T11:42:56.269+0000] {spark_submit.py:571} INFO - 24/06/14 11:42:56 INFO DAGScheduler: Submitting ResultStage 0 (MapPartitionsRDD[6] at showString at NativeMethodAccessorImpl.java:0), which has no missing parents
[2024-06-14T11:42:56.481+0000] {spark_submit.py:571} INFO - 24/06/14 11:42:56 INFO MemoryStore: Block broadcast_0 stored as values in memory (estimated size 12.4 KiB, free 434.4 MiB)
[2024-06-14T11:42:56.779+0000] {spark_submit.py:571} INFO - 24/06/14 11:42:56 INFO MemoryStore: Block broadcast_0_piece0 stored as bytes in memory (estimated size 6.6 KiB, free 434.4 MiB)
[2024-06-14T11:42:56.789+0000] {spark_submit.py:571} INFO - 24/06/14 11:42:56 INFO BlockManagerInfo: Added broadcast_0_piece0 in memory on 963b3fbfa4c9:43649 (size: 6.6 KiB, free: 434.4 MiB)
[2024-06-14T11:42:56.798+0000] {spark_submit.py:571} INFO - 24/06/14 11:42:56 INFO SparkContext: Created broadcast 0 from broadcast at DAGScheduler.scala:1535
[2024-06-14T11:42:56.819+0000] {spark_submit.py:571} INFO - 24/06/14 11:42:56 INFO DAGScheduler: Submitting 1 missing tasks from ResultStage 0 (MapPartitionsRDD[6] at showString at NativeMethodAccessorImpl.java:0) (first 15 tasks are for partitions Vector(0))
[2024-06-14T11:42:56.823+0000] {spark_submit.py:571} INFO - 24/06/14 11:42:56 INFO TaskSchedulerImpl: Adding task set 0.0 with 1 tasks resource profile 0
[2024-06-14T11:42:56.888+0000] {spark_submit.py:571} INFO - 24/06/14 11:42:56 INFO TaskSetManager: Starting task 0.0 in stage 0.0 (TID 0) (172.18.0.5, executor 0, partition 0, PROCESS_LOCAL, 7384 bytes)
[2024-06-14T11:42:58.010+0000] {spark_submit.py:571} INFO - 24/06/14 11:42:58 INFO BlockManagerInfo: Added broadcast_0_piece0 in memory on 172.18.0.5:44061 (size: 6.6 KiB, free: 434.4 MiB)
[2024-06-14T11:43:07.603+0000] {spark_submit.py:571} INFO - 24/06/14 11:43:07 INFO TaskSetManager: Finished task 0.0 in stage 0.0 (TID 0) in 10729 ms on 172.18.0.5 (executor 0) (1/1)
[2024-06-14T11:43:07.638+0000] {spark_submit.py:571} INFO - 24/06/14 11:43:07 INFO TaskSchedulerImpl: Removed TaskSet 0.0, whose tasks have all completed, from pool
[2024-06-14T11:43:07.665+0000] {spark_submit.py:571} INFO - 24/06/14 11:43:07 INFO PythonAccumulatorV2: Connected to AccumulatorServer at host: 127.0.0.1 port: 36923
[2024-06-14T11:43:07.771+0000] {spark_submit.py:571} INFO - 24/06/14 11:43:07 INFO DAGScheduler: ResultStage 0 (showString at NativeMethodAccessorImpl.java:0) finished in 11.459 s
[2024-06-14T11:43:07.789+0000] {spark_submit.py:571} INFO - 24/06/14 11:43:07 INFO DAGScheduler: Job 0 is finished. Cancelling potential speculative or zombie tasks for this job
[2024-06-14T11:43:07.794+0000] {spark_submit.py:571} INFO - 24/06/14 11:43:07 INFO TaskSchedulerImpl: Killing all running tasks in stage 0: Stage finished
[2024-06-14T11:43:07.802+0000] {spark_submit.py:571} INFO - 24/06/14 11:43:07 INFO DAGScheduler: Job 0 finished: showString at NativeMethodAccessorImpl.java:0, took 11.587711 s
[2024-06-14T11:43:08.155+0000] {spark_submit.py:571} INFO - 24/06/14 11:43:08 INFO SparkContext: Starting job: showString at NativeMethodAccessorImpl.java:0
[2024-06-14T11:43:08.161+0000] {spark_submit.py:571} INFO - 24/06/14 11:43:08 INFO DAGScheduler: Got job 1 (showString at NativeMethodAccessorImpl.java:0) with 1 output partitions
[2024-06-14T11:43:08.172+0000] {spark_submit.py:571} INFO - 24/06/14 11:43:08 INFO DAGScheduler: Final stage: ResultStage 1 (showString at NativeMethodAccessorImpl.java:0)
[2024-06-14T11:43:08.176+0000] {spark_submit.py:571} INFO - 24/06/14 11:43:08 INFO DAGScheduler: Parents of final stage: List()
[2024-06-14T11:43:08.181+0000] {spark_submit.py:571} INFO - 24/06/14 11:43:08 INFO DAGScheduler: Missing parents: List()
[2024-06-14T11:43:08.182+0000] {spark_submit.py:571} INFO - 24/06/14 11:43:08 INFO DAGScheduler: Submitting ResultStage 1 (MapPartitionsRDD[6] at showString at NativeMethodAccessorImpl.java:0), which has no missing parents
[2024-06-14T11:43:08.188+0000] {spark_submit.py:571} INFO - 24/06/14 11:43:08 INFO MemoryStore: Block broadcast_1 stored as values in memory (estimated size 12.4 KiB, free 434.4 MiB)
[2024-06-14T11:43:08.203+0000] {spark_submit.py:571} INFO - 24/06/14 11:43:08 INFO MemoryStore: Block broadcast_1_piece0 stored as bytes in memory (estimated size 6.6 KiB, free 434.4 MiB)
[2024-06-14T11:43:08.233+0000] {spark_submit.py:571} INFO - 24/06/14 11:43:08 INFO BlockManagerInfo: Added broadcast_1_piece0 in memory on 963b3fbfa4c9:43649 (size: 6.6 KiB, free: 434.4 MiB)
[2024-06-14T11:43:08.240+0000] {spark_submit.py:571} INFO - 24/06/14 11:43:08 INFO SparkContext: Created broadcast 1 from broadcast at DAGScheduler.scala:1535
[2024-06-14T11:43:08.243+0000] {spark_submit.py:571} INFO - 24/06/14 11:43:08 INFO DAGScheduler: Submitting 1 missing tasks from ResultStage 1 (MapPartitionsRDD[6] at showString at NativeMethodAccessorImpl.java:0) (first 15 tasks are for partitions Vector(1))
[2024-06-14T11:43:08.245+0000] {spark_submit.py:571} INFO - 24/06/14 11:43:08 INFO TaskSchedulerImpl: Adding task set 1.0 with 1 tasks resource profile 0
[2024-06-14T11:43:08.247+0000] {spark_submit.py:571} INFO - 24/06/14 11:43:08 INFO TaskSetManager: Starting task 0.0 in stage 1.0 (TID 1) (172.18.0.5, executor 0, partition 1, PROCESS_LOCAL, 7417 bytes)
[2024-06-14T11:43:08.269+0000] {spark_submit.py:571} INFO - 24/06/14 11:43:08 INFO BlockManagerInfo: Removed broadcast_0_piece0 on 963b3fbfa4c9:43649 in memory (size: 6.6 KiB, free: 434.4 MiB)
[2024-06-14T11:43:08.420+0000] {spark_submit.py:571} INFO - 24/06/14 11:43:08 INFO BlockManagerInfo: Removed broadcast_0_piece0 on 172.18.0.5:44061 in memory (size: 6.6 KiB, free: 434.4 MiB)
[2024-06-14T11:43:08.438+0000] {spark_submit.py:571} INFO - 24/06/14 11:43:08 INFO BlockManagerInfo: Added broadcast_1_piece0 in memory on 172.18.0.5:44061 (size: 6.6 KiB, free: 434.4 MiB)
[2024-06-14T11:43:08.565+0000] {spark_submit.py:571} INFO - 24/06/14 11:43:08 INFO TaskSetManager: Finished task 0.0 in stage 1.0 (TID 1) in 322 ms on 172.18.0.5 (executor 0) (1/1)
[2024-06-14T11:43:08.568+0000] {spark_submit.py:571} INFO - 24/06/14 11:43:08 INFO TaskSchedulerImpl: Removed TaskSet 1.0, whose tasks have all completed, from pool
[2024-06-14T11:43:08.570+0000] {spark_submit.py:571} INFO - 24/06/14 11:43:08 INFO DAGScheduler: ResultStage 1 (showString at NativeMethodAccessorImpl.java:0) finished in 0.394 s
[2024-06-14T11:43:08.572+0000] {spark_submit.py:571} INFO - 24/06/14 11:43:08 INFO DAGScheduler: Job 1 is finished. Cancelling potential speculative or zombie tasks for this job
[2024-06-14T11:43:08.574+0000] {spark_submit.py:571} INFO - 24/06/14 11:43:08 INFO TaskSchedulerImpl: Killing all running tasks in stage 1: Stage finished
[2024-06-14T11:43:08.576+0000] {spark_submit.py:571} INFO - 24/06/14 11:43:08 INFO DAGScheduler: Job 1 finished: showString at NativeMethodAccessorImpl.java:0, took 0.415855 s
[2024-06-14T11:43:08.761+0000] {spark_submit.py:571} INFO - 24/06/14 11:43:08 INFO CodeGenerator: Code generated in 75.969834 ms
[2024-06-14T11:43:08.846+0000] {spark_submit.py:571} INFO - +-----+-----+
[2024-06-14T11:43:08.852+0000] {spark_submit.py:571} INFO - | word|count|
[2024-06-14T11:43:08.856+0000] {spark_submit.py:571} INFO - +-----+-----+
[2024-06-14T11:43:08.858+0000] {spark_submit.py:571} INFO - |Hello|    1|
[2024-06-14T11:43:08.863+0000] {spark_submit.py:571} INFO - |World|    2|
[2024-06-14T11:43:08.865+0000] {spark_submit.py:571} INFO - |    !|    3|
[2024-06-14T11:43:08.870+0000] {spark_submit.py:571} INFO - +-----+-----+
[2024-06-14T11:43:08.872+0000] {spark_submit.py:571} INFO - 
[2024-06-14T11:43:08.876+0000] {spark_submit.py:571} INFO - 24/06/14 11:43:08 INFO SparkContext: SparkContext is stopping with exitCode 0.
[2024-06-14T11:43:08.909+0000] {spark_submit.py:571} INFO - 24/06/14 11:43:08 INFO SparkUI: Stopped Spark web UI at http://963b3fbfa4c9:4040
[2024-06-14T11:43:08.927+0000] {spark_submit.py:571} INFO - 24/06/14 11:43:08 INFO StandaloneSchedulerBackend: Shutting down all executors
[2024-06-14T11:43:08.929+0000] {spark_submit.py:571} INFO - 24/06/14 11:43:08 INFO StandaloneSchedulerBackend$StandaloneDriverEndpoint: Asking each executor to shut down
[2024-06-14T11:43:09.019+0000] {spark_submit.py:571} INFO - 24/06/14 11:43:09 INFO MapOutputTrackerMasterEndpoint: MapOutputTrackerMasterEndpoint stopped!
[2024-06-14T11:43:09.140+0000] {spark_submit.py:571} INFO - 24/06/14 11:43:09 INFO MemoryStore: MemoryStore cleared
[2024-06-14T11:43:09.143+0000] {spark_submit.py:571} INFO - 24/06/14 11:43:09 INFO BlockManager: BlockManager stopped
[2024-06-14T11:43:09.153+0000] {spark_submit.py:571} INFO - 24/06/14 11:43:09 INFO BlockManagerMaster: BlockManagerMaster stopped
[2024-06-14T11:43:09.160+0000] {spark_submit.py:571} INFO - 24/06/14 11:43:09 INFO OutputCommitCoordinator$OutputCommitCoordinatorEndpoint: OutputCommitCoordinator stopped!
[2024-06-14T11:43:09.204+0000] {spark_submit.py:571} INFO - 24/06/14 11:43:09 INFO SparkContext: Successfully stopped SparkContext
[2024-06-14T11:43:10.165+0000] {spark_submit.py:571} INFO - 24/06/14 11:43:10 INFO ShutdownHookManager: Shutdown hook called
[2024-06-14T11:43:10.198+0000] {spark_submit.py:571} INFO - 24/06/14 11:43:10 INFO ShutdownHookManager: Deleting directory /tmp/spark-2b159764-145a-485a-a507-d61753001aa7/pyspark-d119fbde-361e-4465-af1c-d3ed93afd5f1
[2024-06-14T11:43:10.207+0000] {spark_submit.py:571} INFO - 24/06/14 11:43:10 INFO ShutdownHookManager: Deleting directory /tmp/spark-fdecd8e2-334c-44f6-8fc7-4d57ae81da96
[2024-06-14T11:43:10.212+0000] {spark_submit.py:571} INFO - 24/06/14 11:43:10 INFO ShutdownHookManager: Deleting directory /tmp/spark-2b159764-145a-485a-a507-d61753001aa7
[2024-06-14T11:43:10.792+0000] {taskinstance.py:1398} INFO - Marking task as SUCCESS. dag_id=simple_spark_dag, task_id=spark_submit_task, execution_date=20240614T114228, start_date=20240614T114231, end_date=20240614T114310
[2024-06-14T11:43:11.138+0000] {local_task_job_runner.py:228} INFO - Task exited with return code 0
[2024-06-14T11:43:11.326+0000] {taskinstance.py:2776} INFO - 0 downstream tasks scheduled from follow-on schedule check
