[2024-06-14T09:25:00.390+0000] {taskinstance.py:1157} INFO - Dependencies all met for dep_context=non-requeueable deps ti=<TaskInstance: Spark_dag.spark_query_csv manual__2024-06-14T09:24:57.433749+00:00 [queued]>
[2024-06-14T09:25:00.396+0000] {taskinstance.py:1157} INFO - Dependencies all met for dep_context=requeueable deps ti=<TaskInstance: Spark_dag.spark_query_csv manual__2024-06-14T09:24:57.433749+00:00 [queued]>
[2024-06-14T09:25:00.396+0000] {taskinstance.py:1359} INFO - Starting attempt 1 of 1
[2024-06-14T09:25:00.406+0000] {taskinstance.py:1380} INFO - Executing <Task(SparkSubmitOperator): spark_query_csv> on 2024-06-14 09:24:57.433749+00:00
[2024-06-14T09:25:00.420+0000] {standard_task_runner.py:57} INFO - Started process 4322 to run task
[2024-06-14T09:25:00.426+0000] {standard_task_runner.py:84} INFO - Running: ['***', 'tasks', 'run', 'Spark_dag', 'spark_query_csv', 'manual__2024-06-14T09:24:57.433749+00:00', '--job-id', '52', '--raw', '--subdir', 'DAGS_FOLDER/Spark_dag.py', '--cfg-path', '/tmp/tmpfx7dcr6f']
[2024-06-14T09:25:00.433+0000] {standard_task_runner.py:85} INFO - Job 52: Subtask spark_query_csv
[2024-06-14T09:25:00.487+0000] {task_command.py:415} INFO - Running <TaskInstance: Spark_dag.spark_query_csv manual__2024-06-14T09:24:57.433749+00:00 [running]> on host 963b3fbfa4c9
[2024-06-14T09:25:00.552+0000] {taskinstance.py:1660} INFO - Exporting env vars: AIRFLOW_CTX_DAG_OWNER='***' AIRFLOW_CTX_DAG_ID='Spark_dag' AIRFLOW_CTX_TASK_ID='spark_query_csv' AIRFLOW_CTX_EXECUTION_DATE='2024-06-14T09:24:57.433749+00:00' AIRFLOW_CTX_TRY_NUMBER='1' AIRFLOW_CTX_DAG_RUN_ID='manual__2024-06-14T09:24:57.433749+00:00'
[2024-06-14T09:25:00.562+0000] {base.py:73} INFO - Using connection ID 'Spark_connection' for task execution.
[2024-06-14T09:25:00.564+0000] {spark_submit.py:401} INFO - Spark-Submit cmd: spark-submit --master spark://spark-master:7077 --conf spark.master=spark://spark-master:7077 --conf spark.hadoop.fs.s3a.endpoint=http://host.docker.internal:9000 --conf spark.hadoop.fs.s3a.access.key=fPMHZA3ZV0g2so9iydgd --conf spark.hadoop.fs.s3a.secret.key=****** --conf spark.hadoop.fs.s3a.path.style.access=true --conf spark.hadoop.fs.s3a.impl=org.apache.hadoop.fs.s3a.S3AFileSystem --name arrow-spark --deploy-mode client jobs/python/pyspark_test.py s3a://data-lake/allstockprice.csv fPMHZA3ZV0g2so9iydgd 2wY04v8tSwkpVb054WFro0AP6SJ4mjvHbVHurSUp
[2024-06-14T09:25:00.692+0000] {spark_submit.py:571} INFO - /home/***/.local/lib/python3.9/site-packages/pyspark/bin/load-spark-env.sh: line 68: ps: command not found
[2024-06-14T09:25:03.420+0000] {spark_submit.py:571} INFO - 24/06/14 09:25:03 INFO SparkContext: Running Spark version 3.4.0
[2024-06-14T09:25:03.510+0000] {spark_submit.py:571} INFO - 24/06/14 09:25:03 WARN NativeCodeLoader: Unable to load native-hadoop library for your platform... using builtin-java classes where applicable
[2024-06-14T09:25:03.637+0000] {spark_submit.py:571} INFO - 24/06/14 09:25:03 INFO ResourceUtils: ==============================================================
[2024-06-14T09:25:03.638+0000] {spark_submit.py:571} INFO - 24/06/14 09:25:03 INFO ResourceUtils: No custom resources configured for spark.driver.
[2024-06-14T09:25:03.640+0000] {spark_submit.py:571} INFO - 24/06/14 09:25:03 INFO ResourceUtils: ==============================================================
[2024-06-14T09:25:03.643+0000] {spark_submit.py:571} INFO - 24/06/14 09:25:03 INFO SparkContext: Submitted application: HelloWorld
[2024-06-14T09:25:03.674+0000] {spark_submit.py:571} INFO - 24/06/14 09:25:03 INFO ResourceProfile: Default ResourceProfile created, executor resources: Map(memory -> name: memory, amount: 1024, script: , vendor: , offHeap -> name: offHeap, amount: 0, script: , vendor: ), task resources: Map(cpus -> name: cpus, amount: 1.0)
[2024-06-14T09:25:03.682+0000] {spark_submit.py:571} INFO - 24/06/14 09:25:03 INFO ResourceProfile: Limiting resource is cpu
[2024-06-14T09:25:03.684+0000] {spark_submit.py:571} INFO - 24/06/14 09:25:03 INFO ResourceProfileManager: Added ResourceProfile id: 0
[2024-06-14T09:25:03.785+0000] {spark_submit.py:571} INFO - 24/06/14 09:25:03 INFO SecurityManager: Changing view acls to: ***
[2024-06-14T09:25:03.790+0000] {spark_submit.py:571} INFO - 24/06/14 09:25:03 INFO SecurityManager: Changing modify acls to: ***
[2024-06-14T09:25:03.791+0000] {spark_submit.py:571} INFO - 24/06/14 09:25:03 INFO SecurityManager: Changing view acls groups to:
[2024-06-14T09:25:03.793+0000] {spark_submit.py:571} INFO - 24/06/14 09:25:03 INFO SecurityManager: Changing modify acls groups to:
[2024-06-14T09:25:03.794+0000] {spark_submit.py:571} INFO - 24/06/14 09:25:03 INFO SecurityManager: SecurityManager: authentication disabled; ui acls disabled; users with view permissions: ***; groups with view permissions: EMPTY; users with modify permissions: ***; groups with modify permissions: EMPTY
[2024-06-14T09:25:04.375+0000] {spark_submit.py:571} INFO - 24/06/14 09:25:04 INFO Utils: Successfully started service 'sparkDriver' on port 46079.
[2024-06-14T09:25:04.464+0000] {spark_submit.py:571} INFO - 24/06/14 09:25:04 INFO SparkEnv: Registering MapOutputTracker
[2024-06-14T09:25:04.560+0000] {spark_submit.py:571} INFO - 24/06/14 09:25:04 INFO SparkEnv: Registering BlockManagerMaster
[2024-06-14T09:25:04.593+0000] {spark_submit.py:571} INFO - 24/06/14 09:25:04 INFO BlockManagerMasterEndpoint: Using org.apache.spark.storage.DefaultTopologyMapper for getting topology information
[2024-06-14T09:25:04.623+0000] {spark_submit.py:571} INFO - 24/06/14 09:25:04 INFO BlockManagerMasterEndpoint: BlockManagerMasterEndpoint up
[2024-06-14T09:25:04.627+0000] {spark_submit.py:571} INFO - 24/06/14 09:25:04 INFO SparkEnv: Registering BlockManagerMasterHeartbeat
[2024-06-14T09:25:04.630+0000] {spark_submit.py:571} INFO - 24/06/14 09:25:04 INFO DiskBlockManager: Created local directory at /tmp/blockmgr-1069276b-1708-40ed-b67f-47376a752ea4
[2024-06-14T09:25:04.648+0000] {spark_submit.py:571} INFO - 24/06/14 09:25:04 INFO MemoryStore: MemoryStore started with capacity 434.4 MiB
[2024-06-14T09:25:04.667+0000] {spark_submit.py:571} INFO - 24/06/14 09:25:04 INFO SparkEnv: Registering OutputCommitCoordinator
[2024-06-14T09:25:04.853+0000] {spark_submit.py:571} INFO - 24/06/14 09:25:04 INFO JettyUtils: Start Jetty 0.0.0.0:4040 for SparkUI
[2024-06-14T09:25:04.909+0000] {spark_submit.py:571} INFO - 24/06/14 09:25:04 INFO Utils: Successfully started service 'SparkUI' on port 4040.
[2024-06-14T09:25:04.996+0000] {spark_submit.py:571} INFO - 24/06/14 09:25:04 INFO StandaloneAppClient$ClientEndpoint: Connecting to master spark://spark-master:7077...
[2024-06-14T09:25:05.099+0000] {spark_submit.py:571} INFO - 24/06/14 09:25:05 INFO TransportClientFactory: Successfully created connection to spark-master/172.18.0.3:7077 after 62 ms (0 ms spent in bootstraps)
[2024-06-14T09:25:05.570+0000] {spark_submit.py:571} INFO - 24/06/14 09:25:05 INFO StandaloneSchedulerBackend: Connected to Spark cluster with app ID app-20240614092505-0003
[2024-06-14T09:25:05.589+0000] {spark_submit.py:571} INFO - 24/06/14 09:25:05 INFO Utils: Successfully started service 'org.apache.spark.network.netty.NettyBlockTransferService' on port 46185.
[2024-06-14T09:25:05.593+0000] {spark_submit.py:571} INFO - 24/06/14 09:25:05 INFO NettyBlockTransferService: Server created on 963b3fbfa4c9:46185
[2024-06-14T09:25:05.597+0000] {spark_submit.py:571} INFO - 24/06/14 09:25:05 INFO BlockManager: Using org.apache.spark.storage.RandomBlockReplicationPolicy for block replication policy
[2024-06-14T09:25:05.606+0000] {spark_submit.py:571} INFO - 24/06/14 09:25:05 INFO StandaloneAppClient$ClientEndpoint: Executor added: app-20240614092505-0003/0 on worker-20240614074744-172.18.0.5-36477 (172.18.0.5:36477) with 2 core(s)
[2024-06-14T09:25:05.610+0000] {spark_submit.py:571} INFO - 24/06/14 09:25:05 INFO BlockManagerMaster: Registering BlockManager BlockManagerId(driver, 963b3fbfa4c9, 46185, None)
[2024-06-14T09:25:05.614+0000] {spark_submit.py:571} INFO - 24/06/14 09:25:05 INFO StandaloneSchedulerBackend: Granted executor ID app-20240614092505-0003/0 on hostPort 172.18.0.5:36477 with 2 core(s), 1024.0 MiB RAM
[2024-06-14T09:25:05.617+0000] {spark_submit.py:571} INFO - 24/06/14 09:25:05 INFO BlockManagerMasterEndpoint: Registering block manager 963b3fbfa4c9:46185 with 434.4 MiB RAM, BlockManagerId(driver, 963b3fbfa4c9, 46185, None)
[2024-06-14T09:25:05.621+0000] {spark_submit.py:571} INFO - 24/06/14 09:25:05 INFO BlockManagerMaster: Registered BlockManager BlockManagerId(driver, 963b3fbfa4c9, 46185, None)
[2024-06-14T09:25:05.623+0000] {spark_submit.py:571} INFO - 24/06/14 09:25:05 INFO BlockManager: Initialized BlockManager: BlockManagerId(driver, 963b3fbfa4c9, 46185, None)
[2024-06-14T09:25:06.007+0000] {spark_submit.py:571} INFO - 24/06/14 09:25:06 INFO StandaloneSchedulerBackend: SchedulerBackend is ready for scheduling beginning after reached minRegisteredResourcesRatio: 0.0
[2024-06-14T09:25:06.314+0000] {spark_submit.py:571} INFO - Spark version: 3.4.0
[2024-06-14T09:25:08.383+0000] {spark_submit.py:571} INFO - 24/06/14 09:25:08 INFO StandaloneAppClient$ClientEndpoint: Executor updated: app-20240614092505-0003/0 is now RUNNING
[2024-06-14T09:25:10.846+0000] {spark_submit.py:571} INFO - 24/06/14 09:25:10 INFO SharedState: Setting hive.metastore.warehouse.dir ('null') to the value of spark.sql.warehouse.dir.
[2024-06-14T09:25:10.883+0000] {spark_submit.py:571} INFO - 24/06/14 09:25:10 INFO SharedState: Warehouse path is 'file:/opt/***/spark-warehouse'.
[2024-06-14T09:25:22.851+0000] {spark_submit.py:571} INFO - 24/06/14 09:25:22 INFO StandaloneSchedulerBackend$StandaloneDriverEndpoint: Registered executor NettyRpcEndpointRef(spark-client://Executor) (172.18.0.5:35270) with ID 0,  ResourceProfileId 0
[2024-06-14T09:25:22.949+0000] {spark_submit.py:571} INFO - 24/06/14 09:25:22 INFO BlockManagerMasterEndpoint: Registering block manager 172.18.0.5:40873 with 434.4 MiB RAM, BlockManagerId(0, 172.18.0.5, 40873, None)
[2024-06-14T09:25:25.249+0000] {spark_submit.py:571} INFO - 24/06/14 09:25:25 INFO CodeGenerator: Code generated in 573.742833 ms
[2024-06-14T09:25:25.308+0000] {spark_submit.py:571} INFO - 24/06/14 09:25:25 INFO SparkContext: Starting job: showString at NativeMethodAccessorImpl.java:0
[2024-06-14T09:25:25.320+0000] {spark_submit.py:571} INFO - 24/06/14 09:25:25 INFO DAGScheduler: Got job 0 (showString at NativeMethodAccessorImpl.java:0) with 1 output partitions
[2024-06-14T09:25:25.327+0000] {spark_submit.py:571} INFO - 24/06/14 09:25:25 INFO DAGScheduler: Final stage: ResultStage 0 (showString at NativeMethodAccessorImpl.java:0)
[2024-06-14T09:25:25.343+0000] {spark_submit.py:571} INFO - 24/06/14 09:25:25 INFO DAGScheduler: Parents of final stage: List()
[2024-06-14T09:25:25.356+0000] {spark_submit.py:571} INFO - 24/06/14 09:25:25 INFO DAGScheduler: Missing parents: List()
[2024-06-14T09:25:25.373+0000] {spark_submit.py:571} INFO - 24/06/14 09:25:25 INFO DAGScheduler: Submitting ResultStage 0 (MapPartitionsRDD[6] at showString at NativeMethodAccessorImpl.java:0), which has no missing parents
[2024-06-14T09:25:25.616+0000] {spark_submit.py:571} INFO - 24/06/14 09:25:25 INFO MemoryStore: Block broadcast_0 stored as values in memory (estimated size 12.4 KiB, free 434.4 MiB)
[2024-06-14T09:25:25.689+0000] {spark_submit.py:571} INFO - 24/06/14 09:25:25 INFO MemoryStore: Block broadcast_0_piece0 stored as bytes in memory (estimated size 6.6 KiB, free 434.4 MiB)
[2024-06-14T09:25:25.694+0000] {spark_submit.py:571} INFO - 24/06/14 09:25:25 INFO BlockManagerInfo: Added broadcast_0_piece0 in memory on 963b3fbfa4c9:46185 (size: 6.6 KiB, free: 434.4 MiB)
[2024-06-14T09:25:25.699+0000] {spark_submit.py:571} INFO - 24/06/14 09:25:25 INFO SparkContext: Created broadcast 0 from broadcast at DAGScheduler.scala:1535
[2024-06-14T09:25:25.720+0000] {spark_submit.py:571} INFO - 24/06/14 09:25:25 INFO DAGScheduler: Submitting 1 missing tasks from ResultStage 0 (MapPartitionsRDD[6] at showString at NativeMethodAccessorImpl.java:0) (first 15 tasks are for partitions Vector(0))
[2024-06-14T09:25:25.727+0000] {spark_submit.py:571} INFO - 24/06/14 09:25:25 INFO TaskSchedulerImpl: Adding task set 0.0 with 1 tasks resource profile 0
[2024-06-14T09:25:25.781+0000] {spark_submit.py:571} INFO - 24/06/14 09:25:25 INFO TaskSetManager: Starting task 0.0 in stage 0.0 (TID 0) (172.18.0.5, executor 0, partition 0, PROCESS_LOCAL, 7384 bytes)
[2024-06-14T09:25:26.215+0000] {spark_submit.py:571} INFO - 24/06/14 09:25:26 INFO BlockManagerInfo: Added broadcast_0_piece0 in memory on 172.18.0.5:40873 (size: 6.6 KiB, free: 434.4 MiB)
[2024-06-14T09:25:32.562+0000] {spark_submit.py:571} INFO - 24/06/14 09:25:32 INFO TaskSetManager: Finished task 0.0 in stage 0.0 (TID 0) in 6769 ms on 172.18.0.5 (executor 0) (1/1)
[2024-06-14T09:25:32.571+0000] {spark_submit.py:571} INFO - 24/06/14 09:25:32 INFO TaskSchedulerImpl: Removed TaskSet 0.0, whose tasks have all completed, from pool
[2024-06-14T09:25:32.593+0000] {spark_submit.py:571} INFO - 24/06/14 09:25:32 INFO PythonAccumulatorV2: Connected to AccumulatorServer at host: 127.0.0.1 port: 53171
[2024-06-14T09:25:32.624+0000] {spark_submit.py:571} INFO - 24/06/14 09:25:32 INFO DAGScheduler: ResultStage 0 (showString at NativeMethodAccessorImpl.java:0) finished in 7.218 s
[2024-06-14T09:25:32.630+0000] {spark_submit.py:571} INFO - 24/06/14 09:25:32 INFO DAGScheduler: Job 0 is finished. Cancelling potential speculative or zombie tasks for this job
[2024-06-14T09:25:32.633+0000] {spark_submit.py:571} INFO - 24/06/14 09:25:32 INFO TaskSchedulerImpl: Killing all running tasks in stage 0: Stage finished
[2024-06-14T09:25:32.636+0000] {spark_submit.py:571} INFO - 24/06/14 09:25:32 INFO DAGScheduler: Job 0 finished: showString at NativeMethodAccessorImpl.java:0, took 7.327144 s
[2024-06-14T09:25:32.661+0000] {spark_submit.py:571} INFO - 24/06/14 09:25:32 INFO SparkContext: Starting job: showString at NativeMethodAccessorImpl.java:0
[2024-06-14T09:25:32.665+0000] {spark_submit.py:571} INFO - 24/06/14 09:25:32 INFO DAGScheduler: Got job 1 (showString at NativeMethodAccessorImpl.java:0) with 1 output partitions
[2024-06-14T09:25:32.666+0000] {spark_submit.py:571} INFO - 24/06/14 09:25:32 INFO DAGScheduler: Final stage: ResultStage 1 (showString at NativeMethodAccessorImpl.java:0)
[2024-06-14T09:25:32.669+0000] {spark_submit.py:571} INFO - 24/06/14 09:25:32 INFO DAGScheduler: Parents of final stage: List()
[2024-06-14T09:25:32.671+0000] {spark_submit.py:571} INFO - 24/06/14 09:25:32 INFO DAGScheduler: Missing parents: List()
[2024-06-14T09:25:32.673+0000] {spark_submit.py:571} INFO - 24/06/14 09:25:32 INFO DAGScheduler: Submitting ResultStage 1 (MapPartitionsRDD[6] at showString at NativeMethodAccessorImpl.java:0), which has no missing parents
[2024-06-14T09:25:32.688+0000] {spark_submit.py:571} INFO - 24/06/14 09:25:32 INFO MemoryStore: Block broadcast_1 stored as values in memory (estimated size 12.4 KiB, free 434.4 MiB)
[2024-06-14T09:25:32.735+0000] {spark_submit.py:571} INFO - 24/06/14 09:25:32 INFO MemoryStore: Block broadcast_1_piece0 stored as bytes in memory (estimated size 6.6 KiB, free 434.4 MiB)
[2024-06-14T09:25:32.738+0000] {spark_submit.py:571} INFO - 24/06/14 09:25:32 INFO BlockManagerInfo: Added broadcast_1_piece0 in memory on 963b3fbfa4c9:46185 (size: 6.6 KiB, free: 434.4 MiB)
[2024-06-14T09:25:32.740+0000] {spark_submit.py:571} INFO - 24/06/14 09:25:32 INFO SparkContext: Created broadcast 1 from broadcast at DAGScheduler.scala:1535
[2024-06-14T09:25:32.743+0000] {spark_submit.py:571} INFO - 24/06/14 09:25:32 INFO DAGScheduler: Submitting 1 missing tasks from ResultStage 1 (MapPartitionsRDD[6] at showString at NativeMethodAccessorImpl.java:0) (first 15 tasks are for partitions Vector(1))
[2024-06-14T09:25:32.745+0000] {spark_submit.py:571} INFO - 24/06/14 09:25:32 INFO TaskSchedulerImpl: Adding task set 1.0 with 1 tasks resource profile 0
[2024-06-14T09:25:32.747+0000] {spark_submit.py:571} INFO - 24/06/14 09:25:32 INFO TaskSetManager: Starting task 0.0 in stage 1.0 (TID 1) (172.18.0.5, executor 0, partition 1, PROCESS_LOCAL, 7417 bytes)
[2024-06-14T09:25:32.795+0000] {spark_submit.py:571} INFO - 24/06/14 09:25:32 INFO BlockManagerInfo: Added broadcast_1_piece0 in memory on 172.18.0.5:40873 (size: 6.6 KiB, free: 434.4 MiB)
[2024-06-14T09:25:32.916+0000] {spark_submit.py:571} INFO - 24/06/14 09:25:32 INFO TaskSetManager: Finished task 0.0 in stage 1.0 (TID 1) in 170 ms on 172.18.0.5 (executor 0) (1/1)
[2024-06-14T09:25:32.918+0000] {spark_submit.py:571} INFO - 24/06/14 09:25:32 INFO TaskSchedulerImpl: Removed TaskSet 1.0, whose tasks have all completed, from pool
[2024-06-14T09:25:32.924+0000] {spark_submit.py:571} INFO - 24/06/14 09:25:32 INFO DAGScheduler: ResultStage 1 (showString at NativeMethodAccessorImpl.java:0) finished in 0.241 s
[2024-06-14T09:25:32.926+0000] {spark_submit.py:571} INFO - 24/06/14 09:25:32 INFO DAGScheduler: Job 1 is finished. Cancelling potential speculative or zombie tasks for this job
[2024-06-14T09:25:32.928+0000] {spark_submit.py:571} INFO - 24/06/14 09:25:32 INFO TaskSchedulerImpl: Killing all running tasks in stage 1: Stage finished
[2024-06-14T09:25:32.930+0000] {spark_submit.py:571} INFO - 24/06/14 09:25:32 INFO DAGScheduler: Job 1 finished: showString at NativeMethodAccessorImpl.java:0, took 0.260038 s
[2024-06-14T09:25:33.000+0000] {spark_submit.py:571} INFO - 24/06/14 09:25:32 INFO CodeGenerator: Code generated in 32.140958 ms
[2024-06-14T09:25:33.031+0000] {spark_submit.py:571} INFO - +-----+-----+
[2024-06-14T09:25:33.032+0000] {spark_submit.py:571} INFO - | word|count|
[2024-06-14T09:25:33.034+0000] {spark_submit.py:571} INFO - +-----+-----+
[2024-06-14T09:25:33.037+0000] {spark_submit.py:571} INFO - |Hello|    1|
[2024-06-14T09:25:33.040+0000] {spark_submit.py:571} INFO - |World|    2|
[2024-06-14T09:25:33.045+0000] {spark_submit.py:571} INFO - |    !|    3|
[2024-06-14T09:25:33.052+0000] {spark_submit.py:571} INFO - +-----+-----+
[2024-06-14T09:25:33.055+0000] {spark_submit.py:571} INFO - 
[2024-06-14T09:25:33.056+0000] {spark_submit.py:571} INFO - 24/06/14 09:25:33 INFO SparkContext: SparkContext is stopping with exitCode 0.
[2024-06-14T09:25:33.082+0000] {spark_submit.py:571} INFO - 24/06/14 09:25:33 INFO SparkUI: Stopped Spark web UI at http://963b3fbfa4c9:4040
[2024-06-14T09:25:33.105+0000] {spark_submit.py:571} INFO - 24/06/14 09:25:33 INFO StandaloneSchedulerBackend: Shutting down all executors
[2024-06-14T09:25:33.109+0000] {spark_submit.py:571} INFO - 24/06/14 09:25:33 INFO StandaloneSchedulerBackend$StandaloneDriverEndpoint: Asking each executor to shut down
[2024-06-14T09:25:33.190+0000] {spark_submit.py:571} INFO - 24/06/14 09:25:33 INFO MapOutputTrackerMasterEndpoint: MapOutputTrackerMasterEndpoint stopped!
[2024-06-14T09:25:34.965+0000] {spark_submit.py:571} INFO - 24/06/14 09:25:34 INFO MemoryStore: MemoryStore cleared
[2024-06-14T09:25:34.988+0000] {spark_submit.py:571} INFO - 24/06/14 09:25:34 INFO BlockManager: BlockManager stopped
[2024-06-14T09:25:35.000+0000] {spark_submit.py:571} INFO - 24/06/14 09:25:34 INFO BlockManagerMaster: BlockManagerMaster stopped
[2024-06-14T09:25:35.018+0000] {spark_submit.py:571} INFO - 24/06/14 09:25:35 INFO OutputCommitCoordinator$OutputCommitCoordinatorEndpoint: OutputCommitCoordinator stopped!
[2024-06-14T09:25:35.104+0000] {spark_submit.py:571} INFO - 24/06/14 09:25:35 INFO SparkContext: Successfully stopped SparkContext
[2024-06-14T09:25:38.260+0000] {spark_submit.py:571} INFO - 24/06/14 09:25:38 INFO ShutdownHookManager: Shutdown hook called
[2024-06-14T09:25:38.282+0000] {spark_submit.py:571} INFO - 24/06/14 09:25:38 INFO ShutdownHookManager: Deleting directory /tmp/spark-619f9cab-929e-44d5-b27e-aba34077861b
[2024-06-14T09:25:38.299+0000] {spark_submit.py:571} INFO - 24/06/14 09:25:38 INFO ShutdownHookManager: Deleting directory /tmp/spark-eddf4d1c-6997-403b-a41e-7825690cedf6/pyspark-9fc761d2-b04b-4d65-b50c-24ff3af34f61
[2024-06-14T09:25:38.310+0000] {spark_submit.py:571} INFO - 24/06/14 09:25:38 INFO ShutdownHookManager: Deleting directory /tmp/spark-eddf4d1c-6997-403b-a41e-7825690cedf6
[2024-06-14T09:25:38.876+0000] {taskinstance.py:1398} INFO - Marking task as SUCCESS. dag_id=Spark_dag, task_id=spark_query_csv, execution_date=20240614T092457, start_date=20240614T092500, end_date=20240614T092538
[2024-06-14T09:25:39.076+0000] {local_task_job_runner.py:228} INFO - Task exited with return code 0
[2024-06-14T09:25:39.182+0000] {taskinstance.py:2776} INFO - 0 downstream tasks scheduled from follow-on schedule check
