[2024-06-14T07:37:27.534+0000] {taskinstance.py:1157} INFO - Dependencies all met for dep_context=non-requeueable deps ti=<TaskInstance: minio_upload_dag.crawl_data_task manual__2024-06-14T07:37:25.012753+00:00 [queued]>
[2024-06-14T07:37:27.549+0000] {taskinstance.py:1157} INFO - Dependencies all met for dep_context=requeueable deps ti=<TaskInstance: minio_upload_dag.crawl_data_task manual__2024-06-14T07:37:25.012753+00:00 [queued]>
[2024-06-14T07:37:27.552+0000] {taskinstance.py:1359} INFO - Starting attempt 1 of 2
[2024-06-14T07:37:27.565+0000] {taskinstance.py:1380} INFO - Executing <Task(PythonOperator): crawl_data_task> on 2024-06-14 07:37:25.012753+00:00
[2024-06-14T07:37:27.570+0000] {standard_task_runner.py:57} INFO - Started process 954 to run task
[2024-06-14T07:37:27.575+0000] {standard_task_runner.py:84} INFO - Running: ['***', 'tasks', 'run', 'minio_upload_dag', 'crawl_data_task', 'manual__2024-06-14T07:37:25.012753+00:00', '--job-id', '43', '--raw', '--subdir', 'DAGS_FOLDER/Upload_minio.py', '--cfg-path', '/tmp/tmpvp_xo0cu']
[2024-06-14T07:37:27.578+0000] {standard_task_runner.py:85} INFO - Job 43: Subtask crawl_data_task
[2024-06-14T07:37:27.645+0000] {task_command.py:415} INFO - Running <TaskInstance: minio_upload_dag.crawl_data_task manual__2024-06-14T07:37:25.012753+00:00 [running]> on host 28209c95e1f8
[2024-06-14T07:37:27.717+0000] {taskinstance.py:1660} INFO - Exporting env vars: AIRFLOW_CTX_DAG_OWNER='***' AIRFLOW_CTX_DAG_ID='minio_upload_dag' AIRFLOW_CTX_TASK_ID='crawl_data_task' AIRFLOW_CTX_EXECUTION_DATE='2024-06-14T07:37:25.012753+00:00' AIRFLOW_CTX_TRY_NUMBER='1' AIRFLOW_CTX_DAG_RUN_ID='manual__2024-06-14T07:37:25.012753+00:00'
[2024-06-14T07:41:58.079+0000] {local_task_job_runner.py:115} ERROR - Received SIGTERM. Terminating subprocesses
[2024-06-14T07:41:58.143+0000] {process_utils.py:131} INFO - Sending 15 to group 954. PIDs of all processes in the group: [954]
[2024-06-14T07:41:58.146+0000] {process_utils.py:86} INFO - Sending the signal 15 to group 954
[2024-06-14T07:41:58.163+0000] {taskinstance.py:1630} ERROR - Received SIGTERM. Terminating subprocesses.
[2024-06-14T07:41:58.253+0000] {taskinstance.py:1935} ERROR - Task failed with exception
Traceback (most recent call last):
  File "/home/airflow/.local/lib/python3.9/site-packages/airflow/operators/python.py", line 192, in execute
    return_value = self.execute_callable()
  File "/home/airflow/.local/lib/python3.9/site-packages/airflow/operators/python.py", line 209, in execute_callable
    return self.python_callable(*self.op_args, **self.op_kwargs)
  File "/opt/airflow/dags/Upload_minio.py", line 33, in crawl_data
    CrawlData.get_full_list_stock_price()
  File "/opt/airflow/code/CrawlData.py", line 31, in get_full_list_stock_price
    temp_df=pd.DataFrame(stock_historical_data(symbol=company, start_date=current_day(), end_date=current_day(), resolution="1D", type="stock", beautify=True, decor=False, source='DNSE'))
  File "/home/airflow/.local/lib/python3.9/site-packages/vnstock/technical.py", line 24, in stock_historical_data
    df = ohlc_data(symbol, start_date, end_date, resolution, type, headers=entrade_headers)
  File "/home/airflow/.local/lib/python3.9/site-packages/vnstock/technical.py", line 170, in ohlc_data
    response = requests.request("GET", url, headers=headers)
  File "/home/airflow/.local/lib/python3.9/site-packages/requests/api.py", line 59, in request
    return session.request(method=method, url=url, **kwargs)
  File "/home/airflow/.local/lib/python3.9/site-packages/requests/sessions.py", line 589, in request
    resp = self.send(prep, **send_kwargs)
  File "/home/airflow/.local/lib/python3.9/site-packages/requests/sessions.py", line 703, in send
    r = adapter.send(request, **kwargs)
  File "/home/airflow/.local/lib/python3.9/site-packages/requests/adapters.py", line 486, in send
    resp = conn.urlopen(
  File "/home/airflow/.local/lib/python3.9/site-packages/urllib3/connectionpool.py", line 714, in urlopen
    httplib_response = self._make_request(
  File "/home/airflow/.local/lib/python3.9/site-packages/urllib3/connectionpool.py", line 403, in _make_request
    self._validate_conn(conn)
  File "/home/airflow/.local/lib/python3.9/site-packages/urllib3/connectionpool.py", line 1053, in _validate_conn
    conn.connect()
  File "/home/airflow/.local/lib/python3.9/site-packages/urllib3/connection.py", line 419, in connect
    self.sock = ssl_wrap_socket(
  File "/home/airflow/.local/lib/python3.9/site-packages/urllib3/util/ssl_.py", line 449, in ssl_wrap_socket
    ssl_sock = _ssl_wrap_socket_impl(
  File "/home/airflow/.local/lib/python3.9/site-packages/urllib3/util/ssl_.py", line 493, in _ssl_wrap_socket_impl
    return ssl_context.wrap_socket(sock, server_hostname=server_hostname)
  File "/usr/local/lib/python3.9/ssl.py", line 501, in wrap_socket
    return self.sslsocket_class._create(
  File "/usr/local/lib/python3.9/ssl.py", line 1074, in _create
    self.do_handshake()
  File "/usr/local/lib/python3.9/ssl.py", line 1343, in do_handshake
    self._sslobj.do_handshake()
  File "/home/airflow/.local/lib/python3.9/site-packages/airflow/models/taskinstance.py", line 1632, in signal_handler
    raise AirflowException("Task received SIGTERM signal")
airflow.exceptions.AirflowException: Task received SIGTERM signal
[2024-06-14T07:41:58.298+0000] {taskinstance.py:1398} INFO - Marking task as UP_FOR_RETRY. dag_id=minio_upload_dag, task_id=crawl_data_task, execution_date=20240614T073725, start_date=20240614T073727, end_date=20240614T074158
[2024-06-14T07:41:58.334+0000] {standard_task_runner.py:104} ERROR - Failed to execute job 43 for task crawl_data_task (Task received SIGTERM signal; 954)
[2024-06-14T07:41:58.377+0000] {process_utils.py:79} INFO - Process psutil.Process(pid=954, status='terminated', exitcode=1, started='07:37:26') (954) terminated with exit code 1
[2024-06-14T07:41:58.380+0000] {local_task_job_runner.py:228} INFO - Task exited with return code 143
[2024-06-14T07:41:58.421+0000] {taskinstance.py:2776} INFO - 0 downstream tasks scheduled from follow-on schedule check
