[2024-06-14T11:25:24.634+0000] {taskinstance.py:1157} INFO - Dependencies all met for dep_context=non-requeueable deps ti=<TaskInstance: spark_minio_example.spark_submit_task manual__2024-06-14T11:25:21.344870+00:00 [queued]>
[2024-06-14T11:25:24.645+0000] {taskinstance.py:1157} INFO - Dependencies all met for dep_context=requeueable deps ti=<TaskInstance: spark_minio_example.spark_submit_task manual__2024-06-14T11:25:21.344870+00:00 [queued]>
[2024-06-14T11:25:24.647+0000] {taskinstance.py:1359} INFO - Starting attempt 1 of 1
[2024-06-14T11:25:24.660+0000] {taskinstance.py:1380} INFO - Executing <Task(SparkSubmitOperator): spark_submit_task> on 2024-06-14 11:25:21.344870+00:00
[2024-06-14T11:25:24.682+0000] {standard_task_runner.py:57} INFO - Started process 7806 to run task
[2024-06-14T11:25:24.685+0000] {standard_task_runner.py:84} INFO - Running: ['***', 'tasks', 'run', 'spark_minio_example', 'spark_submit_task', 'manual__2024-06-14T11:25:21.344870+00:00', '--job-id', '60', '--raw', '--subdir', 'DAGS_FOLDER/simple_spark_dag.py', '--cfg-path', '/tmp/tmpd_759fy9']
[2024-06-14T11:25:24.689+0000] {standard_task_runner.py:85} INFO - Job 60: Subtask spark_submit_task
[2024-06-14T11:25:24.744+0000] {task_command.py:415} INFO - Running <TaskInstance: spark_minio_example.spark_submit_task manual__2024-06-14T11:25:21.344870+00:00 [running]> on host 963b3fbfa4c9
[2024-06-14T11:25:24.818+0000] {taskinstance.py:1660} INFO - Exporting env vars: AIRFLOW_CTX_DAG_OWNER='***' AIRFLOW_CTX_DAG_ID='spark_minio_example' AIRFLOW_CTX_TASK_ID='spark_submit_task' AIRFLOW_CTX_EXECUTION_DATE='2024-06-14T11:25:21.344870+00:00' AIRFLOW_CTX_TRY_NUMBER='1' AIRFLOW_CTX_DAG_RUN_ID='manual__2024-06-14T11:25:21.344870+00:00'
[2024-06-14T11:25:24.829+0000] {base.py:73} INFO - Using connection ID 'Spark_connection' for task execution.
[2024-06-14T11:25:24.831+0000] {spark_submit.py:401} INFO - Spark-Submit cmd: spark-submit --master spark://spark-master:7077 --conf spark.hadoop.fs.s3a.endpoint=http://minio:9000 --conf spark.hadoop.fs.s3a.access.key=khaiVDT2024 --conf spark.hadoop.fs.s3a.secret.key=****** --conf spark.hadoop.fs.s3a.path.style.access=true --name spark_minio_job --deploy-mode client /jobs/python/test2
[2024-06-14T11:25:25.060+0000] {spark_submit.py:571} INFO - /home/***/.local/lib/python3.9/site-packages/pyspark/bin/load-spark-env.sh: line 68: ps: command not found
[2024-06-14T11:25:32.574+0000] {spark_submit.py:571} INFO - 24/06/14 11:25:32 WARN NativeCodeLoader: Unable to load native-hadoop library for your platform... using builtin-java classes where applicable
[2024-06-14T11:25:32.881+0000] {spark_submit.py:571} INFO - Exception in thread "main" org.apache.spark.SparkException: Failed to get main class in JAR with error 'File file:/jobs/python/test2 does not exist'.  Please specify one with --class.
[2024-06-14T11:25:32.888+0000] {spark_submit.py:571} INFO - at org.apache.spark.deploy.SparkSubmit.error(SparkSubmit.scala:1038)
[2024-06-14T11:25:32.889+0000] {spark_submit.py:571} INFO - at org.apache.spark.deploy.SparkSubmit.prepareSubmitEnvironment(SparkSubmit.scala:524)
[2024-06-14T11:25:32.891+0000] {spark_submit.py:571} INFO - at org.apache.spark.deploy.SparkSubmit.org$apache$spark$deploy$SparkSubmit$$runMain(SparkSubmit.scala:955)
[2024-06-14T11:25:32.892+0000] {spark_submit.py:571} INFO - at org.apache.spark.deploy.SparkSubmit.doRunMain$1(SparkSubmit.scala:192)
[2024-06-14T11:25:32.893+0000] {spark_submit.py:571} INFO - at org.apache.spark.deploy.SparkSubmit.submit(SparkSubmit.scala:215)
[2024-06-14T11:25:32.894+0000] {spark_submit.py:571} INFO - at org.apache.spark.deploy.SparkSubmit.doSubmit(SparkSubmit.scala:91)
[2024-06-14T11:25:32.895+0000] {spark_submit.py:571} INFO - at org.apache.spark.deploy.SparkSubmit$$anon$2.doSubmit(SparkSubmit.scala:1111)
[2024-06-14T11:25:32.896+0000] {spark_submit.py:571} INFO - at org.apache.spark.deploy.SparkSubmit$.main(SparkSubmit.scala:1120)
[2024-06-14T11:25:32.896+0000] {spark_submit.py:571} INFO - at org.apache.spark.deploy.SparkSubmit.main(SparkSubmit.scala)
[2024-06-14T11:25:33.127+0000] {taskinstance.py:1935} ERROR - Task failed with exception
Traceback (most recent call last):
  File "/home/airflow/.local/lib/python3.9/site-packages/airflow/providers/apache/spark/operators/spark_submit.py", line 174, in execute
    self._hook.submit(self.application)
  File "/home/airflow/.local/lib/python3.9/site-packages/airflow/providers/apache/spark/hooks/spark_submit.py", line 502, in submit
    raise AirflowException(
airflow.exceptions.AirflowException: Cannot execute: spark-submit --master spark://spark-master:7077 --conf spark.hadoop.fs.s3a.endpoint=http://minio:9000 --conf spark.hadoop.fs.s3a.access.key=khaiVDT2024 --conf spark.hadoop.fs.s3a.secret.key=****** --conf spark.hadoop.fs.s3a.path.style.access=true --name spark_minio_job --deploy-mode client /jobs/python/test2. Error code is: 1.
[2024-06-14T11:25:33.149+0000] {taskinstance.py:1398} INFO - Marking task as FAILED. dag_id=spark_minio_example, task_id=spark_submit_task, execution_date=20240614T112521, start_date=20240614T112524, end_date=20240614T112533
[2024-06-14T11:25:33.174+0000] {standard_task_runner.py:104} ERROR - Failed to execute job 60 for task spark_submit_task (Cannot execute: spark-submit --master spark://spark-master:7077 --conf spark.hadoop.fs.s3a.endpoint=http://minio:9000 --conf spark.hadoop.fs.s3a.access.key=khaiVDT2024 --conf spark.hadoop.fs.s3a.secret.key=****** --conf spark.hadoop.fs.s3a.path.style.access=true --name spark_minio_job --deploy-mode client /jobs/python/test2. Error code is: 1.; 7806)
[2024-06-14T11:25:33.198+0000] {local_task_job_runner.py:228} INFO - Task exited with return code 1
[2024-06-14T11:25:33.244+0000] {taskinstance.py:2776} INFO - 0 downstream tasks scheduled from follow-on schedule check
