[2024-06-14T06:47:33.330+0000] {local_task_job_runner.py:120} INFO - ::group::Pre task execution logs
[2024-06-14T06:47:33.351+0000] {taskinstance.py:2076} INFO - Dependencies all met for dep_context=non-requeueable deps ti=<TaskInstance: minio_upload_dag.crawl_data_task scheduled__2024-06-13T00:00:00+00:00 [queued]>
[2024-06-14T06:47:33.357+0000] {taskinstance.py:2076} INFO - Dependencies all met for dep_context=requeueable deps ti=<TaskInstance: minio_upload_dag.crawl_data_task scheduled__2024-06-13T00:00:00+00:00 [queued]>
[2024-06-14T06:47:33.357+0000] {taskinstance.py:2306} INFO - Starting attempt 2 of 2
[2024-06-14T06:47:33.365+0000] {taskinstance.py:2330} INFO - Executing <Task(PythonOperator): crawl_data_task> on 2024-06-13 00:00:00+00:00
[2024-06-14T06:47:33.386+0000] {standard_task_runner.py:90} INFO - Running: ['***', 'tasks', 'run', 'minio_upload_dag', 'crawl_data_task', 'scheduled__2024-06-13T00:00:00+00:00', '--job-id', '165', '--raw', '--subdir', 'DAGS_FOLDER/Upload_minio.py', '--cfg-path', '/tmp/tmp8z795kji']
[2024-06-14T06:47:33.389+0000] {standard_task_runner.py:91} INFO - Job 165: Subtask crawl_data_task
[2024-06-14T06:47:33.390+0000] {logging_mixin.py:188} WARNING - /home/***/.local/lib/python3.12/site-packages/***/task/task_runner/standard_task_runner.py:61 DeprecationWarning: This process (pid=367) is multi-threaded, use of fork() may lead to deadlocks in the child.
[2024-06-14T06:47:33.393+0000] {standard_task_runner.py:63} INFO - Started process 369 to run task
[2024-06-14T06:47:33.450+0000] {task_command.py:426} INFO - Running <TaskInstance: minio_upload_dag.crawl_data_task scheduled__2024-06-13T00:00:00+00:00 [running]> on host 3ebf863eace4
[2024-06-14T06:47:33.521+0000] {taskinstance.py:2648} INFO - Exporting env vars: AIRFLOW_CTX_DAG_OWNER='***' AIRFLOW_CTX_DAG_ID='minio_upload_dag' AIRFLOW_CTX_TASK_ID='crawl_data_task' AIRFLOW_CTX_EXECUTION_DATE='2024-06-13T00:00:00+00:00' AIRFLOW_CTX_TRY_NUMBER='2' AIRFLOW_CTX_DAG_RUN_ID='scheduled__2024-06-13T00:00:00+00:00'
[2024-06-14T06:47:33.523+0000] {taskinstance.py:430} INFO - ::endgroup::
[2024-06-14T06:48:28.811+0000] {logging_mixin.py:188} INFO - Error in API response {"status":500,"code":"INTERNAL_SERVER_ERROR","message":"internal server error, please try again later"}
[2024-06-14T06:48:28.829+0000] {logging_mixin.py:188} INFO -  
[2024-06-14T06:48:28.830+0000] {taskinstance.py:441} INFO - ::group::Post task execution logs
[2024-06-14T06:48:28.846+0000] {taskinstance.py:2905} ERROR - Task failed with exception
Traceback (most recent call last):
  File "/home/airflow/.local/lib/python3.12/site-packages/airflow/models/taskinstance.py", line 465, in _execute_task
    result = _execute_callable(context=context, **execute_callable_kwargs)
             ^^^^^^^^^^^^^^^^^^^^^^^^^^^^^^^^^^^^^^^^^^^^^^^^^^^^^^^^^^^^^
  File "/home/airflow/.local/lib/python3.12/site-packages/airflow/models/taskinstance.py", line 432, in _execute_callable
    return execute_callable(context=context, **execute_callable_kwargs)
           ^^^^^^^^^^^^^^^^^^^^^^^^^^^^^^^^^^^^^^^^^^^^^^^^^^^^^^^^^^^^
  File "/home/airflow/.local/lib/python3.12/site-packages/airflow/models/baseoperator.py", line 401, in wrapper
    return func(self, *args, **kwargs)
           ^^^^^^^^^^^^^^^^^^^^^^^^^^^
  File "/home/airflow/.local/lib/python3.12/site-packages/airflow/operators/python.py", line 235, in execute
    return_value = self.execute_callable()
                   ^^^^^^^^^^^^^^^^^^^^^^^
  File "/home/airflow/.local/lib/python3.12/site-packages/airflow/operators/python.py", line 252, in execute_callable
    return self.python_callable(*self.op_args, **self.op_kwargs)
           ^^^^^^^^^^^^^^^^^^^^^^^^^^^^^^^^^^^^^^^^^^^^^^^^^^^^^
  File "/opt/airflow/dags/Upload_minio.py", line 33, in crawl_data
    CrawlData.get_full_list_stock_price()
  File "/opt/airflow/code/CrawlData.py", line 31, in get_full_list_stock_price
    temp_df=pd.DataFrame(stock_historical_data(symbol=company, start_date=current_day(), end_date=current_day(), resolution="1D", type="stock", beautify=True, decor=False, source='DNSE'))
                         ^^^^^^^^^^^^^^^^^^^^^^^^^^^^^^^^^^^^^^^^^^^^^^^^^^^^^^^^^^^^^^^^^^^^^^^^^^^^^^^^^^^^^^^^^^^^^^^^^^^^^^^^^^^^^^^^^^^^^^^^^^^^^^^^^^^^^^^^^^^^^^^^^^^^^^^^^^^^^^^^^
  File "/home/airflow/.local/lib/python3.12/site-packages/vnstock/technical.py", line 24, in stock_historical_data
    df = ohlc_data(symbol, start_date, end_date, resolution, type, headers=entrade_headers)
         ^^^^^^^^^^^^^^^^^^^^^^^^^^^^^^^^^^^^^^^^^^^^^^^^^^^^^^^^^^^^^^^^^^^^^^^^^^^^^^^^^^
  File "/home/airflow/.local/lib/python3.12/site-packages/vnstock/technical.py", line 191, in ohlc_data
    return df
           ^^
UnboundLocalError: cannot access local variable 'df' where it is not associated with a value
[2024-06-14T06:48:28.912+0000] {taskinstance.py:1206} INFO - Marking task as FAILED. dag_id=minio_upload_dag, task_id=crawl_data_task, run_id=scheduled__2024-06-13T00:00:00+00:00, execution_date=20240613T000000, start_date=20240614T064733, end_date=20240614T064828
[2024-06-14T06:48:28.938+0000] {standard_task_runner.py:110} ERROR - Failed to execute job 165 for task crawl_data_task (cannot access local variable 'df' where it is not associated with a value; 369)
[2024-06-14T06:48:28.987+0000] {local_task_job_runner.py:240} INFO - Task exited with return code 1
[2024-06-14T06:48:29.038+0000] {taskinstance.py:3503} INFO - 0 downstream tasks scheduled from follow-on schedule check
[2024-06-14T06:48:29.044+0000] {local_task_job_runner.py:222} INFO - ::endgroup::
