[2024-06-13T07:56:36.352+0000] {local_task_job_runner.py:120} INFO - ::group::Pre task execution logs
[2024-06-13T07:56:36.361+0000] {taskinstance.py:2076} INFO - Dependencies all met for dep_context=non-requeueable deps ti=<TaskInstance: StockETL_v01.sensor_minio_s3 scheduled__2024-06-12T00:00:00+00:00 [queued]>
[2024-06-13T07:56:36.366+0000] {taskinstance.py:2076} INFO - Dependencies all met for dep_context=requeueable deps ti=<TaskInstance: StockETL_v01.sensor_minio_s3 scheduled__2024-06-12T00:00:00+00:00 [queued]>
[2024-06-13T07:56:36.367+0000] {taskinstance.py:2306} INFO - Starting attempt 2 of 6
[2024-06-13T07:56:36.373+0000] {taskinstance.py:2330} INFO - Executing <Task(S3KeySensor): sensor_minio_s3> on 2024-06-12 00:00:00+00:00
[2024-06-13T07:56:36.379+0000] {standard_task_runner.py:90} INFO - Running: ['***', 'tasks', 'run', 'StockETL_v01', 'sensor_minio_s3', 'scheduled__2024-06-12T00:00:00+00:00', '--job-id', '79', '--raw', '--subdir', 'DAGS_FOLDER/StockETL_dag.py', '--cfg-path', '/tmp/tmpugyiuq1f']
[2024-06-13T07:56:36.381+0000] {standard_task_runner.py:91} INFO - Job 79: Subtask sensor_minio_s3
[2024-06-13T07:56:36.382+0000] {logging_mixin.py:188} WARNING - /home/***/.local/lib/python3.12/site-packages/***/task/task_runner/standard_task_runner.py:61 DeprecationWarning: This process (pid=6807) is multi-threaded, use of fork() may lead to deadlocks in the child.
[2024-06-13T07:56:36.383+0000] {standard_task_runner.py:63} INFO - Started process 6810 to run task
[2024-06-13T07:56:36.408+0000] {task_command.py:426} INFO - Running <TaskInstance: StockETL_v01.sensor_minio_s3 scheduled__2024-06-12T00:00:00+00:00 [running]> on host 5f6ee5e74cc8
[2024-06-13T07:56:36.447+0000] {taskinstance.py:2648} INFO - Exporting env vars: AIRFLOW_CTX_DAG_OWNER='chauminhkhai' AIRFLOW_CTX_DAG_ID='StockETL_v01' AIRFLOW_CTX_TASK_ID='sensor_minio_s3' AIRFLOW_CTX_EXECUTION_DATE='2024-06-12T00:00:00+00:00' AIRFLOW_CTX_TRY_NUMBER='2' AIRFLOW_CTX_DAG_RUN_ID='scheduled__2024-06-12T00:00:00+00:00'
[2024-06-13T07:56:36.451+0000] {taskinstance.py:430} INFO - ::endgroup::
[2024-06-13T07:56:36.460+0000] {baseoperator.py:400} WARNING - S3KeySensor.execute cannot be called outside TaskInstance!
[2024-06-13T07:56:36.461+0000] {s3.py:117} INFO - Poking for key : s3://vietnam-stock-data/stocprice.csv
[2024-06-13T07:56:36.468+0000] {base.py:84} INFO - Using connection ID 'minio_s3_connection' for task execution.
[2024-06-13T07:56:36.469+0000] {connection_wrapper.py:384} INFO - AWS Connection (conn_id='minio_s3_connection', conn_type='aws') credentials retrieved from login and password.
[2024-06-13T08:04:42.753+0000] {s3.py:117} INFO - Poking for key : s3://vietnam-stock-data/stocprice.csv
[2024-06-13T08:05:42.829+0000] {s3.py:117} INFO - Poking for key : s3://vietnam-stock-data/stocprice.csv
[2024-06-13T08:06:42.928+0000] {s3.py:117} INFO - Poking for key : s3://vietnam-stock-data/stocprice.csv
[2024-06-13T08:07:42.977+0000] {s3.py:117} INFO - Poking for key : s3://vietnam-stock-data/stocprice.csv
[2024-06-13T08:08:43.041+0000] {s3.py:117} INFO - Poking for key : s3://vietnam-stock-data/stocprice.csv
[2024-06-13T08:09:43.112+0000] {s3.py:117} INFO - Poking for key : s3://vietnam-stock-data/stocprice.csv
[2024-06-13T08:10:43.179+0000] {s3.py:117} INFO - Poking for key : s3://vietnam-stock-data/stocprice.csv
[2024-06-13T08:11:43.247+0000] {s3.py:117} INFO - Poking for key : s3://vietnam-stock-data/stocprice.csv
[2024-06-13T08:12:43.326+0000] {s3.py:117} INFO - Poking for key : s3://vietnam-stock-data/stocprice.csv
[2024-06-13T08:13:43.389+0000] {s3.py:117} INFO - Poking for key : s3://vietnam-stock-data/stocprice.csv
[2024-06-13T08:14:43.461+0000] {s3.py:117} INFO - Poking for key : s3://vietnam-stock-data/stocprice.csv
[2024-06-13T08:15:43.512+0000] {s3.py:117} INFO - Poking for key : s3://vietnam-stock-data/stocprice.csv
[2024-06-13T08:16:43.559+0000] {s3.py:117} INFO - Poking for key : s3://vietnam-stock-data/stocprice.csv
[2024-06-13T08:17:43.632+0000] {s3.py:117} INFO - Poking for key : s3://vietnam-stock-data/stocprice.csv
[2024-06-13T08:18:43.701+0000] {s3.py:117} INFO - Poking for key : s3://vietnam-stock-data/stocprice.csv
[2024-06-13T08:19:43.784+0000] {s3.py:117} INFO - Poking for key : s3://vietnam-stock-data/stocprice.csv
[2024-06-13T08:20:43.838+0000] {s3.py:117} INFO - Poking for key : s3://vietnam-stock-data/stocprice.csv
[2024-06-13T08:21:43.928+0000] {s3.py:117} INFO - Poking for key : s3://vietnam-stock-data/stocprice.csv
[2024-06-13T08:22:44.003+0000] {s3.py:117} INFO - Poking for key : s3://vietnam-stock-data/stocprice.csv
[2024-06-13T08:23:44.080+0000] {s3.py:117} INFO - Poking for key : s3://vietnam-stock-data/stocprice.csv
[2024-06-13T08:24:44.124+0000] {s3.py:117} INFO - Poking for key : s3://vietnam-stock-data/stocprice.csv
[2024-06-13T08:25:44.180+0000] {s3.py:117} INFO - Poking for key : s3://vietnam-stock-data/stocprice.csv
[2024-06-13T08:26:44.267+0000] {s3.py:117} INFO - Poking for key : s3://vietnam-stock-data/stocprice.csv
[2024-06-13T08:27:44.347+0000] {s3.py:117} INFO - Poking for key : s3://vietnam-stock-data/stocprice.csv
[2024-06-13T08:28:44.439+0000] {s3.py:117} INFO - Poking for key : s3://vietnam-stock-data/stocprice.csv
[2024-06-13T08:29:44.529+0000] {s3.py:117} INFO - Poking for key : s3://vietnam-stock-data/stocprice.csv
[2024-06-13T08:30:44.620+0000] {s3.py:117} INFO - Poking for key : s3://vietnam-stock-data/stocprice.csv
[2024-06-13T08:31:44.689+0000] {s3.py:117} INFO - Poking for key : s3://vietnam-stock-data/stocprice.csv
[2024-06-13T08:32:44.750+0000] {s3.py:117} INFO - Poking for key : s3://vietnam-stock-data/stocprice.csv
[2024-06-13T08:33:44.827+0000] {s3.py:117} INFO - Poking for key : s3://vietnam-stock-data/stocprice.csv
[2024-06-13T08:34:44.890+0000] {s3.py:117} INFO - Poking for key : s3://vietnam-stock-data/stocprice.csv
[2024-06-13T08:35:44.984+0000] {s3.py:117} INFO - Poking for key : s3://vietnam-stock-data/stocprice.csv
[2024-06-13T08:36:45.074+0000] {s3.py:117} INFO - Poking for key : s3://vietnam-stock-data/stocprice.csv
[2024-06-13T08:37:45.196+0000] {s3.py:117} INFO - Poking for key : s3://vietnam-stock-data/stocprice.csv
[2024-06-13T08:38:45.238+0000] {s3.py:117} INFO - Poking for key : s3://vietnam-stock-data/stocprice.csv
[2024-06-13T08:39:45.382+0000] {s3.py:117} INFO - Poking for key : s3://vietnam-stock-data/stocprice.csv
[2024-06-13T08:40:45.425+0000] {s3.py:117} INFO - Poking for key : s3://vietnam-stock-data/stocprice.csv
[2024-06-13T08:41:45.514+0000] {s3.py:117} INFO - Poking for key : s3://vietnam-stock-data/stocprice.csv
[2024-06-13T08:42:45.595+0000] {s3.py:117} INFO - Poking for key : s3://vietnam-stock-data/stocprice.csv
[2024-06-13T08:43:45.697+0000] {s3.py:117} INFO - Poking for key : s3://vietnam-stock-data/stocprice.csv
[2024-06-13T08:44:45.775+0000] {s3.py:117} INFO - Poking for key : s3://vietnam-stock-data/stocprice.csv
[2024-06-13T08:45:45.849+0000] {s3.py:117} INFO - Poking for key : s3://vietnam-stock-data/stocprice.csv
[2024-06-13T08:46:45.981+0000] {s3.py:117} INFO - Poking for key : s3://vietnam-stock-data/stocprice.csv
[2024-06-13T08:47:46.080+0000] {s3.py:117} INFO - Poking for key : s3://vietnam-stock-data/stocprice.csv
[2024-06-13T08:48:46.199+0000] {s3.py:117} INFO - Poking for key : s3://vietnam-stock-data/stocprice.csv
[2024-06-13T08:49:46.272+0000] {s3.py:117} INFO - Poking for key : s3://vietnam-stock-data/stocprice.csv
[2024-06-13T08:50:46.364+0000] {s3.py:117} INFO - Poking for key : s3://vietnam-stock-data/stocprice.csv
