[2024-06-14T07:30:51.402+0000] {taskinstance.py:1157} INFO - Dependencies all met for dep_context=non-requeueable deps ti=<TaskInstance: Spark_dag.query_job manual__2024-06-14T07:30:50.168879+00:00 [queued]>
[2024-06-14T07:30:51.409+0000] {taskinstance.py:1157} INFO - Dependencies all met for dep_context=requeueable deps ti=<TaskInstance: Spark_dag.query_job manual__2024-06-14T07:30:50.168879+00:00 [queued]>
[2024-06-14T07:30:51.410+0000] {taskinstance.py:1359} INFO - Starting attempt 1 of 2
[2024-06-14T07:30:51.417+0000] {taskinstance.py:1380} INFO - Executing <Task(SparkSubmitOperator): query_job> on 2024-06-14 07:30:50.168879+00:00
[2024-06-14T07:30:51.421+0000] {standard_task_runner.py:57} INFO - Started process 456 to run task
[2024-06-14T07:30:51.423+0000] {standard_task_runner.py:84} INFO - Running: ['***', 'tasks', 'run', 'Spark_dag', 'query_job', 'manual__2024-06-14T07:30:50.168879+00:00', '--job-id', '39', '--raw', '--subdir', 'DAGS_FOLDER/Spark_dag.py', '--cfg-path', '/tmp/tmp5t_6z6kp']
[2024-06-14T07:30:51.425+0000] {standard_task_runner.py:85} INFO - Job 39: Subtask query_job
[2024-06-14T07:30:51.468+0000] {task_command.py:415} INFO - Running <TaskInstance: Spark_dag.query_job manual__2024-06-14T07:30:50.168879+00:00 [running]> on host 28209c95e1f8
[2024-06-14T07:30:51.512+0000] {taskinstance.py:1660} INFO - Exporting env vars: AIRFLOW_CTX_DAG_OWNER='***' AIRFLOW_CTX_DAG_ID='Spark_dag' AIRFLOW_CTX_TASK_ID='query_job' AIRFLOW_CTX_EXECUTION_DATE='2024-06-14T07:30:50.168879+00:00' AIRFLOW_CTX_TRY_NUMBER='1' AIRFLOW_CTX_DAG_RUN_ID='manual__2024-06-14T07:30:50.168879+00:00'
[2024-06-14T07:30:51.519+0000] {base.py:73} INFO - Using connection ID 'Spark_connection' for task execution.
[2024-06-14T07:30:51.521+0000] {spark_submit.py:401} INFO - Spark-Submit cmd: spark-submit --master spark://spark-master:7077 --conf spark.driver.memory=1g --conf spark.executor.memory=1g --conf spark.executor.instances=1 --name arrow-spark --deploy-mode client jobs/python/pyspark_test.py
[2024-06-14T07:30:51.616+0000] {spark_submit.py:571} INFO - /home/***/.local/lib/python3.9/site-packages/pyspark/bin/load-spark-env.sh: line 68: ps: command not found
[2024-06-14T07:30:53.402+0000] {spark_submit.py:571} INFO - 24/06/14 07:30:53 INFO SparkContext: Running Spark version 3.5.1
[2024-06-14T07:30:53.403+0000] {spark_submit.py:571} INFO - 24/06/14 07:30:53 INFO SparkContext: OS info Linux, 6.6.22-linuxkit, aarch64
[2024-06-14T07:30:53.404+0000] {spark_submit.py:571} INFO - 24/06/14 07:30:53 INFO SparkContext: Java version 11.0.23
[2024-06-14T07:30:53.459+0000] {spark_submit.py:571} INFO - 24/06/14 07:30:53 WARN NativeCodeLoader: Unable to load native-hadoop library for your platform... using builtin-java classes where applicable
[2024-06-14T07:30:53.542+0000] {spark_submit.py:571} INFO - 24/06/14 07:30:53 INFO ResourceUtils: ==============================================================
[2024-06-14T07:30:53.544+0000] {spark_submit.py:571} INFO - 24/06/14 07:30:53 INFO ResourceUtils: No custom resources configured for spark.driver.
[2024-06-14T07:30:53.545+0000] {spark_submit.py:571} INFO - 24/06/14 07:30:53 INFO ResourceUtils: ==============================================================
[2024-06-14T07:30:53.545+0000] {spark_submit.py:571} INFO - 24/06/14 07:30:53 INFO SparkContext: Submitted application: HelloWorld
[2024-06-14T07:30:53.560+0000] {spark_submit.py:571} INFO - 24/06/14 07:30:53 INFO ResourceProfile: Default ResourceProfile created, executor resources: Map(memory -> name: memory, amount: 1024, script: , vendor: , offHeap -> name: offHeap, amount: 0, script: , vendor: ), task resources: Map(cpus -> name: cpus, amount: 1.0)
[2024-06-14T07:30:53.567+0000] {spark_submit.py:571} INFO - 24/06/14 07:30:53 INFO ResourceProfile: Limiting resource is cpu
[2024-06-14T07:30:53.568+0000] {spark_submit.py:571} INFO - 24/06/14 07:30:53 INFO ResourceProfileManager: Added ResourceProfile id: 0
[2024-06-14T07:30:53.612+0000] {spark_submit.py:571} INFO - 24/06/14 07:30:53 INFO SecurityManager: Changing view acls to: ***
[2024-06-14T07:30:53.613+0000] {spark_submit.py:571} INFO - 24/06/14 07:30:53 INFO SecurityManager: Changing modify acls to: ***
[2024-06-14T07:30:53.614+0000] {spark_submit.py:571} INFO - 24/06/14 07:30:53 INFO SecurityManager: Changing view acls groups to:
[2024-06-14T07:30:53.615+0000] {spark_submit.py:571} INFO - 24/06/14 07:30:53 INFO SecurityManager: Changing modify acls groups to:
[2024-06-14T07:30:53.616+0000] {spark_submit.py:571} INFO - 24/06/14 07:30:53 INFO SecurityManager: SecurityManager: authentication disabled; ui acls disabled; users with view permissions: ***; groups with view permissions: EMPTY; users with modify permissions: ***; groups with modify permissions: EMPTY
[2024-06-14T07:30:53.858+0000] {spark_submit.py:571} INFO - 24/06/14 07:30:53 INFO Utils: Successfully started service 'sparkDriver' on port 37933.
[2024-06-14T07:30:53.900+0000] {spark_submit.py:571} INFO - 24/06/14 07:30:53 INFO SparkEnv: Registering MapOutputTracker
[2024-06-14T07:30:53.959+0000] {spark_submit.py:571} INFO - 24/06/14 07:30:53 INFO SparkEnv: Registering BlockManagerMaster
[2024-06-14T07:30:53.980+0000] {spark_submit.py:571} INFO - 24/06/14 07:30:53 INFO BlockManagerMasterEndpoint: Using org.apache.spark.storage.DefaultTopologyMapper for getting topology information
[2024-06-14T07:30:53.980+0000] {spark_submit.py:571} INFO - 24/06/14 07:30:53 INFO BlockManagerMasterEndpoint: BlockManagerMasterEndpoint up
[2024-06-14T07:30:53.982+0000] {spark_submit.py:571} INFO - 24/06/14 07:30:53 INFO SparkEnv: Registering BlockManagerMasterHeartbeat
[2024-06-14T07:30:54.002+0000] {spark_submit.py:571} INFO - 24/06/14 07:30:54 INFO DiskBlockManager: Created local directory at /tmp/blockmgr-ca5ee755-b370-4f1f-9946-41ffd0a5f667
[2024-06-14T07:30:54.011+0000] {spark_submit.py:571} INFO - 24/06/14 07:30:54 INFO MemoryStore: MemoryStore started with capacity 434.4 MiB
[2024-06-14T07:30:54.021+0000] {spark_submit.py:571} INFO - 24/06/14 07:30:54 INFO SparkEnv: Registering OutputCommitCoordinator
[2024-06-14T07:30:54.119+0000] {spark_submit.py:571} INFO - 24/06/14 07:30:54 INFO JettyUtils: Start Jetty 0.0.0.0:4040 for SparkUI
[2024-06-14T07:30:54.162+0000] {spark_submit.py:571} INFO - 24/06/14 07:30:54 INFO Utils: Successfully started service 'SparkUI' on port 4040.
[2024-06-14T07:30:54.240+0000] {spark_submit.py:571} INFO - 24/06/14 07:30:54 INFO StandaloneAppClient$ClientEndpoint: Connecting to master spark://spark-master:7077...
[2024-06-14T07:30:54.283+0000] {spark_submit.py:571} INFO - 24/06/14 07:30:54 INFO TransportClientFactory: Successfully created connection to spark-master/172.18.0.3:7077 after 25 ms (0 ms spent in bootstraps)
[2024-06-14T07:30:54.429+0000] {spark_submit.py:571} INFO - 24/06/14 07:30:54 INFO StandaloneSchedulerBackend: Connected to Spark cluster with app ID app-20240614073054-0000
[2024-06-14T07:30:54.457+0000] {spark_submit.py:571} INFO - 24/06/14 07:30:54 INFO Utils: Successfully started service 'org.apache.spark.network.netty.NettyBlockTransferService' on port 34823.
[2024-06-14T07:30:54.458+0000] {spark_submit.py:571} INFO - 24/06/14 07:30:54 INFO NettyBlockTransferService: Server created on 28209c95e1f8:34823
[2024-06-14T07:30:54.460+0000] {spark_submit.py:571} INFO - 24/06/14 07:30:54 INFO StandaloneAppClient$ClientEndpoint: Executor added: app-20240614073054-0000/0 on worker-20240614072642-172.18.0.4-36519 (172.18.0.4:36519) with 2 core(s)
[2024-06-14T07:30:54.462+0000] {spark_submit.py:571} INFO - 24/06/14 07:30:54 INFO BlockManager: Using org.apache.spark.storage.RandomBlockReplicationPolicy for block replication policy
[2024-06-14T07:30:54.462+0000] {spark_submit.py:571} INFO - 24/06/14 07:30:54 INFO StandaloneSchedulerBackend: Granted executor ID app-20240614073054-0000/0 on hostPort 172.18.0.4:36519 with 2 core(s), 1024.0 MiB RAM
[2024-06-14T07:30:54.466+0000] {spark_submit.py:571} INFO - 24/06/14 07:30:54 INFO BlockManagerMaster: Registering BlockManager BlockManagerId(driver, 28209c95e1f8, 34823, None)
[2024-06-14T07:30:54.468+0000] {spark_submit.py:571} INFO - 24/06/14 07:30:54 INFO BlockManagerMasterEndpoint: Registering block manager 28209c95e1f8:34823 with 434.4 MiB RAM, BlockManagerId(driver, 28209c95e1f8, 34823, None)
[2024-06-14T07:30:54.471+0000] {spark_submit.py:571} INFO - 24/06/14 07:30:54 INFO BlockManagerMaster: Registered BlockManager BlockManagerId(driver, 28209c95e1f8, 34823, None)
[2024-06-14T07:30:54.472+0000] {spark_submit.py:571} INFO - 24/06/14 07:30:54 INFO BlockManager: Initialized BlockManager: BlockManagerId(driver, 28209c95e1f8, 34823, None)
[2024-06-14T07:30:54.661+0000] {spark_submit.py:571} INFO - 24/06/14 07:30:54 INFO StandaloneAppClient$ClientEndpoint: Executor updated: app-20240614073054-0000/0 is now RUNNING
[2024-06-14T07:30:54.731+0000] {spark_submit.py:571} INFO - 24/06/14 07:30:54 INFO StandaloneSchedulerBackend: SchedulerBackend is ready for scheduling beginning after reached minRegisteredResourcesRatio: 0.0
[2024-06-14T07:30:54.938+0000] {spark_submit.py:571} INFO - Spark version: 3.5.1
[2024-06-14T07:30:55.305+0000] {spark_submit.py:571} INFO - 24/06/14 07:30:55 INFO SharedState: Setting hive.metastore.warehouse.dir ('null') to the value of spark.sql.warehouse.dir.
[2024-06-14T07:30:55.315+0000] {spark_submit.py:571} INFO - 24/06/14 07:30:55 INFO SharedState: Warehouse path is 'file:/opt/***/spark-warehouse'.
[2024-06-14T07:30:56.737+0000] {spark_submit.py:571} INFO - 24/06/14 07:30:56 INFO StandaloneSchedulerBackend$StandaloneDriverEndpoint: Registered executor NettyRpcEndpointRef(spark-client://Executor) (172.18.0.4:53260) with ID 0,  ResourceProfileId 0
[2024-06-14T07:30:56.811+0000] {spark_submit.py:571} INFO - 24/06/14 07:30:56 INFO BlockManagerMasterEndpoint: Registering block manager 172.18.0.4:42309 with 434.4 MiB RAM, BlockManagerId(0, 172.18.0.4, 42309, None)
[2024-06-14T07:30:57.995+0000] {spark_submit.py:571} INFO - 24/06/14 07:30:57 INFO CodeGenerator: Code generated in 172.249959 ms
[2024-06-14T07:30:58.022+0000] {spark_submit.py:571} INFO - 24/06/14 07:30:58 INFO SparkContext: Starting job: showString at NativeMethodAccessorImpl.java:0
[2024-06-14T07:30:58.034+0000] {spark_submit.py:571} INFO - 24/06/14 07:30:58 INFO DAGScheduler: Got job 0 (showString at NativeMethodAccessorImpl.java:0) with 1 output partitions
[2024-06-14T07:30:58.036+0000] {spark_submit.py:571} INFO - 24/06/14 07:30:58 INFO DAGScheduler: Final stage: ResultStage 0 (showString at NativeMethodAccessorImpl.java:0)
[2024-06-14T07:30:58.039+0000] {spark_submit.py:571} INFO - 24/06/14 07:30:58 INFO DAGScheduler: Parents of final stage: List()
[2024-06-14T07:30:58.041+0000] {spark_submit.py:571} INFO - 24/06/14 07:30:58 INFO DAGScheduler: Missing parents: List()
[2024-06-14T07:30:58.045+0000] {spark_submit.py:571} INFO - 24/06/14 07:30:58 INFO DAGScheduler: Submitting ResultStage 0 (MapPartitionsRDD[6] at showString at NativeMethodAccessorImpl.java:0), which has no missing parents
[2024-06-14T07:30:58.111+0000] {spark_submit.py:571} INFO - 24/06/14 07:30:58 INFO MemoryStore: Block broadcast_0 stored as values in memory (estimated size 12.6 KiB, free 434.4 MiB)
[2024-06-14T07:30:58.134+0000] {spark_submit.py:571} INFO - 24/06/14 07:30:58 INFO MemoryStore: Block broadcast_0_piece0 stored as bytes in memory (estimated size 6.6 KiB, free 434.4 MiB)
[2024-06-14T07:30:58.136+0000] {spark_submit.py:571} INFO - 24/06/14 07:30:58 INFO BlockManagerInfo: Added broadcast_0_piece0 in memory on 28209c95e1f8:34823 (size: 6.6 KiB, free: 434.4 MiB)
[2024-06-14T07:30:58.138+0000] {spark_submit.py:571} INFO - 24/06/14 07:30:58 INFO SparkContext: Created broadcast 0 from broadcast at DAGScheduler.scala:1585
[2024-06-14T07:30:58.149+0000] {spark_submit.py:571} INFO - 24/06/14 07:30:58 INFO DAGScheduler: Submitting 1 missing tasks from ResultStage 0 (MapPartitionsRDD[6] at showString at NativeMethodAccessorImpl.java:0) (first 15 tasks are for partitions Vector(0))
[2024-06-14T07:30:58.150+0000] {spark_submit.py:571} INFO - 24/06/14 07:30:58 INFO TaskSchedulerImpl: Adding task set 0.0 with 1 tasks resource profile 0
[2024-06-14T07:30:58.168+0000] {spark_submit.py:571} INFO - 24/06/14 07:30:58 INFO TaskSetManager: Starting task 0.0 in stage 0.0 (TID 0) (172.18.0.4, executor 0, partition 0, PROCESS_LOCAL, 7636 bytes)
[2024-06-14T07:30:58.332+0000] {spark_submit.py:571} INFO - 24/06/14 07:30:58 INFO BlockManagerInfo: Added broadcast_0_piece0 in memory on 172.18.0.4:42309 (size: 6.6 KiB, free: 434.4 MiB)
[2024-06-14T07:30:59.263+0000] {spark_submit.py:571} INFO - 24/06/14 07:30:59 WARN TaskSetManager: Lost task 0.0 in stage 0.0 (TID 0) (172.18.0.4 executor 0): org.apache.spark.api.python.PythonException: Traceback (most recent call last):
[2024-06-14T07:30:59.265+0000] {spark_submit.py:571} INFO - File "/opt/bitnami/spark/python/lib/pyspark.zip/pyspark/worker.py", line 1100, in main
[2024-06-14T07:30:59.266+0000] {spark_submit.py:571} INFO - raise PySparkRuntimeError(
[2024-06-14T07:30:59.268+0000] {spark_submit.py:571} INFO - pyspark.errors.exceptions.base.PySparkRuntimeError: [PYTHON_VERSION_MISMATCH] Python in worker has different version (3, 11) than that in driver 3.9, PySpark cannot run with different minor versions.
[2024-06-14T07:30:59.270+0000] {spark_submit.py:571} INFO - Please check environment variables PYSPARK_PYTHON and PYSPARK_DRIVER_PYTHON are correctly set.
[2024-06-14T07:30:59.273+0000] {spark_submit.py:571} INFO - 
[2024-06-14T07:30:59.278+0000] {spark_submit.py:571} INFO - at org.apache.spark.api.python.BasePythonRunner$ReaderIterator.handlePythonException(PythonRunner.scala:572)
[2024-06-14T07:30:59.283+0000] {spark_submit.py:571} INFO - at org.apache.spark.api.python.PythonRunner$$anon$3.read(PythonRunner.scala:784)
[2024-06-14T07:30:59.285+0000] {spark_submit.py:571} INFO - at org.apache.spark.api.python.PythonRunner$$anon$3.read(PythonRunner.scala:766)
[2024-06-14T07:30:59.288+0000] {spark_submit.py:571} INFO - at org.apache.spark.api.python.BasePythonRunner$ReaderIterator.hasNext(PythonRunner.scala:525)
[2024-06-14T07:30:59.291+0000] {spark_submit.py:571} INFO - at org.apache.spark.InterruptibleIterator.hasNext(InterruptibleIterator.scala:37)
[2024-06-14T07:30:59.293+0000] {spark_submit.py:571} INFO - at scala.collection.Iterator$$anon$11.hasNext(Iterator.scala:491)
[2024-06-14T07:30:59.295+0000] {spark_submit.py:571} INFO - at scala.collection.Iterator$$anon$10.hasNext(Iterator.scala:460)
[2024-06-14T07:30:59.297+0000] {spark_submit.py:571} INFO - at scala.collection.Iterator$$anon$10.hasNext(Iterator.scala:460)
[2024-06-14T07:30:59.299+0000] {spark_submit.py:571} INFO - at org.apache.spark.sql.catalyst.expressions.GeneratedClass$GeneratedIteratorForCodegenStage1.processNext(Unknown Source)
[2024-06-14T07:30:59.300+0000] {spark_submit.py:571} INFO - at org.apache.spark.sql.execution.BufferedRowIterator.hasNext(BufferedRowIterator.java:43)
[2024-06-14T07:30:59.301+0000] {spark_submit.py:571} INFO - at org.apache.spark.sql.execution.WholeStageCodegenEvaluatorFactory$WholeStageCodegenPartitionEvaluator$$anon$1.hasNext(WholeStageCodegenEvaluatorFactory.scala:43)
[2024-06-14T07:30:59.303+0000] {spark_submit.py:571} INFO - at org.apache.spark.sql.execution.SparkPlan.$anonfun$getByteArrayRdd$1(SparkPlan.scala:388)
[2024-06-14T07:30:59.304+0000] {spark_submit.py:571} INFO - at org.apache.spark.rdd.RDD.$anonfun$mapPartitionsInternal$2(RDD.scala:893)
[2024-06-14T07:30:59.306+0000] {spark_submit.py:571} INFO - at org.apache.spark.rdd.RDD.$anonfun$mapPartitionsInternal$2$adapted(RDD.scala:893)
[2024-06-14T07:30:59.309+0000] {spark_submit.py:571} INFO - at org.apache.spark.rdd.MapPartitionsRDD.compute(MapPartitionsRDD.scala:52)
[2024-06-14T07:30:59.311+0000] {spark_submit.py:571} INFO - at org.apache.spark.rdd.RDD.computeOrReadCheckpoint(RDD.scala:367)
[2024-06-14T07:30:59.312+0000] {spark_submit.py:571} INFO - at org.apache.spark.rdd.RDD.iterator(RDD.scala:331)
[2024-06-14T07:30:59.313+0000] {spark_submit.py:571} INFO - at org.apache.spark.scheduler.ResultTask.runTask(ResultTask.scala:93)
[2024-06-14T07:30:59.316+0000] {spark_submit.py:571} INFO - at org.apache.spark.TaskContext.runTaskWithListeners(TaskContext.scala:166)
[2024-06-14T07:30:59.318+0000] {spark_submit.py:571} INFO - at org.apache.spark.scheduler.Task.run(Task.scala:141)
[2024-06-14T07:30:59.320+0000] {spark_submit.py:571} INFO - at org.apache.spark.executor.Executor$TaskRunner.$anonfun$run$4(Executor.scala:620)
[2024-06-14T07:30:59.323+0000] {spark_submit.py:571} INFO - at org.apache.spark.util.SparkErrorUtils.tryWithSafeFinally(SparkErrorUtils.scala:64)
[2024-06-14T07:30:59.324+0000] {spark_submit.py:571} INFO - at org.apache.spark.util.SparkErrorUtils.tryWithSafeFinally$(SparkErrorUtils.scala:61)
[2024-06-14T07:30:59.326+0000] {spark_submit.py:571} INFO - at org.apache.spark.util.Utils$.tryWithSafeFinally(Utils.scala:94)
[2024-06-14T07:30:59.328+0000] {spark_submit.py:571} INFO - at org.apache.spark.executor.Executor$TaskRunner.run(Executor.scala:623)
[2024-06-14T07:30:59.329+0000] {spark_submit.py:571} INFO - at java.base/java.util.concurrent.ThreadPoolExecutor.runWorker(ThreadPoolExecutor.java:1136)
[2024-06-14T07:30:59.332+0000] {spark_submit.py:571} INFO - at java.base/java.util.concurrent.ThreadPoolExecutor$Worker.run(ThreadPoolExecutor.java:635)
[2024-06-14T07:30:59.334+0000] {spark_submit.py:571} INFO - at java.base/java.lang.Thread.run(Thread.java:840)
[2024-06-14T07:30:59.335+0000] {spark_submit.py:571} INFO - 
[2024-06-14T07:30:59.337+0000] {spark_submit.py:571} INFO - 24/06/14 07:30:59 INFO TaskSetManager: Starting task 0.1 in stage 0.0 (TID 1) (172.18.0.4, executor 0, partition 0, PROCESS_LOCAL, 7636 bytes)
[2024-06-14T07:30:59.339+0000] {spark_submit.py:571} INFO - 24/06/14 07:30:59 INFO TaskSetManager: Lost task 0.1 in stage 0.0 (TID 1) on 172.18.0.4, executor 0: org.apache.spark.api.python.PythonException (Traceback (most recent call last):
[2024-06-14T07:30:59.340+0000] {spark_submit.py:571} INFO - File "/opt/bitnami/spark/python/lib/pyspark.zip/pyspark/worker.py", line 1100, in main
[2024-06-14T07:30:59.342+0000] {spark_submit.py:571} INFO - raise PySparkRuntimeError(
[2024-06-14T07:30:59.345+0000] {spark_submit.py:571} INFO - pyspark.errors.exceptions.base.PySparkRuntimeError: [PYTHON_VERSION_MISMATCH] Python in worker has different version (3, 11) than that in driver 3.9, PySpark cannot run with different minor versions.
[2024-06-14T07:30:59.351+0000] {spark_submit.py:571} INFO - Please check environment variables PYSPARK_PYTHON and PYSPARK_DRIVER_PYTHON are correctly set.
[2024-06-14T07:30:59.354+0000] {spark_submit.py:571} INFO - ) [duplicate 1]
[2024-06-14T07:30:59.356+0000] {spark_submit.py:571} INFO - 24/06/14 07:30:59 INFO TaskSetManager: Starting task 0.2 in stage 0.0 (TID 2) (172.18.0.4, executor 0, partition 0, PROCESS_LOCAL, 7636 bytes)
[2024-06-14T07:30:59.358+0000] {spark_submit.py:571} INFO - 24/06/14 07:30:59 INFO TaskSetManager: Lost task 0.2 in stage 0.0 (TID 2) on 172.18.0.4, executor 0: org.apache.spark.api.python.PythonException (Traceback (most recent call last):
[2024-06-14T07:30:59.359+0000] {spark_submit.py:571} INFO - File "/opt/bitnami/spark/python/lib/pyspark.zip/pyspark/worker.py", line 1100, in main
[2024-06-14T07:30:59.360+0000] {spark_submit.py:571} INFO - raise PySparkRuntimeError(
[2024-06-14T07:30:59.361+0000] {spark_submit.py:571} INFO - pyspark.errors.exceptions.base.PySparkRuntimeError: [PYTHON_VERSION_MISMATCH] Python in worker has different version (3, 11) than that in driver 3.9, PySpark cannot run with different minor versions.
[2024-06-14T07:30:59.363+0000] {spark_submit.py:571} INFO - Please check environment variables PYSPARK_PYTHON and PYSPARK_DRIVER_PYTHON are correctly set.
[2024-06-14T07:30:59.363+0000] {spark_submit.py:571} INFO - ) [duplicate 2]
[2024-06-14T07:30:59.364+0000] {spark_submit.py:571} INFO - 24/06/14 07:30:59 INFO TaskSetManager: Starting task 0.3 in stage 0.0 (TID 3) (172.18.0.4, executor 0, partition 0, PROCESS_LOCAL, 7636 bytes)
[2024-06-14T07:30:59.367+0000] {spark_submit.py:571} INFO - 24/06/14 07:30:59 INFO TaskSetManager: Lost task 0.3 in stage 0.0 (TID 3) on 172.18.0.4, executor 0: org.apache.spark.api.python.PythonException (Traceback (most recent call last):
[2024-06-14T07:30:59.369+0000] {spark_submit.py:571} INFO - File "/opt/bitnami/spark/python/lib/pyspark.zip/pyspark/worker.py", line 1100, in main
[2024-06-14T07:30:59.370+0000] {spark_submit.py:571} INFO - raise PySparkRuntimeError(
[2024-06-14T07:30:59.373+0000] {spark_submit.py:571} INFO - pyspark.errors.exceptions.base.PySparkRuntimeError: [PYTHON_VERSION_MISMATCH] Python in worker has different version (3, 11) than that in driver 3.9, PySpark cannot run with different minor versions.
[2024-06-14T07:30:59.375+0000] {spark_submit.py:571} INFO - Please check environment variables PYSPARK_PYTHON and PYSPARK_DRIVER_PYTHON are correctly set.
[2024-06-14T07:30:59.376+0000] {spark_submit.py:571} INFO - ) [duplicate 3]
[2024-06-14T07:30:59.377+0000] {spark_submit.py:571} INFO - 24/06/14 07:30:59 ERROR TaskSetManager: Task 0 in stage 0.0 failed 4 times; aborting job
[2024-06-14T07:30:59.379+0000] {spark_submit.py:571} INFO - 24/06/14 07:30:59 INFO TaskSchedulerImpl: Removed TaskSet 0.0, whose tasks have all completed, from pool
[2024-06-14T07:30:59.380+0000] {spark_submit.py:571} INFO - 24/06/14 07:30:59 INFO TaskSchedulerImpl: Cancelling stage 0
[2024-06-14T07:30:59.381+0000] {spark_submit.py:571} INFO - 24/06/14 07:30:59 INFO TaskSchedulerImpl: Killing all running tasks in stage 0: Stage cancelled: Job aborted due to stage failure: Task 0 in stage 0.0 failed 4 times, most recent failure: Lost task 0.3 in stage 0.0 (TID 3) (172.18.0.4 executor 0): org.apache.spark.api.python.PythonException: Traceback (most recent call last):
[2024-06-14T07:30:59.382+0000] {spark_submit.py:571} INFO - File "/opt/bitnami/spark/python/lib/pyspark.zip/pyspark/worker.py", line 1100, in main
[2024-06-14T07:30:59.382+0000] {spark_submit.py:571} INFO - raise PySparkRuntimeError(
[2024-06-14T07:30:59.383+0000] {spark_submit.py:571} INFO - pyspark.errors.exceptions.base.PySparkRuntimeError: [PYTHON_VERSION_MISMATCH] Python in worker has different version (3, 11) than that in driver 3.9, PySpark cannot run with different minor versions.
[2024-06-14T07:30:59.384+0000] {spark_submit.py:571} INFO - Please check environment variables PYSPARK_PYTHON and PYSPARK_DRIVER_PYTHON are correctly set.
[2024-06-14T07:30:59.385+0000] {spark_submit.py:571} INFO - 
[2024-06-14T07:30:59.386+0000] {spark_submit.py:571} INFO - at org.apache.spark.api.python.BasePythonRunner$ReaderIterator.handlePythonException(PythonRunner.scala:572)
[2024-06-14T07:30:59.387+0000] {spark_submit.py:571} INFO - at org.apache.spark.api.python.PythonRunner$$anon$3.read(PythonRunner.scala:784)
[2024-06-14T07:30:59.387+0000] {spark_submit.py:571} INFO - at org.apache.spark.api.python.PythonRunner$$anon$3.read(PythonRunner.scala:766)
[2024-06-14T07:30:59.388+0000] {spark_submit.py:571} INFO - at org.apache.spark.api.python.BasePythonRunner$ReaderIterator.hasNext(PythonRunner.scala:525)
[2024-06-14T07:30:59.388+0000] {spark_submit.py:571} INFO - at org.apache.spark.InterruptibleIterator.hasNext(InterruptibleIterator.scala:37)
[2024-06-14T07:30:59.389+0000] {spark_submit.py:571} INFO - at scala.collection.Iterator$$anon$11.hasNext(Iterator.scala:491)
[2024-06-14T07:30:59.389+0000] {spark_submit.py:571} INFO - at scala.collection.Iterator$$anon$10.hasNext(Iterator.scala:460)
[2024-06-14T07:30:59.390+0000] {spark_submit.py:571} INFO - at scala.collection.Iterator$$anon$10.hasNext(Iterator.scala:460)
[2024-06-14T07:30:59.392+0000] {spark_submit.py:571} INFO - at org.apache.spark.sql.catalyst.expressions.GeneratedClass$GeneratedIteratorForCodegenStage1.processNext(Unknown Source)
[2024-06-14T07:30:59.393+0000] {spark_submit.py:571} INFO - at org.apache.spark.sql.execution.BufferedRowIterator.hasNext(BufferedRowIterator.java:43)
[2024-06-14T07:30:59.394+0000] {spark_submit.py:571} INFO - at org.apache.spark.sql.execution.WholeStageCodegenEvaluatorFactory$WholeStageCodegenPartitionEvaluator$$anon$1.hasNext(WholeStageCodegenEvaluatorFactory.scala:43)
[2024-06-14T07:30:59.395+0000] {spark_submit.py:571} INFO - at org.apache.spark.sql.execution.SparkPlan.$anonfun$getByteArrayRdd$1(SparkPlan.scala:388)
[2024-06-14T07:30:59.395+0000] {spark_submit.py:571} INFO - at org.apache.spark.rdd.RDD.$anonfun$mapPartitionsInternal$2(RDD.scala:893)
[2024-06-14T07:30:59.396+0000] {spark_submit.py:571} INFO - at org.apache.spark.rdd.RDD.$anonfun$mapPartitionsInternal$2$adapted(RDD.scala:893)
[2024-06-14T07:30:59.398+0000] {spark_submit.py:571} INFO - at org.apache.spark.rdd.MapPartitionsRDD.compute(MapPartitionsRDD.scala:52)
[2024-06-14T07:30:59.399+0000] {spark_submit.py:571} INFO - at org.apache.spark.rdd.RDD.computeOrReadCheckpoint(RDD.scala:367)
[2024-06-14T07:30:59.399+0000] {spark_submit.py:571} INFO - at org.apache.spark.rdd.RDD.iterator(RDD.scala:331)
[2024-06-14T07:30:59.400+0000] {spark_submit.py:571} INFO - at org.apache.spark.scheduler.ResultTask.runTask(ResultTask.scala:93)
[2024-06-14T07:30:59.401+0000] {spark_submit.py:571} INFO - at org.apache.spark.TaskContext.runTaskWithListeners(TaskContext.scala:166)
[2024-06-14T07:30:59.402+0000] {spark_submit.py:571} INFO - at org.apache.spark.scheduler.Task.run(Task.scala:141)
[2024-06-14T07:30:59.403+0000] {spark_submit.py:571} INFO - at org.apache.spark.executor.Executor$TaskRunner.$anonfun$run$4(Executor.scala:620)
[2024-06-14T07:30:59.404+0000] {spark_submit.py:571} INFO - at org.apache.spark.util.SparkErrorUtils.tryWithSafeFinally(SparkErrorUtils.scala:64)
[2024-06-14T07:30:59.405+0000] {spark_submit.py:571} INFO - at org.apache.spark.util.SparkErrorUtils.tryWithSafeFinally$(SparkErrorUtils.scala:61)
[2024-06-14T07:30:59.407+0000] {spark_submit.py:571} INFO - at org.apache.spark.util.Utils$.tryWithSafeFinally(Utils.scala:94)
[2024-06-14T07:30:59.409+0000] {spark_submit.py:571} INFO - at org.apache.spark.executor.Executor$TaskRunner.run(Executor.scala:623)
[2024-06-14T07:30:59.410+0000] {spark_submit.py:571} INFO - at java.base/java.util.concurrent.ThreadPoolExecutor.runWorker(ThreadPoolExecutor.java:1136)
[2024-06-14T07:30:59.411+0000] {spark_submit.py:571} INFO - at java.base/java.util.concurrent.ThreadPoolExecutor$Worker.run(ThreadPoolExecutor.java:635)
[2024-06-14T07:30:59.412+0000] {spark_submit.py:571} INFO - at java.base/java.lang.Thread.run(Thread.java:840)
[2024-06-14T07:30:59.413+0000] {spark_submit.py:571} INFO - 
[2024-06-14T07:30:59.414+0000] {spark_submit.py:571} INFO - Driver stacktrace:
[2024-06-14T07:30:59.414+0000] {spark_submit.py:571} INFO - 24/06/14 07:30:59 INFO DAGScheduler: ResultStage 0 (showString at NativeMethodAccessorImpl.java:0) failed in 1.317 s due to Job aborted due to stage failure: Task 0 in stage 0.0 failed 4 times, most recent failure: Lost task 0.3 in stage 0.0 (TID 3) (172.18.0.4 executor 0): org.apache.spark.api.python.PythonException: Traceback (most recent call last):
[2024-06-14T07:30:59.415+0000] {spark_submit.py:571} INFO - File "/opt/bitnami/spark/python/lib/pyspark.zip/pyspark/worker.py", line 1100, in main
[2024-06-14T07:30:59.415+0000] {spark_submit.py:571} INFO - raise PySparkRuntimeError(
[2024-06-14T07:30:59.416+0000] {spark_submit.py:571} INFO - pyspark.errors.exceptions.base.PySparkRuntimeError: [PYTHON_VERSION_MISMATCH] Python in worker has different version (3, 11) than that in driver 3.9, PySpark cannot run with different minor versions.
[2024-06-14T07:30:59.418+0000] {spark_submit.py:571} INFO - Please check environment variables PYSPARK_PYTHON and PYSPARK_DRIVER_PYTHON are correctly set.
[2024-06-14T07:30:59.419+0000] {spark_submit.py:571} INFO - 
[2024-06-14T07:30:59.420+0000] {spark_submit.py:571} INFO - at org.apache.spark.api.python.BasePythonRunner$ReaderIterator.handlePythonException(PythonRunner.scala:572)
[2024-06-14T07:30:59.420+0000] {spark_submit.py:571} INFO - at org.apache.spark.api.python.PythonRunner$$anon$3.read(PythonRunner.scala:784)
[2024-06-14T07:30:59.421+0000] {spark_submit.py:571} INFO - at org.apache.spark.api.python.PythonRunner$$anon$3.read(PythonRunner.scala:766)
[2024-06-14T07:30:59.422+0000] {spark_submit.py:571} INFO - at org.apache.spark.api.python.BasePythonRunner$ReaderIterator.hasNext(PythonRunner.scala:525)
[2024-06-14T07:30:59.427+0000] {spark_submit.py:571} INFO - at org.apache.spark.InterruptibleIterator.hasNext(InterruptibleIterator.scala:37)
[2024-06-14T07:30:59.428+0000] {spark_submit.py:571} INFO - at scala.collection.Iterator$$anon$11.hasNext(Iterator.scala:491)
[2024-06-14T07:30:59.431+0000] {spark_submit.py:571} INFO - at scala.collection.Iterator$$anon$10.hasNext(Iterator.scala:460)
[2024-06-14T07:30:59.432+0000] {spark_submit.py:571} INFO - at scala.collection.Iterator$$anon$10.hasNext(Iterator.scala:460)
[2024-06-14T07:30:59.432+0000] {spark_submit.py:571} INFO - at org.apache.spark.sql.catalyst.expressions.GeneratedClass$GeneratedIteratorForCodegenStage1.processNext(Unknown Source)
[2024-06-14T07:30:59.433+0000] {spark_submit.py:571} INFO - at org.apache.spark.sql.execution.BufferedRowIterator.hasNext(BufferedRowIterator.java:43)
[2024-06-14T07:30:59.434+0000] {spark_submit.py:571} INFO - at org.apache.spark.sql.execution.WholeStageCodegenEvaluatorFactory$WholeStageCodegenPartitionEvaluator$$anon$1.hasNext(WholeStageCodegenEvaluatorFactory.scala:43)
[2024-06-14T07:30:59.436+0000] {spark_submit.py:571} INFO - at org.apache.spark.sql.execution.SparkPlan.$anonfun$getByteArrayRdd$1(SparkPlan.scala:388)
[2024-06-14T07:30:59.437+0000] {spark_submit.py:571} INFO - at org.apache.spark.rdd.RDD.$anonfun$mapPartitionsInternal$2(RDD.scala:893)
[2024-06-14T07:30:59.438+0000] {spark_submit.py:571} INFO - at org.apache.spark.rdd.RDD.$anonfun$mapPartitionsInternal$2$adapted(RDD.scala:893)
[2024-06-14T07:30:59.439+0000] {spark_submit.py:571} INFO - at org.apache.spark.rdd.MapPartitionsRDD.compute(MapPartitionsRDD.scala:52)
[2024-06-14T07:30:59.440+0000] {spark_submit.py:571} INFO - at org.apache.spark.rdd.RDD.computeOrReadCheckpoint(RDD.scala:367)
[2024-06-14T07:30:59.444+0000] {spark_submit.py:571} INFO - at org.apache.spark.rdd.RDD.iterator(RDD.scala:331)
[2024-06-14T07:30:59.446+0000] {spark_submit.py:571} INFO - at org.apache.spark.scheduler.ResultTask.runTask(ResultTask.scala:93)
[2024-06-14T07:30:59.448+0000] {spark_submit.py:571} INFO - at org.apache.spark.TaskContext.runTaskWithListeners(TaskContext.scala:166)
[2024-06-14T07:30:59.451+0000] {spark_submit.py:571} INFO - at org.apache.spark.scheduler.Task.run(Task.scala:141)
[2024-06-14T07:30:59.454+0000] {spark_submit.py:571} INFO - at org.apache.spark.executor.Executor$TaskRunner.$anonfun$run$4(Executor.scala:620)
[2024-06-14T07:30:59.458+0000] {spark_submit.py:571} INFO - at org.apache.spark.util.SparkErrorUtils.tryWithSafeFinally(SparkErrorUtils.scala:64)
[2024-06-14T07:30:59.459+0000] {spark_submit.py:571} INFO - at org.apache.spark.util.SparkErrorUtils.tryWithSafeFinally$(SparkErrorUtils.scala:61)
[2024-06-14T07:30:59.463+0000] {spark_submit.py:571} INFO - at org.apache.spark.util.Utils$.tryWithSafeFinally(Utils.scala:94)
[2024-06-14T07:30:59.469+0000] {spark_submit.py:571} INFO - at org.apache.spark.executor.Executor$TaskRunner.run(Executor.scala:623)
[2024-06-14T07:30:59.471+0000] {spark_submit.py:571} INFO - at java.base/java.util.concurrent.ThreadPoolExecutor.runWorker(ThreadPoolExecutor.java:1136)
[2024-06-14T07:30:59.472+0000] {spark_submit.py:571} INFO - at java.base/java.util.concurrent.ThreadPoolExecutor$Worker.run(ThreadPoolExecutor.java:635)
[2024-06-14T07:30:59.474+0000] {spark_submit.py:571} INFO - at java.base/java.lang.Thread.run(Thread.java:840)
[2024-06-14T07:30:59.475+0000] {spark_submit.py:571} INFO - 
[2024-06-14T07:30:59.477+0000] {spark_submit.py:571} INFO - Driver stacktrace:
[2024-06-14T07:30:59.479+0000] {spark_submit.py:571} INFO - 24/06/14 07:30:59 INFO DAGScheduler: Job 0 failed: showString at NativeMethodAccessorImpl.java:0, took 1.355307 s
[2024-06-14T07:30:59.575+0000] {spark_submit.py:571} INFO - Traceback (most recent call last):
[2024-06-14T07:30:59.577+0000] {spark_submit.py:571} INFO - File "/opt/***/jobs/python/pyspark_test.py", line 16, in <module>
[2024-06-14T07:30:59.579+0000] {spark_submit.py:571} INFO - df.show()
[2024-06-14T07:30:59.579+0000] {spark_submit.py:571} INFO - File "/home/***/.local/lib/python3.9/site-packages/pyspark/python/lib/pyspark.zip/pyspark/sql/dataframe.py", line 945, in show
[2024-06-14T07:30:59.580+0000] {spark_submit.py:571} INFO - File "/home/***/.local/lib/python3.9/site-packages/pyspark/python/lib/pyspark.zip/pyspark/sql/dataframe.py", line 963, in _show_string
[2024-06-14T07:30:59.581+0000] {spark_submit.py:571} INFO - File "/home/***/.local/lib/python3.9/site-packages/pyspark/python/lib/py4j-0.10.9.7-src.zip/py4j/java_gateway.py", line 1322, in __call__
[2024-06-14T07:30:59.582+0000] {spark_submit.py:571} INFO - File "/home/***/.local/lib/python3.9/site-packages/pyspark/python/lib/pyspark.zip/pyspark/errors/exceptions/captured.py", line 179, in deco
[2024-06-14T07:30:59.582+0000] {spark_submit.py:571} INFO - File "/home/***/.local/lib/python3.9/site-packages/pyspark/python/lib/py4j-0.10.9.7-src.zip/py4j/protocol.py", line 326, in get_return_value
[2024-06-14T07:30:59.624+0000] {spark_submit.py:571} INFO - py4j.protocol.Py4JJavaError: An error occurred while calling o44.showString.
[2024-06-14T07:30:59.625+0000] {spark_submit.py:571} INFO - : org.apache.spark.SparkException: Job aborted due to stage failure: Task 0 in stage 0.0 failed 4 times, most recent failure: Lost task 0.3 in stage 0.0 (TID 3) (172.18.0.4 executor 0): org.apache.spark.api.python.PythonException: Traceback (most recent call last):
[2024-06-14T07:30:59.626+0000] {spark_submit.py:571} INFO - File "/opt/bitnami/spark/python/lib/pyspark.zip/pyspark/worker.py", line 1100, in main
[2024-06-14T07:30:59.627+0000] {spark_submit.py:571} INFO - raise PySparkRuntimeError(
[2024-06-14T07:30:59.627+0000] {spark_submit.py:571} INFO - pyspark.errors.exceptions.base.PySparkRuntimeError: [PYTHON_VERSION_MISMATCH] Python in worker has different version (3, 11) than that in driver 3.9, PySpark cannot run with different minor versions.
[2024-06-14T07:30:59.628+0000] {spark_submit.py:571} INFO - Please check environment variables PYSPARK_PYTHON and PYSPARK_DRIVER_PYTHON are correctly set.
[2024-06-14T07:30:59.629+0000] {spark_submit.py:571} INFO - 
[2024-06-14T07:30:59.629+0000] {spark_submit.py:571} INFO - at org.apache.spark.api.python.BasePythonRunner$ReaderIterator.handlePythonException(PythonRunner.scala:572)
[2024-06-14T07:30:59.630+0000] {spark_submit.py:571} INFO - at org.apache.spark.api.python.PythonRunner$$anon$3.read(PythonRunner.scala:784)
[2024-06-14T07:30:59.630+0000] {spark_submit.py:571} INFO - at org.apache.spark.api.python.PythonRunner$$anon$3.read(PythonRunner.scala:766)
[2024-06-14T07:30:59.631+0000] {spark_submit.py:571} INFO - at org.apache.spark.api.python.BasePythonRunner$ReaderIterator.hasNext(PythonRunner.scala:525)
[2024-06-14T07:30:59.631+0000] {spark_submit.py:571} INFO - at org.apache.spark.InterruptibleIterator.hasNext(InterruptibleIterator.scala:37)
[2024-06-14T07:30:59.632+0000] {spark_submit.py:571} INFO - at scala.collection.Iterator$$anon$11.hasNext(Iterator.scala:491)
[2024-06-14T07:30:59.633+0000] {spark_submit.py:571} INFO - at scala.collection.Iterator$$anon$10.hasNext(Iterator.scala:460)
[2024-06-14T07:30:59.634+0000] {spark_submit.py:571} INFO - at scala.collection.Iterator$$anon$10.hasNext(Iterator.scala:460)
[2024-06-14T07:30:59.634+0000] {spark_submit.py:571} INFO - at org.apache.spark.sql.catalyst.expressions.GeneratedClass$GeneratedIteratorForCodegenStage1.processNext(Unknown Source)
[2024-06-14T07:30:59.635+0000] {spark_submit.py:571} INFO - at org.apache.spark.sql.execution.BufferedRowIterator.hasNext(BufferedRowIterator.java:43)
[2024-06-14T07:30:59.636+0000] {spark_submit.py:571} INFO - at org.apache.spark.sql.execution.WholeStageCodegenEvaluatorFactory$WholeStageCodegenPartitionEvaluator$$anon$1.hasNext(WholeStageCodegenEvaluatorFactory.scala:43)
[2024-06-14T07:30:59.636+0000] {spark_submit.py:571} INFO - at org.apache.spark.sql.execution.SparkPlan.$anonfun$getByteArrayRdd$1(SparkPlan.scala:388)
[2024-06-14T07:30:59.637+0000] {spark_submit.py:571} INFO - at org.apache.spark.rdd.RDD.$anonfun$mapPartitionsInternal$2(RDD.scala:893)
[2024-06-14T07:30:59.637+0000] {spark_submit.py:571} INFO - at org.apache.spark.rdd.RDD.$anonfun$mapPartitionsInternal$2$adapted(RDD.scala:893)
[2024-06-14T07:30:59.638+0000] {spark_submit.py:571} INFO - at org.apache.spark.rdd.MapPartitionsRDD.compute(MapPartitionsRDD.scala:52)
[2024-06-14T07:30:59.638+0000] {spark_submit.py:571} INFO - at org.apache.spark.rdd.RDD.computeOrReadCheckpoint(RDD.scala:367)
[2024-06-14T07:30:59.639+0000] {spark_submit.py:571} INFO - at org.apache.spark.rdd.RDD.iterator(RDD.scala:331)
[2024-06-14T07:30:59.640+0000] {spark_submit.py:571} INFO - at org.apache.spark.scheduler.ResultTask.runTask(ResultTask.scala:93)
[2024-06-14T07:30:59.640+0000] {spark_submit.py:571} INFO - at org.apache.spark.TaskContext.runTaskWithListeners(TaskContext.scala:166)
[2024-06-14T07:30:59.641+0000] {spark_submit.py:571} INFO - at org.apache.spark.scheduler.Task.run(Task.scala:141)
[2024-06-14T07:30:59.642+0000] {spark_submit.py:571} INFO - at org.apache.spark.executor.Executor$TaskRunner.$anonfun$run$4(Executor.scala:620)
[2024-06-14T07:30:59.642+0000] {spark_submit.py:571} INFO - at org.apache.spark.util.SparkErrorUtils.tryWithSafeFinally(SparkErrorUtils.scala:64)
[2024-06-14T07:30:59.643+0000] {spark_submit.py:571} INFO - at org.apache.spark.util.SparkErrorUtils.tryWithSafeFinally$(SparkErrorUtils.scala:61)
[2024-06-14T07:30:59.644+0000] {spark_submit.py:571} INFO - at org.apache.spark.util.Utils$.tryWithSafeFinally(Utils.scala:94)
[2024-06-14T07:30:59.645+0000] {spark_submit.py:571} INFO - at org.apache.spark.executor.Executor$TaskRunner.run(Executor.scala:623)
[2024-06-14T07:30:59.645+0000] {spark_submit.py:571} INFO - at java.base/java.util.concurrent.ThreadPoolExecutor.runWorker(ThreadPoolExecutor.java:1136)
[2024-06-14T07:30:59.646+0000] {spark_submit.py:571} INFO - at java.base/java.util.concurrent.ThreadPoolExecutor$Worker.run(ThreadPoolExecutor.java:635)
[2024-06-14T07:30:59.647+0000] {spark_submit.py:571} INFO - at java.base/java.lang.Thread.run(Thread.java:840)
[2024-06-14T07:30:59.647+0000] {spark_submit.py:571} INFO - 
[2024-06-14T07:30:59.648+0000] {spark_submit.py:571} INFO - Driver stacktrace:
[2024-06-14T07:30:59.648+0000] {spark_submit.py:571} INFO - at org.apache.spark.scheduler.DAGScheduler.failJobAndIndependentStages(DAGScheduler.scala:2856)
[2024-06-14T07:30:59.649+0000] {spark_submit.py:571} INFO - at org.apache.spark.scheduler.DAGScheduler.$anonfun$abortStage$2(DAGScheduler.scala:2792)
[2024-06-14T07:30:59.649+0000] {spark_submit.py:571} INFO - at org.apache.spark.scheduler.DAGScheduler.$anonfun$abortStage$2$adapted(DAGScheduler.scala:2791)
[2024-06-14T07:30:59.650+0000] {spark_submit.py:571} INFO - at scala.collection.mutable.ResizableArray.foreach(ResizableArray.scala:62)
[2024-06-14T07:30:59.650+0000] {spark_submit.py:571} INFO - at scala.collection.mutable.ResizableArray.foreach$(ResizableArray.scala:55)
[2024-06-14T07:30:59.651+0000] {spark_submit.py:571} INFO - at scala.collection.mutable.ArrayBuffer.foreach(ArrayBuffer.scala:49)
[2024-06-14T07:30:59.651+0000] {spark_submit.py:571} INFO - at org.apache.spark.scheduler.DAGScheduler.abortStage(DAGScheduler.scala:2791)
[2024-06-14T07:30:59.652+0000] {spark_submit.py:571} INFO - at org.apache.spark.scheduler.DAGScheduler.$anonfun$handleTaskSetFailed$1(DAGScheduler.scala:1247)
[2024-06-14T07:30:59.652+0000] {spark_submit.py:571} INFO - at org.apache.spark.scheduler.DAGScheduler.$anonfun$handleTaskSetFailed$1$adapted(DAGScheduler.scala:1247)
[2024-06-14T07:30:59.653+0000] {spark_submit.py:571} INFO - at scala.Option.foreach(Option.scala:407)
[2024-06-14T07:30:59.653+0000] {spark_submit.py:571} INFO - at org.apache.spark.scheduler.DAGScheduler.handleTaskSetFailed(DAGScheduler.scala:1247)
[2024-06-14T07:30:59.654+0000] {spark_submit.py:571} INFO - at org.apache.spark.scheduler.DAGSchedulerEventProcessLoop.doOnReceive(DAGScheduler.scala:3060)
[2024-06-14T07:30:59.654+0000] {spark_submit.py:571} INFO - at org.apache.spark.scheduler.DAGSchedulerEventProcessLoop.onReceive(DAGScheduler.scala:2994)
[2024-06-14T07:30:59.655+0000] {spark_submit.py:571} INFO - at org.apache.spark.scheduler.DAGSchedulerEventProcessLoop.onReceive(DAGScheduler.scala:2983)
[2024-06-14T07:30:59.655+0000] {spark_submit.py:571} INFO - at org.apache.spark.util.EventLoop$$anon$1.run(EventLoop.scala:49)
[2024-06-14T07:30:59.656+0000] {spark_submit.py:571} INFO - at org.apache.spark.scheduler.DAGScheduler.runJob(DAGScheduler.scala:989)
[2024-06-14T07:30:59.657+0000] {spark_submit.py:571} INFO - at org.apache.spark.SparkContext.runJob(SparkContext.scala:2398)
[2024-06-14T07:30:59.657+0000] {spark_submit.py:571} INFO - at org.apache.spark.SparkContext.runJob(SparkContext.scala:2419)
[2024-06-14T07:30:59.658+0000] {spark_submit.py:571} INFO - at org.apache.spark.SparkContext.runJob(SparkContext.scala:2438)
[2024-06-14T07:30:59.658+0000] {spark_submit.py:571} INFO - at org.apache.spark.sql.execution.SparkPlan.executeTake(SparkPlan.scala:530)
[2024-06-14T07:30:59.658+0000] {spark_submit.py:571} INFO - at org.apache.spark.sql.execution.SparkPlan.executeTake(SparkPlan.scala:483)
[2024-06-14T07:30:59.659+0000] {spark_submit.py:571} INFO - at org.apache.spark.sql.execution.CollectLimitExec.executeCollect(limit.scala:61)
[2024-06-14T07:30:59.659+0000] {spark_submit.py:571} INFO - at org.apache.spark.sql.Dataset.collectFromPlan(Dataset.scala:4332)
[2024-06-14T07:30:59.660+0000] {spark_submit.py:571} INFO - at org.apache.spark.sql.Dataset.$anonfun$head$1(Dataset.scala:3314)
[2024-06-14T07:30:59.661+0000] {spark_submit.py:571} INFO - at org.apache.spark.sql.Dataset.$anonfun$withAction$2(Dataset.scala:4322)
[2024-06-14T07:30:59.662+0000] {spark_submit.py:571} INFO - at org.apache.spark.sql.execution.QueryExecution$.withInternalError(QueryExecution.scala:546)
[2024-06-14T07:30:59.662+0000] {spark_submit.py:571} INFO - at org.apache.spark.sql.Dataset.$anonfun$withAction$1(Dataset.scala:4320)
[2024-06-14T07:30:59.662+0000] {spark_submit.py:571} INFO - at org.apache.spark.sql.execution.SQLExecution$.$anonfun$withNewExecutionId$6(SQLExecution.scala:125)
[2024-06-14T07:30:59.663+0000] {spark_submit.py:571} INFO - at org.apache.spark.sql.execution.SQLExecution$.withSQLConfPropagated(SQLExecution.scala:201)
[2024-06-14T07:30:59.664+0000] {spark_submit.py:571} INFO - at org.apache.spark.sql.execution.SQLExecution$.$anonfun$withNewExecutionId$1(SQLExecution.scala:108)
[2024-06-14T07:30:59.664+0000] {spark_submit.py:571} INFO - at org.apache.spark.sql.SparkSession.withActive(SparkSession.scala:900)
[2024-06-14T07:30:59.665+0000] {spark_submit.py:571} INFO - at org.apache.spark.sql.execution.SQLExecution$.withNewExecutionId(SQLExecution.scala:66)
[2024-06-14T07:30:59.666+0000] {spark_submit.py:571} INFO - at org.apache.spark.sql.Dataset.withAction(Dataset.scala:4320)
[2024-06-14T07:30:59.666+0000] {spark_submit.py:571} INFO - at org.apache.spark.sql.Dataset.head(Dataset.scala:3314)
[2024-06-14T07:30:59.667+0000] {spark_submit.py:571} INFO - at org.apache.spark.sql.Dataset.take(Dataset.scala:3537)
[2024-06-14T07:30:59.667+0000] {spark_submit.py:571} INFO - at org.apache.spark.sql.Dataset.getRows(Dataset.scala:280)
[2024-06-14T07:30:59.668+0000] {spark_submit.py:571} INFO - at org.apache.spark.sql.Dataset.showString(Dataset.scala:315)
[2024-06-14T07:30:59.668+0000] {spark_submit.py:571} INFO - at java.base/jdk.internal.reflect.NativeMethodAccessorImpl.invoke0(Native Method)
[2024-06-14T07:30:59.669+0000] {spark_submit.py:571} INFO - at java.base/jdk.internal.reflect.NativeMethodAccessorImpl.invoke(NativeMethodAccessorImpl.java:62)
[2024-06-14T07:30:59.669+0000] {spark_submit.py:571} INFO - at java.base/jdk.internal.reflect.DelegatingMethodAccessorImpl.invoke(DelegatingMethodAccessorImpl.java:43)
[2024-06-14T07:30:59.670+0000] {spark_submit.py:571} INFO - at java.base/java.lang.reflect.Method.invoke(Method.java:566)
[2024-06-14T07:30:59.670+0000] {spark_submit.py:571} INFO - at py4j.reflection.MethodInvoker.invoke(MethodInvoker.java:244)
[2024-06-14T07:30:59.671+0000] {spark_submit.py:571} INFO - at py4j.reflection.ReflectionEngine.invoke(ReflectionEngine.java:374)
[2024-06-14T07:30:59.671+0000] {spark_submit.py:571} INFO - at py4j.Gateway.invoke(Gateway.java:282)
[2024-06-14T07:30:59.672+0000] {spark_submit.py:571} INFO - at py4j.commands.AbstractCommand.invokeMethod(AbstractCommand.java:132)
[2024-06-14T07:30:59.673+0000] {spark_submit.py:571} INFO - at py4j.commands.CallCommand.execute(CallCommand.java:79)
[2024-06-14T07:30:59.673+0000] {spark_submit.py:571} INFO - at py4j.ClientServerConnection.waitForCommands(ClientServerConnection.java:182)
[2024-06-14T07:30:59.674+0000] {spark_submit.py:571} INFO - at py4j.ClientServerConnection.run(ClientServerConnection.java:106)
[2024-06-14T07:30:59.674+0000] {spark_submit.py:571} INFO - at java.base/java.lang.Thread.run(Thread.java:829)
[2024-06-14T07:30:59.675+0000] {spark_submit.py:571} INFO - Caused by: org.apache.spark.api.python.PythonException: Traceback (most recent call last):
[2024-06-14T07:30:59.676+0000] {spark_submit.py:571} INFO - File "/opt/bitnami/spark/python/lib/pyspark.zip/pyspark/worker.py", line 1100, in main
[2024-06-14T07:30:59.676+0000] {spark_submit.py:571} INFO - raise PySparkRuntimeError(
[2024-06-14T07:30:59.678+0000] {spark_submit.py:571} INFO - pyspark.errors.exceptions.base.PySparkRuntimeError: [PYTHON_VERSION_MISMATCH] Python in worker has different version (3, 11) than that in driver 3.9, PySpark cannot run with different minor versions.
[2024-06-14T07:30:59.678+0000] {spark_submit.py:571} INFO - Please check environment variables PYSPARK_PYTHON and PYSPARK_DRIVER_PYTHON are correctly set.
[2024-06-14T07:30:59.679+0000] {spark_submit.py:571} INFO - 
[2024-06-14T07:30:59.679+0000] {spark_submit.py:571} INFO - at org.apache.spark.api.python.BasePythonRunner$ReaderIterator.handlePythonException(PythonRunner.scala:572)
[2024-06-14T07:30:59.680+0000] {spark_submit.py:571} INFO - at org.apache.spark.api.python.PythonRunner$$anon$3.read(PythonRunner.scala:784)
[2024-06-14T07:30:59.680+0000] {spark_submit.py:571} INFO - at org.apache.spark.api.python.PythonRunner$$anon$3.read(PythonRunner.scala:766)
[2024-06-14T07:30:59.681+0000] {spark_submit.py:571} INFO - at org.apache.spark.api.python.BasePythonRunner$ReaderIterator.hasNext(PythonRunner.scala:525)
[2024-06-14T07:30:59.681+0000] {spark_submit.py:571} INFO - at org.apache.spark.InterruptibleIterator.hasNext(InterruptibleIterator.scala:37)
[2024-06-14T07:30:59.682+0000] {spark_submit.py:571} INFO - at scala.collection.Iterator$$anon$11.hasNext(Iterator.scala:491)
[2024-06-14T07:30:59.683+0000] {spark_submit.py:571} INFO - at scala.collection.Iterator$$anon$10.hasNext(Iterator.scala:460)
[2024-06-14T07:30:59.683+0000] {spark_submit.py:571} INFO - at scala.collection.Iterator$$anon$10.hasNext(Iterator.scala:460)
[2024-06-14T07:30:59.684+0000] {spark_submit.py:571} INFO - at org.apache.spark.sql.catalyst.expressions.GeneratedClass$GeneratedIteratorForCodegenStage1.processNext(Unknown Source)
[2024-06-14T07:30:59.685+0000] {spark_submit.py:571} INFO - at org.apache.spark.sql.execution.BufferedRowIterator.hasNext(BufferedRowIterator.java:43)
[2024-06-14T07:30:59.685+0000] {spark_submit.py:571} INFO - at org.apache.spark.sql.execution.WholeStageCodegenEvaluatorFactory$WholeStageCodegenPartitionEvaluator$$anon$1.hasNext(WholeStageCodegenEvaluatorFactory.scala:43)
[2024-06-14T07:30:59.686+0000] {spark_submit.py:571} INFO - at org.apache.spark.sql.execution.SparkPlan.$anonfun$getByteArrayRdd$1(SparkPlan.scala:388)
[2024-06-14T07:30:59.686+0000] {spark_submit.py:571} INFO - at org.apache.spark.rdd.RDD.$anonfun$mapPartitionsInternal$2(RDD.scala:893)
[2024-06-14T07:30:59.687+0000] {spark_submit.py:571} INFO - at org.apache.spark.rdd.RDD.$anonfun$mapPartitionsInternal$2$adapted(RDD.scala:893)
[2024-06-14T07:30:59.687+0000] {spark_submit.py:571} INFO - at org.apache.spark.rdd.MapPartitionsRDD.compute(MapPartitionsRDD.scala:52)
[2024-06-14T07:30:59.688+0000] {spark_submit.py:571} INFO - at org.apache.spark.rdd.RDD.computeOrReadCheckpoint(RDD.scala:367)
[2024-06-14T07:30:59.688+0000] {spark_submit.py:571} INFO - at org.apache.spark.rdd.RDD.iterator(RDD.scala:331)
[2024-06-14T07:30:59.689+0000] {spark_submit.py:571} INFO - at org.apache.spark.scheduler.ResultTask.runTask(ResultTask.scala:93)
[2024-06-14T07:30:59.690+0000] {spark_submit.py:571} INFO - at org.apache.spark.TaskContext.runTaskWithListeners(TaskContext.scala:166)
[2024-06-14T07:30:59.690+0000] {spark_submit.py:571} INFO - at org.apache.spark.scheduler.Task.run(Task.scala:141)
[2024-06-14T07:30:59.691+0000] {spark_submit.py:571} INFO - at org.apache.spark.executor.Executor$TaskRunner.$anonfun$run$4(Executor.scala:620)
[2024-06-14T07:30:59.691+0000] {spark_submit.py:571} INFO - at org.apache.spark.util.SparkErrorUtils.tryWithSafeFinally(SparkErrorUtils.scala:64)
[2024-06-14T07:30:59.692+0000] {spark_submit.py:571} INFO - at org.apache.spark.util.SparkErrorUtils.tryWithSafeFinally$(SparkErrorUtils.scala:61)
[2024-06-14T07:30:59.692+0000] {spark_submit.py:571} INFO - at org.apache.spark.util.Utils$.tryWithSafeFinally(Utils.scala:94)
[2024-06-14T07:30:59.692+0000] {spark_submit.py:571} INFO - at org.apache.spark.executor.Executor$TaskRunner.run(Executor.scala:623)
[2024-06-14T07:30:59.693+0000] {spark_submit.py:571} INFO - at java.base/java.util.concurrent.ThreadPoolExecutor.runWorker(ThreadPoolExecutor.java:1136)
[2024-06-14T07:30:59.693+0000] {spark_submit.py:571} INFO - at java.base/java.util.concurrent.ThreadPoolExecutor$Worker.run(ThreadPoolExecutor.java:635)
[2024-06-14T07:30:59.694+0000] {spark_submit.py:571} INFO - at java.base/java.lang.Thread.run(Thread.java:840)
[2024-06-14T07:30:59.694+0000] {spark_submit.py:571} INFO - 
[2024-06-14T07:30:59.718+0000] {spark_submit.py:571} INFO - 24/06/14 07:30:59 INFO SparkContext: Invoking stop() from shutdown hook
[2024-06-14T07:30:59.720+0000] {spark_submit.py:571} INFO - 24/06/14 07:30:59 INFO SparkContext: SparkContext is stopping with exitCode 0.
[2024-06-14T07:30:59.728+0000] {spark_submit.py:571} INFO - 24/06/14 07:30:59 INFO SparkUI: Stopped Spark web UI at http://28209c95e1f8:4040
[2024-06-14T07:30:59.732+0000] {spark_submit.py:571} INFO - 24/06/14 07:30:59 INFO StandaloneSchedulerBackend: Shutting down all executors
[2024-06-14T07:30:59.733+0000] {spark_submit.py:571} INFO - 24/06/14 07:30:59 INFO StandaloneSchedulerBackend$StandaloneDriverEndpoint: Asking each executor to shut down
[2024-06-14T07:30:59.779+0000] {spark_submit.py:571} INFO - 24/06/14 07:30:59 INFO MapOutputTrackerMasterEndpoint: MapOutputTrackerMasterEndpoint stopped!
[2024-06-14T07:30:59.828+0000] {spark_submit.py:571} INFO - 24/06/14 07:30:59 INFO MemoryStore: MemoryStore cleared
[2024-06-14T07:30:59.833+0000] {spark_submit.py:571} INFO - 24/06/14 07:30:59 INFO BlockManager: BlockManager stopped
[2024-06-14T07:30:59.839+0000] {spark_submit.py:571} INFO - 24/06/14 07:30:59 INFO BlockManagerMaster: BlockManagerMaster stopped
[2024-06-14T07:30:59.846+0000] {spark_submit.py:571} INFO - 24/06/14 07:30:59 INFO OutputCommitCoordinator$OutputCommitCoordinatorEndpoint: OutputCommitCoordinator stopped!
[2024-06-14T07:30:59.861+0000] {spark_submit.py:571} INFO - 24/06/14 07:30:59 INFO SparkContext: Successfully stopped SparkContext
[2024-06-14T07:30:59.862+0000] {spark_submit.py:571} INFO - 24/06/14 07:30:59 INFO ShutdownHookManager: Shutdown hook called
[2024-06-14T07:30:59.863+0000] {spark_submit.py:571} INFO - 24/06/14 07:30:59 INFO ShutdownHookManager: Deleting directory /tmp/spark-70055ad2-05a9-4cb1-b521-5c93bd7e277a
[2024-06-14T07:30:59.864+0000] {spark_submit.py:571} INFO - 24/06/14 07:30:59 INFO ShutdownHookManager: Deleting directory /tmp/spark-70055ad2-05a9-4cb1-b521-5c93bd7e277a/pyspark-d4c4cd44-357b-4ff8-8fa5-b509d03654ab
[2024-06-14T07:30:59.873+0000] {spark_submit.py:571} INFO - 24/06/14 07:30:59 INFO ShutdownHookManager: Deleting directory /tmp/spark-5fd0aba8-01f6-494b-bf60-576e76147a32
[2024-06-14T07:30:59.941+0000] {taskinstance.py:1935} ERROR - Task failed with exception
Traceback (most recent call last):
  File "/home/airflow/.local/lib/python3.9/site-packages/airflow/providers/apache/spark/operators/spark_submit.py", line 174, in execute
    self._hook.submit(self.application)
  File "/home/airflow/.local/lib/python3.9/site-packages/airflow/providers/apache/spark/hooks/spark_submit.py", line 502, in submit
    raise AirflowException(
airflow.exceptions.AirflowException: Cannot execute: spark-submit --master spark://spark-master:7077 --conf spark.driver.memory=1g --conf spark.executor.memory=1g --conf spark.executor.instances=1 --name arrow-spark --deploy-mode client jobs/python/pyspark_test.py. Error code is: 1.
[2024-06-14T07:30:59.952+0000] {taskinstance.py:1398} INFO - Marking task as UP_FOR_RETRY. dag_id=Spark_dag, task_id=query_job, execution_date=20240614T073050, start_date=20240614T073051, end_date=20240614T073059
[2024-06-14T07:30:59.962+0000] {standard_task_runner.py:104} ERROR - Failed to execute job 39 for task query_job (Cannot execute: spark-submit --master spark://spark-master:7077 --conf spark.driver.memory=1g --conf spark.executor.memory=1g --conf spark.executor.instances=1 --name arrow-spark --deploy-mode client jobs/python/pyspark_test.py. Error code is: 1.; 456)
[2024-06-14T07:30:59.977+0000] {local_task_job_runner.py:228} INFO - Task exited with return code 1
[2024-06-14T07:31:00.007+0000] {taskinstance.py:2776} INFO - 0 downstream tasks scheduled from follow-on schedule check
