[2024-06-14T07:32:01.171+0000] {taskinstance.py:1157} INFO - Dependencies all met for dep_context=non-requeueable deps ti=<TaskInstance: Spark_dag.query_job manual__2024-06-14T07:30:50.168879+00:00 [queued]>
[2024-06-14T07:32:01.176+0000] {taskinstance.py:1157} INFO - Dependencies all met for dep_context=requeueable deps ti=<TaskInstance: Spark_dag.query_job manual__2024-06-14T07:30:50.168879+00:00 [queued]>
[2024-06-14T07:32:01.177+0000] {taskinstance.py:1359} INFO - Starting attempt 2 of 2
[2024-06-14T07:32:01.183+0000] {taskinstance.py:1380} INFO - Executing <Task(SparkSubmitOperator): query_job> on 2024-06-14 07:30:50.168879+00:00
[2024-06-14T07:32:01.186+0000] {standard_task_runner.py:57} INFO - Started process 652 to run task
[2024-06-14T07:32:01.189+0000] {standard_task_runner.py:84} INFO - Running: ['***', 'tasks', 'run', 'Spark_dag', 'query_job', 'manual__2024-06-14T07:30:50.168879+00:00', '--job-id', '40', '--raw', '--subdir', 'DAGS_FOLDER/Spark_dag.py', '--cfg-path', '/tmp/tmpzjnd7dzr']
[2024-06-14T07:32:01.191+0000] {standard_task_runner.py:85} INFO - Job 40: Subtask query_job
[2024-06-14T07:32:01.227+0000] {task_command.py:415} INFO - Running <TaskInstance: Spark_dag.query_job manual__2024-06-14T07:30:50.168879+00:00 [running]> on host 28209c95e1f8
[2024-06-14T07:32:01.272+0000] {taskinstance.py:1660} INFO - Exporting env vars: AIRFLOW_CTX_DAG_OWNER='***' AIRFLOW_CTX_DAG_ID='Spark_dag' AIRFLOW_CTX_TASK_ID='query_job' AIRFLOW_CTX_EXECUTION_DATE='2024-06-14T07:30:50.168879+00:00' AIRFLOW_CTX_TRY_NUMBER='2' AIRFLOW_CTX_DAG_RUN_ID='manual__2024-06-14T07:30:50.168879+00:00'
[2024-06-14T07:32:01.279+0000] {base.py:73} INFO - Using connection ID 'Spark_connection' for task execution.
[2024-06-14T07:32:01.280+0000] {spark_submit.py:401} INFO - Spark-Submit cmd: spark-submit --master spark://spark-master:7077 --conf spark.driver.memory=1g --conf spark.executor.memory=1g --conf spark.executor.instances=1 --name arrow-spark --deploy-mode client jobs/python/pyspark_test.py
[2024-06-14T07:32:01.367+0000] {spark_submit.py:571} INFO - /home/***/.local/lib/python3.9/site-packages/pyspark/bin/load-spark-env.sh: line 68: ps: command not found
[2024-06-14T07:32:03.088+0000] {spark_submit.py:571} INFO - 24/06/14 07:32:03 INFO SparkContext: Running Spark version 3.5.1
[2024-06-14T07:32:03.091+0000] {spark_submit.py:571} INFO - 24/06/14 07:32:03 INFO SparkContext: OS info Linux, 6.6.22-linuxkit, aarch64
[2024-06-14T07:32:03.091+0000] {spark_submit.py:571} INFO - 24/06/14 07:32:03 INFO SparkContext: Java version 11.0.23
[2024-06-14T07:32:03.136+0000] {spark_submit.py:571} INFO - 24/06/14 07:32:03 WARN NativeCodeLoader: Unable to load native-hadoop library for your platform... using builtin-java classes where applicable
[2024-06-14T07:32:03.218+0000] {spark_submit.py:571} INFO - 24/06/14 07:32:03 INFO ResourceUtils: ==============================================================
[2024-06-14T07:32:03.220+0000] {spark_submit.py:571} INFO - 24/06/14 07:32:03 INFO ResourceUtils: No custom resources configured for spark.driver.
[2024-06-14T07:32:03.223+0000] {spark_submit.py:571} INFO - 24/06/14 07:32:03 INFO ResourceUtils: ==============================================================
[2024-06-14T07:32:03.225+0000] {spark_submit.py:571} INFO - 24/06/14 07:32:03 INFO SparkContext: Submitted application: HelloWorld
[2024-06-14T07:32:03.242+0000] {spark_submit.py:571} INFO - 24/06/14 07:32:03 INFO ResourceProfile: Default ResourceProfile created, executor resources: Map(memory -> name: memory, amount: 1024, script: , vendor: , offHeap -> name: offHeap, amount: 0, script: , vendor: ), task resources: Map(cpus -> name: cpus, amount: 1.0)
[2024-06-14T07:32:03.253+0000] {spark_submit.py:571} INFO - 24/06/14 07:32:03 INFO ResourceProfile: Limiting resource is cpu
[2024-06-14T07:32:03.255+0000] {spark_submit.py:571} INFO - 24/06/14 07:32:03 INFO ResourceProfileManager: Added ResourceProfile id: 0
[2024-06-14T07:32:03.325+0000] {spark_submit.py:571} INFO - 24/06/14 07:32:03 INFO SecurityManager: Changing view acls to: ***
[2024-06-14T07:32:03.328+0000] {spark_submit.py:571} INFO - 24/06/14 07:32:03 INFO SecurityManager: Changing modify acls to: ***
[2024-06-14T07:32:03.331+0000] {spark_submit.py:571} INFO - 24/06/14 07:32:03 INFO SecurityManager: Changing view acls groups to:
[2024-06-14T07:32:03.333+0000] {spark_submit.py:571} INFO - 24/06/14 07:32:03 INFO SecurityManager: Changing modify acls groups to:
[2024-06-14T07:32:03.334+0000] {spark_submit.py:571} INFO - 24/06/14 07:32:03 INFO SecurityManager: SecurityManager: authentication disabled; ui acls disabled; users with view permissions: ***; groups with view permissions: EMPTY; users with modify permissions: ***; groups with modify permissions: EMPTY
[2024-06-14T07:32:03.560+0000] {spark_submit.py:571} INFO - 24/06/14 07:32:03 INFO Utils: Successfully started service 'sparkDriver' on port 41303.
[2024-06-14T07:32:03.589+0000] {spark_submit.py:571} INFO - 24/06/14 07:32:03 INFO SparkEnv: Registering MapOutputTracker
[2024-06-14T07:32:03.608+0000] {spark_submit.py:571} INFO - 24/06/14 07:32:03 INFO SparkEnv: Registering BlockManagerMaster
[2024-06-14T07:32:03.618+0000] {spark_submit.py:571} INFO - 24/06/14 07:32:03 INFO BlockManagerMasterEndpoint: Using org.apache.spark.storage.DefaultTopologyMapper for getting topology information
[2024-06-14T07:32:03.619+0000] {spark_submit.py:571} INFO - 24/06/14 07:32:03 INFO BlockManagerMasterEndpoint: BlockManagerMasterEndpoint up
[2024-06-14T07:32:03.621+0000] {spark_submit.py:571} INFO - 24/06/14 07:32:03 INFO SparkEnv: Registering BlockManagerMasterHeartbeat
[2024-06-14T07:32:03.636+0000] {spark_submit.py:571} INFO - 24/06/14 07:32:03 INFO DiskBlockManager: Created local directory at /tmp/blockmgr-5cd3c5b0-08db-460e-aff6-f40855b8bb5a
[2024-06-14T07:32:03.644+0000] {spark_submit.py:571} INFO - 24/06/14 07:32:03 INFO MemoryStore: MemoryStore started with capacity 434.4 MiB
[2024-06-14T07:32:03.655+0000] {spark_submit.py:571} INFO - 24/06/14 07:32:03 INFO SparkEnv: Registering OutputCommitCoordinator
[2024-06-14T07:32:03.740+0000] {spark_submit.py:571} INFO - 24/06/14 07:32:03 INFO JettyUtils: Start Jetty 0.0.0.0:4040 for SparkUI
[2024-06-14T07:32:03.784+0000] {spark_submit.py:571} INFO - 24/06/14 07:32:03 INFO Utils: Successfully started service 'SparkUI' on port 4040.
[2024-06-14T07:32:03.891+0000] {spark_submit.py:571} INFO - 24/06/14 07:32:03 INFO StandaloneAppClient$ClientEndpoint: Connecting to master spark://spark-master:7077...
[2024-06-14T07:32:03.963+0000] {spark_submit.py:571} INFO - 24/06/14 07:32:03 INFO TransportClientFactory: Successfully created connection to spark-master/172.18.0.3:7077 after 38 ms (0 ms spent in bootstraps)
[2024-06-14T07:32:04.057+0000] {spark_submit.py:571} INFO - 24/06/14 07:32:04 INFO StandaloneSchedulerBackend: Connected to Spark cluster with app ID app-20240614073204-0001
[2024-06-14T07:32:04.064+0000] {spark_submit.py:571} INFO - 24/06/14 07:32:04 INFO StandaloneAppClient$ClientEndpoint: Executor added: app-20240614073204-0001/0 on worker-20240614072642-172.18.0.4-36519 (172.18.0.4:36519) with 2 core(s)
[2024-06-14T07:32:04.072+0000] {spark_submit.py:571} INFO - 24/06/14 07:32:04 INFO StandaloneSchedulerBackend: Granted executor ID app-20240614073204-0001/0 on hostPort 172.18.0.4:36519 with 2 core(s), 1024.0 MiB RAM
[2024-06-14T07:32:04.079+0000] {spark_submit.py:571} INFO - 24/06/14 07:32:04 INFO Utils: Successfully started service 'org.apache.spark.network.netty.NettyBlockTransferService' on port 37149.
[2024-06-14T07:32:04.084+0000] {spark_submit.py:571} INFO - 24/06/14 07:32:04 INFO NettyBlockTransferService: Server created on 28209c95e1f8:37149
[2024-06-14T07:32:04.088+0000] {spark_submit.py:571} INFO - 24/06/14 07:32:04 INFO BlockManager: Using org.apache.spark.storage.RandomBlockReplicationPolicy for block replication policy
[2024-06-14T07:32:04.092+0000] {spark_submit.py:571} INFO - 24/06/14 07:32:04 INFO BlockManagerMaster: Registering BlockManager BlockManagerId(driver, 28209c95e1f8, 37149, None)
[2024-06-14T07:32:04.100+0000] {spark_submit.py:571} INFO - 24/06/14 07:32:04 INFO BlockManagerMasterEndpoint: Registering block manager 28209c95e1f8:37149 with 434.4 MiB RAM, BlockManagerId(driver, 28209c95e1f8, 37149, None)
[2024-06-14T07:32:04.103+0000] {spark_submit.py:571} INFO - 24/06/14 07:32:04 INFO BlockManagerMaster: Registered BlockManager BlockManagerId(driver, 28209c95e1f8, 37149, None)
[2024-06-14T07:32:04.107+0000] {spark_submit.py:571} INFO - 24/06/14 07:32:04 INFO BlockManager: Initialized BlockManager: BlockManagerId(driver, 28209c95e1f8, 37149, None)
[2024-06-14T07:32:04.180+0000] {spark_submit.py:571} INFO - 24/06/14 07:32:04 INFO StandaloneAppClient$ClientEndpoint: Executor updated: app-20240614073204-0001/0 is now RUNNING
[2024-06-14T07:32:04.426+0000] {spark_submit.py:571} INFO - 24/06/14 07:32:04 INFO StandaloneSchedulerBackend: SchedulerBackend is ready for scheduling beginning after reached minRegisteredResourcesRatio: 0.0
[2024-06-14T07:32:04.638+0000] {spark_submit.py:571} INFO - Spark version: 3.5.1
[2024-06-14T07:32:04.967+0000] {spark_submit.py:571} INFO - 24/06/14 07:32:04 INFO SharedState: Setting hive.metastore.warehouse.dir ('null') to the value of spark.sql.warehouse.dir.
[2024-06-14T07:32:04.985+0000] {spark_submit.py:571} INFO - 24/06/14 07:32:04 INFO SharedState: Warehouse path is 'file:/opt/***/spark-warehouse'.
[2024-06-14T07:32:06.244+0000] {spark_submit.py:571} INFO - 24/06/14 07:32:06 INFO StandaloneSchedulerBackend$StandaloneDriverEndpoint: Registered executor NettyRpcEndpointRef(spark-client://Executor) (172.18.0.4:60806) with ID 0,  ResourceProfileId 0
[2024-06-14T07:32:06.349+0000] {spark_submit.py:571} INFO - 24/06/14 07:32:06 INFO BlockManagerMasterEndpoint: Registering block manager 172.18.0.4:41345 with 434.4 MiB RAM, BlockManagerId(0, 172.18.0.4, 41345, None)
[2024-06-14T07:32:07.312+0000] {spark_submit.py:571} INFO - 24/06/14 07:32:07 INFO CodeGenerator: Code generated in 164.985667 ms
[2024-06-14T07:32:07.341+0000] {spark_submit.py:571} INFO - 24/06/14 07:32:07 INFO SparkContext: Starting job: showString at NativeMethodAccessorImpl.java:0
[2024-06-14T07:32:07.350+0000] {spark_submit.py:571} INFO - 24/06/14 07:32:07 INFO DAGScheduler: Got job 0 (showString at NativeMethodAccessorImpl.java:0) with 1 output partitions
[2024-06-14T07:32:07.352+0000] {spark_submit.py:571} INFO - 24/06/14 07:32:07 INFO DAGScheduler: Final stage: ResultStage 0 (showString at NativeMethodAccessorImpl.java:0)
[2024-06-14T07:32:07.354+0000] {spark_submit.py:571} INFO - 24/06/14 07:32:07 INFO DAGScheduler: Parents of final stage: List()
[2024-06-14T07:32:07.356+0000] {spark_submit.py:571} INFO - 24/06/14 07:32:07 INFO DAGScheduler: Missing parents: List()
[2024-06-14T07:32:07.361+0000] {spark_submit.py:571} INFO - 24/06/14 07:32:07 INFO DAGScheduler: Submitting ResultStage 0 (MapPartitionsRDD[6] at showString at NativeMethodAccessorImpl.java:0), which has no missing parents
[2024-06-14T07:32:07.444+0000] {spark_submit.py:571} INFO - 24/06/14 07:32:07 INFO MemoryStore: Block broadcast_0 stored as values in memory (estimated size 12.6 KiB, free 434.4 MiB)
[2024-06-14T07:32:07.479+0000] {spark_submit.py:571} INFO - 24/06/14 07:32:07 INFO MemoryStore: Block broadcast_0_piece0 stored as bytes in memory (estimated size 6.6 KiB, free 434.4 MiB)
[2024-06-14T07:32:07.482+0000] {spark_submit.py:571} INFO - 24/06/14 07:32:07 INFO BlockManagerInfo: Added broadcast_0_piece0 in memory on 28209c95e1f8:37149 (size: 6.6 KiB, free: 434.4 MiB)
[2024-06-14T07:32:07.485+0000] {spark_submit.py:571} INFO - 24/06/14 07:32:07 INFO SparkContext: Created broadcast 0 from broadcast at DAGScheduler.scala:1585
[2024-06-14T07:32:07.498+0000] {spark_submit.py:571} INFO - 24/06/14 07:32:07 INFO DAGScheduler: Submitting 1 missing tasks from ResultStage 0 (MapPartitionsRDD[6] at showString at NativeMethodAccessorImpl.java:0) (first 15 tasks are for partitions Vector(0))
[2024-06-14T07:32:07.500+0000] {spark_submit.py:571} INFO - 24/06/14 07:32:07 INFO TaskSchedulerImpl: Adding task set 0.0 with 1 tasks resource profile 0
[2024-06-14T07:32:07.520+0000] {spark_submit.py:571} INFO - 24/06/14 07:32:07 INFO TaskSetManager: Starting task 0.0 in stage 0.0 (TID 0) (172.18.0.4, executor 0, partition 0, PROCESS_LOCAL, 7636 bytes)
[2024-06-14T07:32:07.673+0000] {spark_submit.py:571} INFO - 24/06/14 07:32:07 INFO BlockManagerInfo: Added broadcast_0_piece0 in memory on 172.18.0.4:41345 (size: 6.6 KiB, free: 434.4 MiB)
[2024-06-14T07:32:08.496+0000] {spark_submit.py:571} INFO - 24/06/14 07:32:08 WARN TaskSetManager: Lost task 0.0 in stage 0.0 (TID 0) (172.18.0.4 executor 0): org.apache.spark.api.python.PythonException: Traceback (most recent call last):
[2024-06-14T07:32:08.498+0000] {spark_submit.py:571} INFO - File "/opt/bitnami/spark/python/lib/pyspark.zip/pyspark/worker.py", line 1100, in main
[2024-06-14T07:32:08.498+0000] {spark_submit.py:571} INFO - raise PySparkRuntimeError(
[2024-06-14T07:32:08.500+0000] {spark_submit.py:571} INFO - pyspark.errors.exceptions.base.PySparkRuntimeError: [PYTHON_VERSION_MISMATCH] Python in worker has different version (3, 11) than that in driver 3.9, PySpark cannot run with different minor versions.
[2024-06-14T07:32:08.501+0000] {spark_submit.py:571} INFO - Please check environment variables PYSPARK_PYTHON and PYSPARK_DRIVER_PYTHON are correctly set.
[2024-06-14T07:32:08.503+0000] {spark_submit.py:571} INFO - 
[2024-06-14T07:32:08.506+0000] {spark_submit.py:571} INFO - at org.apache.spark.api.python.BasePythonRunner$ReaderIterator.handlePythonException(PythonRunner.scala:572)
[2024-06-14T07:32:08.509+0000] {spark_submit.py:571} INFO - at org.apache.spark.api.python.PythonRunner$$anon$3.read(PythonRunner.scala:784)
[2024-06-14T07:32:08.511+0000] {spark_submit.py:571} INFO - at org.apache.spark.api.python.PythonRunner$$anon$3.read(PythonRunner.scala:766)
[2024-06-14T07:32:08.515+0000] {spark_submit.py:571} INFO - at org.apache.spark.api.python.BasePythonRunner$ReaderIterator.hasNext(PythonRunner.scala:525)
[2024-06-14T07:32:08.519+0000] {spark_submit.py:571} INFO - at org.apache.spark.InterruptibleIterator.hasNext(InterruptibleIterator.scala:37)
[2024-06-14T07:32:08.522+0000] {spark_submit.py:571} INFO - at scala.collection.Iterator$$anon$11.hasNext(Iterator.scala:491)
[2024-06-14T07:32:08.525+0000] {spark_submit.py:571} INFO - at scala.collection.Iterator$$anon$10.hasNext(Iterator.scala:460)
[2024-06-14T07:32:08.526+0000] {spark_submit.py:571} INFO - at scala.collection.Iterator$$anon$10.hasNext(Iterator.scala:460)
[2024-06-14T07:32:08.529+0000] {spark_submit.py:571} INFO - at org.apache.spark.sql.catalyst.expressions.GeneratedClass$GeneratedIteratorForCodegenStage1.processNext(Unknown Source)
[2024-06-14T07:32:08.531+0000] {spark_submit.py:571} INFO - at org.apache.spark.sql.execution.BufferedRowIterator.hasNext(BufferedRowIterator.java:43)
[2024-06-14T07:32:08.532+0000] {spark_submit.py:571} INFO - at org.apache.spark.sql.execution.WholeStageCodegenEvaluatorFactory$WholeStageCodegenPartitionEvaluator$$anon$1.hasNext(WholeStageCodegenEvaluatorFactory.scala:43)
[2024-06-14T07:32:08.536+0000] {spark_submit.py:571} INFO - at org.apache.spark.sql.execution.SparkPlan.$anonfun$getByteArrayRdd$1(SparkPlan.scala:388)
[2024-06-14T07:32:08.537+0000] {spark_submit.py:571} INFO - at org.apache.spark.rdd.RDD.$anonfun$mapPartitionsInternal$2(RDD.scala:893)
[2024-06-14T07:32:08.538+0000] {spark_submit.py:571} INFO - at org.apache.spark.rdd.RDD.$anonfun$mapPartitionsInternal$2$adapted(RDD.scala:893)
[2024-06-14T07:32:08.539+0000] {spark_submit.py:571} INFO - at org.apache.spark.rdd.MapPartitionsRDD.compute(MapPartitionsRDD.scala:52)
[2024-06-14T07:32:08.540+0000] {spark_submit.py:571} INFO - at org.apache.spark.rdd.RDD.computeOrReadCheckpoint(RDD.scala:367)
[2024-06-14T07:32:08.542+0000] {spark_submit.py:571} INFO - at org.apache.spark.rdd.RDD.iterator(RDD.scala:331)
[2024-06-14T07:32:08.544+0000] {spark_submit.py:571} INFO - at org.apache.spark.scheduler.ResultTask.runTask(ResultTask.scala:93)
[2024-06-14T07:32:08.547+0000] {spark_submit.py:571} INFO - at org.apache.spark.TaskContext.runTaskWithListeners(TaskContext.scala:166)
[2024-06-14T07:32:08.549+0000] {spark_submit.py:571} INFO - at org.apache.spark.scheduler.Task.run(Task.scala:141)
[2024-06-14T07:32:08.550+0000] {spark_submit.py:571} INFO - at org.apache.spark.executor.Executor$TaskRunner.$anonfun$run$4(Executor.scala:620)
[2024-06-14T07:32:08.555+0000] {spark_submit.py:571} INFO - at org.apache.spark.util.SparkErrorUtils.tryWithSafeFinally(SparkErrorUtils.scala:64)
[2024-06-14T07:32:08.557+0000] {spark_submit.py:571} INFO - at org.apache.spark.util.SparkErrorUtils.tryWithSafeFinally$(SparkErrorUtils.scala:61)
[2024-06-14T07:32:08.561+0000] {spark_submit.py:571} INFO - at org.apache.spark.util.Utils$.tryWithSafeFinally(Utils.scala:94)
[2024-06-14T07:32:08.562+0000] {spark_submit.py:571} INFO - at org.apache.spark.executor.Executor$TaskRunner.run(Executor.scala:623)
[2024-06-14T07:32:08.563+0000] {spark_submit.py:571} INFO - at java.base/java.util.concurrent.ThreadPoolExecutor.runWorker(ThreadPoolExecutor.java:1136)
[2024-06-14T07:32:08.565+0000] {spark_submit.py:571} INFO - at java.base/java.util.concurrent.ThreadPoolExecutor$Worker.run(ThreadPoolExecutor.java:635)
[2024-06-14T07:32:08.568+0000] {spark_submit.py:571} INFO - at java.base/java.lang.Thread.run(Thread.java:840)
[2024-06-14T07:32:08.570+0000] {spark_submit.py:571} INFO - 
[2024-06-14T07:32:08.571+0000] {spark_submit.py:571} INFO - 24/06/14 07:32:08 INFO TaskSetManager: Starting task 0.1 in stage 0.0 (TID 1) (172.18.0.4, executor 0, partition 0, PROCESS_LOCAL, 7636 bytes)
[2024-06-14T07:32:08.574+0000] {spark_submit.py:571} INFO - 24/06/14 07:32:08 INFO TaskSetManager: Lost task 0.1 in stage 0.0 (TID 1) on 172.18.0.4, executor 0: org.apache.spark.api.python.PythonException (Traceback (most recent call last):
[2024-06-14T07:32:08.576+0000] {spark_submit.py:571} INFO - File "/opt/bitnami/spark/python/lib/pyspark.zip/pyspark/worker.py", line 1100, in main
[2024-06-14T07:32:08.579+0000] {spark_submit.py:571} INFO - raise PySparkRuntimeError(
[2024-06-14T07:32:08.582+0000] {spark_submit.py:571} INFO - pyspark.errors.exceptions.base.PySparkRuntimeError: [PYTHON_VERSION_MISMATCH] Python in worker has different version (3, 11) than that in driver 3.9, PySpark cannot run with different minor versions.
[2024-06-14T07:32:08.585+0000] {spark_submit.py:571} INFO - Please check environment variables PYSPARK_PYTHON and PYSPARK_DRIVER_PYTHON are correctly set.
[2024-06-14T07:32:08.587+0000] {spark_submit.py:571} INFO - ) [duplicate 1]
[2024-06-14T07:32:08.588+0000] {spark_submit.py:571} INFO - 24/06/14 07:32:08 INFO TaskSetManager: Starting task 0.2 in stage 0.0 (TID 2) (172.18.0.4, executor 0, partition 0, PROCESS_LOCAL, 7636 bytes)
[2024-06-14T07:32:08.596+0000] {spark_submit.py:571} INFO - 24/06/14 07:32:08 INFO TaskSetManager: Lost task 0.2 in stage 0.0 (TID 2) on 172.18.0.4, executor 0: org.apache.spark.api.python.PythonException (Traceback (most recent call last):
[2024-06-14T07:32:08.599+0000] {spark_submit.py:571} INFO - File "/opt/bitnami/spark/python/lib/pyspark.zip/pyspark/worker.py", line 1100, in main
[2024-06-14T07:32:08.600+0000] {spark_submit.py:571} INFO - raise PySparkRuntimeError(
[2024-06-14T07:32:08.603+0000] {spark_submit.py:571} INFO - pyspark.errors.exceptions.base.PySparkRuntimeError: [PYTHON_VERSION_MISMATCH] Python in worker has different version (3, 11) than that in driver 3.9, PySpark cannot run with different minor versions.
[2024-06-14T07:32:08.604+0000] {spark_submit.py:571} INFO - Please check environment variables PYSPARK_PYTHON and PYSPARK_DRIVER_PYTHON are correctly set.
[2024-06-14T07:32:08.607+0000] {spark_submit.py:571} INFO - ) [duplicate 2]
[2024-06-14T07:32:08.610+0000] {spark_submit.py:571} INFO - 24/06/14 07:32:08 INFO TaskSetManager: Starting task 0.3 in stage 0.0 (TID 3) (172.18.0.4, executor 0, partition 0, PROCESS_LOCAL, 7636 bytes)
[2024-06-14T07:32:08.617+0000] {spark_submit.py:571} INFO - 24/06/14 07:32:08 INFO TaskSetManager: Lost task 0.3 in stage 0.0 (TID 3) on 172.18.0.4, executor 0: org.apache.spark.api.python.PythonException (Traceback (most recent call last):
[2024-06-14T07:32:08.620+0000] {spark_submit.py:571} INFO - File "/opt/bitnami/spark/python/lib/pyspark.zip/pyspark/worker.py", line 1100, in main
[2024-06-14T07:32:08.622+0000] {spark_submit.py:571} INFO - raise PySparkRuntimeError(
[2024-06-14T07:32:08.624+0000] {spark_submit.py:571} INFO - pyspark.errors.exceptions.base.PySparkRuntimeError: [PYTHON_VERSION_MISMATCH] Python in worker has different version (3, 11) than that in driver 3.9, PySpark cannot run with different minor versions.
[2024-06-14T07:32:08.624+0000] {spark_submit.py:571} INFO - Please check environment variables PYSPARK_PYTHON and PYSPARK_DRIVER_PYTHON are correctly set.
[2024-06-14T07:32:08.625+0000] {spark_submit.py:571} INFO - ) [duplicate 3]
[2024-06-14T07:32:08.627+0000] {spark_submit.py:571} INFO - 24/06/14 07:32:08 ERROR TaskSetManager: Task 0 in stage 0.0 failed 4 times; aborting job
[2024-06-14T07:32:08.628+0000] {spark_submit.py:571} INFO - 24/06/14 07:32:08 INFO TaskSchedulerImpl: Removed TaskSet 0.0, whose tasks have all completed, from pool
[2024-06-14T07:32:08.629+0000] {spark_submit.py:571} INFO - 24/06/14 07:32:08 INFO TaskSchedulerImpl: Cancelling stage 0
[2024-06-14T07:32:08.630+0000] {spark_submit.py:571} INFO - 24/06/14 07:32:08 INFO TaskSchedulerImpl: Killing all running tasks in stage 0: Stage cancelled: Job aborted due to stage failure: Task 0 in stage 0.0 failed 4 times, most recent failure: Lost task 0.3 in stage 0.0 (TID 3) (172.18.0.4 executor 0): org.apache.spark.api.python.PythonException: Traceback (most recent call last):
[2024-06-14T07:32:08.632+0000] {spark_submit.py:571} INFO - File "/opt/bitnami/spark/python/lib/pyspark.zip/pyspark/worker.py", line 1100, in main
[2024-06-14T07:32:08.632+0000] {spark_submit.py:571} INFO - raise PySparkRuntimeError(
[2024-06-14T07:32:08.633+0000] {spark_submit.py:571} INFO - pyspark.errors.exceptions.base.PySparkRuntimeError: [PYTHON_VERSION_MISMATCH] Python in worker has different version (3, 11) than that in driver 3.9, PySpark cannot run with different minor versions.
[2024-06-14T07:32:08.633+0000] {spark_submit.py:571} INFO - Please check environment variables PYSPARK_PYTHON and PYSPARK_DRIVER_PYTHON are correctly set.
[2024-06-14T07:32:08.634+0000] {spark_submit.py:571} INFO - 
[2024-06-14T07:32:08.634+0000] {spark_submit.py:571} INFO - at org.apache.spark.api.python.BasePythonRunner$ReaderIterator.handlePythonException(PythonRunner.scala:572)
[2024-06-14T07:32:08.634+0000] {spark_submit.py:571} INFO - at org.apache.spark.api.python.PythonRunner$$anon$3.read(PythonRunner.scala:784)
[2024-06-14T07:32:08.635+0000] {spark_submit.py:571} INFO - at org.apache.spark.api.python.PythonRunner$$anon$3.read(PythonRunner.scala:766)
[2024-06-14T07:32:08.635+0000] {spark_submit.py:571} INFO - at org.apache.spark.api.python.BasePythonRunner$ReaderIterator.hasNext(PythonRunner.scala:525)
[2024-06-14T07:32:08.636+0000] {spark_submit.py:571} INFO - at org.apache.spark.InterruptibleIterator.hasNext(InterruptibleIterator.scala:37)
[2024-06-14T07:32:08.636+0000] {spark_submit.py:571} INFO - at scala.collection.Iterator$$anon$11.hasNext(Iterator.scala:491)
[2024-06-14T07:32:08.636+0000] {spark_submit.py:571} INFO - at scala.collection.Iterator$$anon$10.hasNext(Iterator.scala:460)
[2024-06-14T07:32:08.637+0000] {spark_submit.py:571} INFO - at scala.collection.Iterator$$anon$10.hasNext(Iterator.scala:460)
[2024-06-14T07:32:08.637+0000] {spark_submit.py:571} INFO - at org.apache.spark.sql.catalyst.expressions.GeneratedClass$GeneratedIteratorForCodegenStage1.processNext(Unknown Source)
[2024-06-14T07:32:08.638+0000] {spark_submit.py:571} INFO - at org.apache.spark.sql.execution.BufferedRowIterator.hasNext(BufferedRowIterator.java:43)
[2024-06-14T07:32:08.639+0000] {spark_submit.py:571} INFO - at org.apache.spark.sql.execution.WholeStageCodegenEvaluatorFactory$WholeStageCodegenPartitionEvaluator$$anon$1.hasNext(WholeStageCodegenEvaluatorFactory.scala:43)
[2024-06-14T07:32:08.640+0000] {spark_submit.py:571} INFO - at org.apache.spark.sql.execution.SparkPlan.$anonfun$getByteArrayRdd$1(SparkPlan.scala:388)
[2024-06-14T07:32:08.641+0000] {spark_submit.py:571} INFO - at org.apache.spark.rdd.RDD.$anonfun$mapPartitionsInternal$2(RDD.scala:893)
[2024-06-14T07:32:08.641+0000] {spark_submit.py:571} INFO - at org.apache.spark.rdd.RDD.$anonfun$mapPartitionsInternal$2$adapted(RDD.scala:893)
[2024-06-14T07:32:08.643+0000] {spark_submit.py:571} INFO - at org.apache.spark.rdd.MapPartitionsRDD.compute(MapPartitionsRDD.scala:52)
[2024-06-14T07:32:08.643+0000] {spark_submit.py:571} INFO - at org.apache.spark.rdd.RDD.computeOrReadCheckpoint(RDD.scala:367)
[2024-06-14T07:32:08.644+0000] {spark_submit.py:571} INFO - at org.apache.spark.rdd.RDD.iterator(RDD.scala:331)
[2024-06-14T07:32:08.644+0000] {spark_submit.py:571} INFO - at org.apache.spark.scheduler.ResultTask.runTask(ResultTask.scala:93)
[2024-06-14T07:32:08.645+0000] {spark_submit.py:571} INFO - at org.apache.spark.TaskContext.runTaskWithListeners(TaskContext.scala:166)
[2024-06-14T07:32:08.645+0000] {spark_submit.py:571} INFO - at org.apache.spark.scheduler.Task.run(Task.scala:141)
[2024-06-14T07:32:08.646+0000] {spark_submit.py:571} INFO - at org.apache.spark.executor.Executor$TaskRunner.$anonfun$run$4(Executor.scala:620)
[2024-06-14T07:32:08.647+0000] {spark_submit.py:571} INFO - at org.apache.spark.util.SparkErrorUtils.tryWithSafeFinally(SparkErrorUtils.scala:64)
[2024-06-14T07:32:08.647+0000] {spark_submit.py:571} INFO - at org.apache.spark.util.SparkErrorUtils.tryWithSafeFinally$(SparkErrorUtils.scala:61)
[2024-06-14T07:32:08.648+0000] {spark_submit.py:571} INFO - at org.apache.spark.util.Utils$.tryWithSafeFinally(Utils.scala:94)
[2024-06-14T07:32:08.649+0000] {spark_submit.py:571} INFO - at org.apache.spark.executor.Executor$TaskRunner.run(Executor.scala:623)
[2024-06-14T07:32:08.649+0000] {spark_submit.py:571} INFO - at java.base/java.util.concurrent.ThreadPoolExecutor.runWorker(ThreadPoolExecutor.java:1136)
[2024-06-14T07:32:08.650+0000] {spark_submit.py:571} INFO - at java.base/java.util.concurrent.ThreadPoolExecutor$Worker.run(ThreadPoolExecutor.java:635)
[2024-06-14T07:32:08.651+0000] {spark_submit.py:571} INFO - at java.base/java.lang.Thread.run(Thread.java:840)
[2024-06-14T07:32:08.654+0000] {spark_submit.py:571} INFO - 
[2024-06-14T07:32:08.655+0000] {spark_submit.py:571} INFO - Driver stacktrace:
[2024-06-14T07:32:08.656+0000] {spark_submit.py:571} INFO - 24/06/14 07:32:08 INFO DAGScheduler: ResultStage 0 (showString at NativeMethodAccessorImpl.java:0) failed in 1.254 s due to Job aborted due to stage failure: Task 0 in stage 0.0 failed 4 times, most recent failure: Lost task 0.3 in stage 0.0 (TID 3) (172.18.0.4 executor 0): org.apache.spark.api.python.PythonException: Traceback (most recent call last):
[2024-06-14T07:32:08.657+0000] {spark_submit.py:571} INFO - File "/opt/bitnami/spark/python/lib/pyspark.zip/pyspark/worker.py", line 1100, in main
[2024-06-14T07:32:08.659+0000] {spark_submit.py:571} INFO - raise PySparkRuntimeError(
[2024-06-14T07:32:08.659+0000] {spark_submit.py:571} INFO - pyspark.errors.exceptions.base.PySparkRuntimeError: [PYTHON_VERSION_MISMATCH] Python in worker has different version (3, 11) than that in driver 3.9, PySpark cannot run with different minor versions.
[2024-06-14T07:32:08.660+0000] {spark_submit.py:571} INFO - Please check environment variables PYSPARK_PYTHON and PYSPARK_DRIVER_PYTHON are correctly set.
[2024-06-14T07:32:08.660+0000] {spark_submit.py:571} INFO - 
[2024-06-14T07:32:08.661+0000] {spark_submit.py:571} INFO - at org.apache.spark.api.python.BasePythonRunner$ReaderIterator.handlePythonException(PythonRunner.scala:572)
[2024-06-14T07:32:08.662+0000] {spark_submit.py:571} INFO - at org.apache.spark.api.python.PythonRunner$$anon$3.read(PythonRunner.scala:784)
[2024-06-14T07:32:08.663+0000] {spark_submit.py:571} INFO - at org.apache.spark.api.python.PythonRunner$$anon$3.read(PythonRunner.scala:766)
[2024-06-14T07:32:08.664+0000] {spark_submit.py:571} INFO - at org.apache.spark.api.python.BasePythonRunner$ReaderIterator.hasNext(PythonRunner.scala:525)
[2024-06-14T07:32:08.665+0000] {spark_submit.py:571} INFO - at org.apache.spark.InterruptibleIterator.hasNext(InterruptibleIterator.scala:37)
[2024-06-14T07:32:08.667+0000] {spark_submit.py:571} INFO - at scala.collection.Iterator$$anon$11.hasNext(Iterator.scala:491)
[2024-06-14T07:32:08.668+0000] {spark_submit.py:571} INFO - at scala.collection.Iterator$$anon$10.hasNext(Iterator.scala:460)
[2024-06-14T07:32:08.668+0000] {spark_submit.py:571} INFO - at scala.collection.Iterator$$anon$10.hasNext(Iterator.scala:460)
[2024-06-14T07:32:08.669+0000] {spark_submit.py:571} INFO - at org.apache.spark.sql.catalyst.expressions.GeneratedClass$GeneratedIteratorForCodegenStage1.processNext(Unknown Source)
[2024-06-14T07:32:08.669+0000] {spark_submit.py:571} INFO - at org.apache.spark.sql.execution.BufferedRowIterator.hasNext(BufferedRowIterator.java:43)
[2024-06-14T07:32:08.670+0000] {spark_submit.py:571} INFO - at org.apache.spark.sql.execution.WholeStageCodegenEvaluatorFactory$WholeStageCodegenPartitionEvaluator$$anon$1.hasNext(WholeStageCodegenEvaluatorFactory.scala:43)
[2024-06-14T07:32:08.671+0000] {spark_submit.py:571} INFO - at org.apache.spark.sql.execution.SparkPlan.$anonfun$getByteArrayRdd$1(SparkPlan.scala:388)
[2024-06-14T07:32:08.673+0000] {spark_submit.py:571} INFO - at org.apache.spark.rdd.RDD.$anonfun$mapPartitionsInternal$2(RDD.scala:893)
[2024-06-14T07:32:08.674+0000] {spark_submit.py:571} INFO - at org.apache.spark.rdd.RDD.$anonfun$mapPartitionsInternal$2$adapted(RDD.scala:893)
[2024-06-14T07:32:08.675+0000] {spark_submit.py:571} INFO - at org.apache.spark.rdd.MapPartitionsRDD.compute(MapPartitionsRDD.scala:52)
[2024-06-14T07:32:08.676+0000] {spark_submit.py:571} INFO - at org.apache.spark.rdd.RDD.computeOrReadCheckpoint(RDD.scala:367)
[2024-06-14T07:32:08.676+0000] {spark_submit.py:571} INFO - at org.apache.spark.rdd.RDD.iterator(RDD.scala:331)
[2024-06-14T07:32:08.677+0000] {spark_submit.py:571} INFO - at org.apache.spark.scheduler.ResultTask.runTask(ResultTask.scala:93)
[2024-06-14T07:32:08.677+0000] {spark_submit.py:571} INFO - at org.apache.spark.TaskContext.runTaskWithListeners(TaskContext.scala:166)
[2024-06-14T07:32:08.678+0000] {spark_submit.py:571} INFO - at org.apache.spark.scheduler.Task.run(Task.scala:141)
[2024-06-14T07:32:08.678+0000] {spark_submit.py:571} INFO - at org.apache.spark.executor.Executor$TaskRunner.$anonfun$run$4(Executor.scala:620)
[2024-06-14T07:32:08.679+0000] {spark_submit.py:571} INFO - at org.apache.spark.util.SparkErrorUtils.tryWithSafeFinally(SparkErrorUtils.scala:64)
[2024-06-14T07:32:08.679+0000] {spark_submit.py:571} INFO - at org.apache.spark.util.SparkErrorUtils.tryWithSafeFinally$(SparkErrorUtils.scala:61)
[2024-06-14T07:32:08.679+0000] {spark_submit.py:571} INFO - at org.apache.spark.util.Utils$.tryWithSafeFinally(Utils.scala:94)
[2024-06-14T07:32:08.680+0000] {spark_submit.py:571} INFO - at org.apache.spark.executor.Executor$TaskRunner.run(Executor.scala:623)
[2024-06-14T07:32:08.681+0000] {spark_submit.py:571} INFO - at java.base/java.util.concurrent.ThreadPoolExecutor.runWorker(ThreadPoolExecutor.java:1136)
[2024-06-14T07:32:08.681+0000] {spark_submit.py:571} INFO - at java.base/java.util.concurrent.ThreadPoolExecutor$Worker.run(ThreadPoolExecutor.java:635)
[2024-06-14T07:32:08.682+0000] {spark_submit.py:571} INFO - at java.base/java.lang.Thread.run(Thread.java:840)
[2024-06-14T07:32:08.682+0000] {spark_submit.py:571} INFO - 
[2024-06-14T07:32:08.683+0000] {spark_submit.py:571} INFO - Driver stacktrace:
[2024-06-14T07:32:08.683+0000] {spark_submit.py:571} INFO - 24/06/14 07:32:08 INFO DAGScheduler: Job 0 failed: showString at NativeMethodAccessorImpl.java:0, took 1.286551 s
[2024-06-14T07:32:08.822+0000] {spark_submit.py:571} INFO - Traceback (most recent call last):
[2024-06-14T07:32:08.825+0000] {spark_submit.py:571} INFO - File "/opt/***/jobs/python/pyspark_test.py", line 16, in <module>
[2024-06-14T07:32:08.830+0000] {spark_submit.py:571} INFO - df.show()
[2024-06-14T07:32:08.833+0000] {spark_submit.py:571} INFO - File "/home/***/.local/lib/python3.9/site-packages/pyspark/python/lib/pyspark.zip/pyspark/sql/dataframe.py", line 945, in show
[2024-06-14T07:32:08.834+0000] {spark_submit.py:571} INFO - File "/home/***/.local/lib/python3.9/site-packages/pyspark/python/lib/pyspark.zip/pyspark/sql/dataframe.py", line 963, in _show_string
[2024-06-14T07:32:08.844+0000] {spark_submit.py:571} INFO - 24/06/14 07:32:08 INFO BlockManagerInfo: Removed broadcast_0_piece0 on 28209c95e1f8:37149 in memory (size: 6.6 KiB, free: 434.4 MiB)
[2024-06-14T07:32:08.846+0000] {spark_submit.py:571} INFO - File "/home/***/.local/lib/python3.9/site-packages/pyspark/python/lib/py4j-0.10.9.7-src.zip/py4j/java_gateway.py", line 1322, in __call__
[2024-06-14T07:32:08.847+0000] {spark_submit.py:571} INFO - File "/home/***/.local/lib/python3.9/site-packages/pyspark/python/lib/pyspark.zip/pyspark/errors/exceptions/captured.py", line 179, in deco
[2024-06-14T07:32:08.847+0000] {spark_submit.py:571} INFO - File "/home/***/.local/lib/python3.9/site-packages/pyspark/python/lib/py4j-0.10.9.7-src.zip/py4j/protocol.py", line 326, in get_return_value
[2024-06-14T07:32:08.849+0000] {spark_submit.py:571} INFO - py4j.protocol.Py4JJavaError24/06/14 07:32:08 INFO BlockManagerInfo: Removed broadcast_0_piece0 on 172.18.0.4:41345 in memory (size: 6.6 KiB, free: 434.4 MiB)
[2024-06-14T07:32:08.888+0000] {spark_submit.py:571} INFO - : An error occurred while calling o44.showString.
[2024-06-14T07:32:08.889+0000] {spark_submit.py:571} INFO - : org.apache.spark.SparkException: Job aborted due to stage failure: Task 0 in stage 0.0 failed 4 times, most recent failure: Lost task 0.3 in stage 0.0 (TID 3) (172.18.0.4 executor 0): org.apache.spark.api.python.PythonException: Traceback (most recent call last):
[2024-06-14T07:32:08.890+0000] {spark_submit.py:571} INFO - File "/opt/bitnami/spark/python/lib/pyspark.zip/pyspark/worker.py", line 1100, in main
[2024-06-14T07:32:08.891+0000] {spark_submit.py:571} INFO - raise PySparkRuntimeError(
[2024-06-14T07:32:08.893+0000] {spark_submit.py:571} INFO - pyspark.errors.exceptions.base.PySparkRuntimeError: [PYTHON_VERSION_MISMATCH] Python in worker has different version (3, 11) than that in driver 3.9, PySpark cannot run with different minor versions.
[2024-06-14T07:32:08.894+0000] {spark_submit.py:571} INFO - Please check environment variables PYSPARK_PYTHON and PYSPARK_DRIVER_PYTHON are correctly set.
[2024-06-14T07:32:08.895+0000] {spark_submit.py:571} INFO - 
[2024-06-14T07:32:08.896+0000] {spark_submit.py:571} INFO - at org.apache.spark.api.python.BasePythonRunner$ReaderIterator.handlePythonException(PythonRunner.scala:572)
[2024-06-14T07:32:08.897+0000] {spark_submit.py:571} INFO - at org.apache.spark.api.python.PythonRunner$$anon$3.read(PythonRunner.scala:784)
[2024-06-14T07:32:08.900+0000] {spark_submit.py:571} INFO - at org.apache.spark.api.python.PythonRunner$$anon$3.read(PythonRunner.scala:766)
[2024-06-14T07:32:08.901+0000] {spark_submit.py:571} INFO - at org.apache.spark.api.python.BasePythonRunner$ReaderIterator.hasNext(PythonRunner.scala:525)
[2024-06-14T07:32:08.901+0000] {spark_submit.py:571} INFO - at org.apache.spark.InterruptibleIterator.hasNext(InterruptibleIterator.scala:37)
[2024-06-14T07:32:08.902+0000] {spark_submit.py:571} INFO - at scala.collection.Iterator$$anon$11.hasNext(Iterator.scala:491)
[2024-06-14T07:32:08.903+0000] {spark_submit.py:571} INFO - at scala.collection.Iterator$$anon$10.hasNext(Iterator.scala:460)
[2024-06-14T07:32:08.903+0000] {spark_submit.py:571} INFO - at scala.collection.Iterator$$anon$10.hasNext(Iterator.scala:460)
[2024-06-14T07:32:08.904+0000] {spark_submit.py:571} INFO - at org.apache.spark.sql.catalyst.expressions.GeneratedClass$GeneratedIteratorForCodegenStage1.processNext(Unknown Source)
[2024-06-14T07:32:08.905+0000] {spark_submit.py:571} INFO - at org.apache.spark.sql.execution.BufferedRowIterator.hasNext(BufferedRowIterator.java:43)
[2024-06-14T07:32:08.905+0000] {spark_submit.py:571} INFO - at org.apache.spark.sql.execution.WholeStageCodegenEvaluatorFactory$WholeStageCodegenPartitionEvaluator$$anon$1.hasNext(WholeStageCodegenEvaluatorFactory.scala:43)
[2024-06-14T07:32:08.906+0000] {spark_submit.py:571} INFO - at org.apache.spark.sql.execution.SparkPlan.$anonfun$getByteArrayRdd$1(SparkPlan.scala:388)
[2024-06-14T07:32:08.907+0000] {spark_submit.py:571} INFO - at org.apache.spark.rdd.RDD.$anonfun$mapPartitionsInternal$2(RDD.scala:893)
[2024-06-14T07:32:08.909+0000] {spark_submit.py:571} INFO - at org.apache.spark.rdd.RDD.$anonfun$mapPartitionsInternal$2$adapted(RDD.scala:893)
[2024-06-14T07:32:08.910+0000] {spark_submit.py:571} INFO - at org.apache.spark.rdd.MapPartitionsRDD.compute(MapPartitionsRDD.scala:52)
[2024-06-14T07:32:08.910+0000] {spark_submit.py:571} INFO - at org.apache.spark.rdd.RDD.computeOrReadCheckpoint(RDD.scala:367)
[2024-06-14T07:32:08.911+0000] {spark_submit.py:571} INFO - at org.apache.spark.rdd.RDD.iterator(RDD.scala:331)
[2024-06-14T07:32:08.912+0000] {spark_submit.py:571} INFO - at org.apache.spark.scheduler.ResultTask.runTask(ResultTask.scala:93)
[2024-06-14T07:32:08.912+0000] {spark_submit.py:571} INFO - at org.apache.spark.TaskContext.runTaskWithListeners(TaskContext.scala:166)
[2024-06-14T07:32:08.913+0000] {spark_submit.py:571} INFO - at org.apache.spark.scheduler.Task.run(Task.scala:141)
[2024-06-14T07:32:08.914+0000] {spark_submit.py:571} INFO - at org.apache.spark.executor.Executor$TaskRunner.$anonfun$run$4(Executor.scala:620)
[2024-06-14T07:32:08.914+0000] {spark_submit.py:571} INFO - at org.apache.spark.util.SparkErrorUtils.tryWithSafeFinally(SparkErrorUtils.scala:64)
[2024-06-14T07:32:08.915+0000] {spark_submit.py:571} INFO - at org.apache.spark.util.SparkErrorUtils.tryWithSafeFinally$(SparkErrorUtils.scala:61)
[2024-06-14T07:32:08.915+0000] {spark_submit.py:571} INFO - at org.apache.spark.util.Utils$.tryWithSafeFinally(Utils.scala:94)
[2024-06-14T07:32:08.916+0000] {spark_submit.py:571} INFO - at org.apache.spark.executor.Executor$TaskRunner.run(Executor.scala:623)
[2024-06-14T07:32:08.916+0000] {spark_submit.py:571} INFO - at java.base/java.util.concurrent.ThreadPoolExecutor.runWorker(ThreadPoolExecutor.java:1136)
[2024-06-14T07:32:08.917+0000] {spark_submit.py:571} INFO - at java.base/java.util.concurrent.ThreadPoolExecutor$Worker.run(ThreadPoolExecutor.java:635)
[2024-06-14T07:32:08.917+0000] {spark_submit.py:571} INFO - at java.base/java.lang.Thread.run(Thread.java:840)
[2024-06-14T07:32:08.918+0000] {spark_submit.py:571} INFO - 
[2024-06-14T07:32:08.918+0000] {spark_submit.py:571} INFO - Driver stacktrace:
[2024-06-14T07:32:08.919+0000] {spark_submit.py:571} INFO - at org.apache.spark.scheduler.DAGScheduler.failJobAndIndependentStages(DAGScheduler.scala:2856)
[2024-06-14T07:32:08.919+0000] {spark_submit.py:571} INFO - at org.apache.spark.scheduler.DAGScheduler.$anonfun$abortStage$2(DAGScheduler.scala:2792)
[2024-06-14T07:32:08.920+0000] {spark_submit.py:571} INFO - at org.apache.spark.scheduler.DAGScheduler.$anonfun$abortStage$2$adapted(DAGScheduler.scala:2791)
[2024-06-14T07:32:08.921+0000] {spark_submit.py:571} INFO - at scala.collection.mutable.ResizableArray.foreach(ResizableArray.scala:62)
[2024-06-14T07:32:08.921+0000] {spark_submit.py:571} INFO - at scala.collection.mutable.ResizableArray.foreach$(ResizableArray.scala:55)
[2024-06-14T07:32:08.922+0000] {spark_submit.py:571} INFO - at scala.collection.mutable.ArrayBuffer.foreach(ArrayBuffer.scala:49)
[2024-06-14T07:32:08.922+0000] {spark_submit.py:571} INFO - at org.apache.spark.scheduler.DAGScheduler.abortStage(DAGScheduler.scala:2791)
[2024-06-14T07:32:08.923+0000] {spark_submit.py:571} INFO - at org.apache.spark.scheduler.DAGScheduler.$anonfun$handleTaskSetFailed$1(DAGScheduler.scala:1247)
[2024-06-14T07:32:08.923+0000] {spark_submit.py:571} INFO - at org.apache.spark.scheduler.DAGScheduler.$anonfun$handleTaskSetFailed$1$adapted(DAGScheduler.scala:1247)
[2024-06-14T07:32:08.924+0000] {spark_submit.py:571} INFO - at scala.Option.foreach(Option.scala:407)
[2024-06-14T07:32:08.924+0000] {spark_submit.py:571} INFO - at org.apache.spark.scheduler.DAGScheduler.handleTaskSetFailed(DAGScheduler.scala:1247)
[2024-06-14T07:32:08.925+0000] {spark_submit.py:571} INFO - at org.apache.spark.scheduler.DAGSchedulerEventProcessLoop.doOnReceive(DAGScheduler.scala:3060)
[2024-06-14T07:32:08.926+0000] {spark_submit.py:571} INFO - at org.apache.spark.scheduler.DAGSchedulerEventProcessLoop.onReceive(DAGScheduler.scala:2994)
[2024-06-14T07:32:08.927+0000] {spark_submit.py:571} INFO - at org.apache.spark.scheduler.DAGSchedulerEventProcessLoop.onReceive(DAGScheduler.scala:2983)
[2024-06-14T07:32:08.927+0000] {spark_submit.py:571} INFO - at org.apache.spark.util.EventLoop$$anon$1.run(EventLoop.scala:49)
[2024-06-14T07:32:08.928+0000] {spark_submit.py:571} INFO - at org.apache.spark.scheduler.DAGScheduler.runJob(DAGScheduler.scala:989)
[2024-06-14T07:32:08.928+0000] {spark_submit.py:571} INFO - at org.apache.spark.SparkContext.runJob(SparkContext.scala:2398)
[2024-06-14T07:32:08.929+0000] {spark_submit.py:571} INFO - at org.apache.spark.SparkContext.runJob(SparkContext.scala:2419)
[2024-06-14T07:32:08.929+0000] {spark_submit.py:571} INFO - at org.apache.spark.SparkContext.runJob(SparkContext.scala:2438)
[2024-06-14T07:32:08.930+0000] {spark_submit.py:571} INFO - at org.apache.spark.sql.execution.SparkPlan.executeTake(SparkPlan.scala:530)
[2024-06-14T07:32:08.930+0000] {spark_submit.py:571} INFO - at org.apache.spark.sql.execution.SparkPlan.executeTake(SparkPlan.scala:483)
[2024-06-14T07:32:08.931+0000] {spark_submit.py:571} INFO - at org.apache.spark.sql.execution.CollectLimitExec.executeCollect(limit.scala:61)
[2024-06-14T07:32:08.931+0000] {spark_submit.py:571} INFO - at org.apache.spark.sql.Dataset.collectFromPlan(Dataset.scala:4332)
[2024-06-14T07:32:08.932+0000] {spark_submit.py:571} INFO - at org.apache.spark.sql.Dataset.$anonfun$head$1(Dataset.scala:3314)
[2024-06-14T07:32:08.932+0000] {spark_submit.py:571} INFO - at org.apache.spark.sql.Dataset.$anonfun$withAction$2(Dataset.scala:4322)
[2024-06-14T07:32:08.933+0000] {spark_submit.py:571} INFO - at org.apache.spark.sql.execution.QueryExecution$.withInternalError(QueryExecution.scala:546)
[2024-06-14T07:32:08.934+0000] {spark_submit.py:571} INFO - at org.apache.spark.sql.Dataset.$anonfun$withAction$1(Dataset.scala:4320)
[2024-06-14T07:32:08.934+0000] {spark_submit.py:571} INFO - at org.apache.spark.sql.execution.SQLExecution$.$anonfun$withNewExecutionId$6(SQLExecution.scala:125)
[2024-06-14T07:32:08.935+0000] {spark_submit.py:571} INFO - at org.apache.spark.sql.execution.SQLExecution$.withSQLConfPropagated(SQLExecution.scala:201)
[2024-06-14T07:32:08.935+0000] {spark_submit.py:571} INFO - at org.apache.spark.sql.execution.SQLExecution$.$anonfun$withNewExecutionId$1(SQLExecution.scala:108)
[2024-06-14T07:32:08.936+0000] {spark_submit.py:571} INFO - at org.apache.spark.sql.SparkSession.withActive(SparkSession.scala:900)
[2024-06-14T07:32:08.936+0000] {spark_submit.py:571} INFO - at org.apache.spark.sql.execution.SQLExecution$.withNewExecutionId(SQLExecution.scala:66)
[2024-06-14T07:32:08.937+0000] {spark_submit.py:571} INFO - at org.apache.spark.sql.Dataset.withAction(Dataset.scala:4320)
[2024-06-14T07:32:08.937+0000] {spark_submit.py:571} INFO - at org.apache.spark.sql.Dataset.head(Dataset.scala:3314)
[2024-06-14T07:32:08.938+0000] {spark_submit.py:571} INFO - at org.apache.spark.sql.Dataset.take(Dataset.scala:3537)
[2024-06-14T07:32:08.938+0000] {spark_submit.py:571} INFO - at org.apache.spark.sql.Dataset.getRows(Dataset.scala:280)
[2024-06-14T07:32:08.939+0000] {spark_submit.py:571} INFO - at org.apache.spark.sql.Dataset.showString(Dataset.scala:315)
[2024-06-14T07:32:08.939+0000] {spark_submit.py:571} INFO - at java.base/jdk.internal.reflect.NativeMethodAccessorImpl.invoke0(Native Method)
[2024-06-14T07:32:08.940+0000] {spark_submit.py:571} INFO - at java.base/jdk.internal.reflect.NativeMethodAccessorImpl.invoke(NativeMethodAccessorImpl.java:62)
[2024-06-14T07:32:08.940+0000] {spark_submit.py:571} INFO - at java.base/jdk.internal.reflect.DelegatingMethodAccessorImpl.invoke(DelegatingMethodAccessorImpl.java:43)
[2024-06-14T07:32:08.941+0000] {spark_submit.py:571} INFO - at java.base/java.lang.reflect.Method.invoke(Method.java:566)
[2024-06-14T07:32:08.941+0000] {spark_submit.py:571} INFO - at py4j.reflection.MethodInvoker.invoke(MethodInvoker.java:244)
[2024-06-14T07:32:08.942+0000] {spark_submit.py:571} INFO - at py4j.reflection.ReflectionEngine.invoke(ReflectionEngine.java:374)
[2024-06-14T07:32:08.944+0000] {spark_submit.py:571} INFO - at py4j.Gateway.invoke(Gateway.java:282)
[2024-06-14T07:32:08.944+0000] {spark_submit.py:571} INFO - at py4j.commands.AbstractCommand.invokeMethod(AbstractCommand.java:132)
[2024-06-14T07:32:08.945+0000] {spark_submit.py:571} INFO - at py4j.commands.CallCommand.execute(CallCommand.java:79)
[2024-06-14T07:32:08.946+0000] {spark_submit.py:571} INFO - at py4j.ClientServerConnection.waitForCommands(ClientServerConnection.java:182)
[2024-06-14T07:32:08.946+0000] {spark_submit.py:571} INFO - at py4j.ClientServerConnection.run(ClientServerConnection.java:106)
[2024-06-14T07:32:08.947+0000] {spark_submit.py:571} INFO - at java.base/java.lang.Thread.run(Thread.java:829)
[2024-06-14T07:32:08.947+0000] {spark_submit.py:571} INFO - Caused by: org.apache.spark.api.python.PythonException: Traceback (most recent call last):
[2024-06-14T07:32:08.948+0000] {spark_submit.py:571} INFO - File "/opt/bitnami/spark/python/lib/pyspark.zip/pyspark/worker.py", line 1100, in main
[2024-06-14T07:32:08.948+0000] {spark_submit.py:571} INFO - raise PySparkRuntimeError(
[2024-06-14T07:32:08.949+0000] {spark_submit.py:571} INFO - pyspark.errors.exceptions.base.PySparkRuntimeError: [PYTHON_VERSION_MISMATCH] Python in worker has different version (3, 11) than that in driver 3.9, PySpark cannot run with different minor versions.
[2024-06-14T07:32:08.949+0000] {spark_submit.py:571} INFO - Please check environment variables PYSPARK_PYTHON and PYSPARK_DRIVER_PYTHON are correctly set.
[2024-06-14T07:32:08.950+0000] {spark_submit.py:571} INFO - 
[2024-06-14T07:32:08.950+0000] {spark_submit.py:571} INFO - at org.apache.spark.api.python.BasePythonRunner$ReaderIterator.handlePythonException(PythonRunner.scala:572)
[2024-06-14T07:32:08.950+0000] {spark_submit.py:571} INFO - at org.apache.spark.api.python.PythonRunner$$anon$3.read(PythonRunner.scala:784)
[2024-06-14T07:32:08.951+0000] {spark_submit.py:571} INFO - at org.apache.spark.api.python.PythonRunner$$anon$3.read(PythonRunner.scala:766)
[2024-06-14T07:32:08.951+0000] {spark_submit.py:571} INFO - at org.apache.spark.api.python.BasePythonRunner$ReaderIterator.hasNext(PythonRunner.scala:525)
[2024-06-14T07:32:08.952+0000] {spark_submit.py:571} INFO - at org.apache.spark.InterruptibleIterator.hasNext(InterruptibleIterator.scala:37)
[2024-06-14T07:32:08.952+0000] {spark_submit.py:571} INFO - at scala.collection.Iterator$$anon$11.hasNext(Iterator.scala:491)
[2024-06-14T07:32:08.953+0000] {spark_submit.py:571} INFO - at scala.collection.Iterator$$anon$10.hasNext(Iterator.scala:460)
[2024-06-14T07:32:08.953+0000] {spark_submit.py:571} INFO - at scala.collection.Iterator$$anon$10.hasNext(Iterator.scala:460)
[2024-06-14T07:32:08.954+0000] {spark_submit.py:571} INFO - at org.apache.spark.sql.catalyst.expressions.GeneratedClass$GeneratedIteratorForCodegenStage1.processNext(Unknown Source)
[2024-06-14T07:32:08.955+0000] {spark_submit.py:571} INFO - at org.apache.spark.sql.execution.BufferedRowIterator.hasNext(BufferedRowIterator.java:43)
[2024-06-14T07:32:08.955+0000] {spark_submit.py:571} INFO - at org.apache.spark.sql.execution.WholeStageCodegenEvaluatorFactory$WholeStageCodegenPartitionEvaluator$$anon$1.hasNext(WholeStageCodegenEvaluatorFactory.scala:43)
[2024-06-14T07:32:08.956+0000] {spark_submit.py:571} INFO - at org.apache.spark.sql.execution.SparkPlan.$anonfun$getByteArrayRdd$1(SparkPlan.scala:388)
[2024-06-14T07:32:08.956+0000] {spark_submit.py:571} INFO - at org.apache.spark.rdd.RDD.$anonfun$mapPartitionsInternal$2(RDD.scala:893)
[2024-06-14T07:32:08.957+0000] {spark_submit.py:571} INFO - at org.apache.spark.rdd.RDD.$anonfun$mapPartitionsInternal$2$adapted(RDD.scala:893)
[2024-06-14T07:32:08.957+0000] {spark_submit.py:571} INFO - at org.apache.spark.rdd.MapPartitionsRDD.compute(MapPartitionsRDD.scala:52)
[2024-06-14T07:32:08.958+0000] {spark_submit.py:571} INFO - at org.apache.spark.rdd.RDD.computeOrReadCheckpoint(RDD.scala:367)
[2024-06-14T07:32:08.958+0000] {spark_submit.py:571} INFO - at org.apache.spark.rdd.RDD.iterator(RDD.scala:331)
[2024-06-14T07:32:08.959+0000] {spark_submit.py:571} INFO - at org.apache.spark.scheduler.ResultTask.runTask(ResultTask.scala:93)
[2024-06-14T07:32:08.960+0000] {spark_submit.py:571} INFO - at org.apache.spark.TaskContext.runTaskWithListeners(TaskContext.scala:166)
[2024-06-14T07:32:08.960+0000] {spark_submit.py:571} INFO - at org.apache.spark.scheduler.Task.run(Task.scala:141)
[2024-06-14T07:32:08.961+0000] {spark_submit.py:571} INFO - at org.apache.spark.executor.Executor$TaskRunner.$anonfun$run$4(Executor.scala:620)
[2024-06-14T07:32:08.961+0000] {spark_submit.py:571} INFO - at org.apache.spark.util.SparkErrorUtils.tryWithSafeFinally(SparkErrorUtils.scala:64)
[2024-06-14T07:32:08.962+0000] {spark_submit.py:571} INFO - at org.apache.spark.util.SparkErrorUtils.tryWithSafeFinally$(SparkErrorUtils.scala:61)
[2024-06-14T07:32:08.962+0000] {spark_submit.py:571} INFO - at org.apache.spark.util.Utils$.tryWithSafeFinally(Utils.scala:94)
[2024-06-14T07:32:08.963+0000] {spark_submit.py:571} INFO - at org.apache.spark.executor.Executor$TaskRunner.run(Executor.scala:623)
[2024-06-14T07:32:08.963+0000] {spark_submit.py:571} INFO - at java.base/java.util.concurrent.ThreadPoolExecutor.runWorker(ThreadPoolExecutor.java:1136)
[2024-06-14T07:32:08.963+0000] {spark_submit.py:571} INFO - at java.base/java.util.concurrent.ThreadPoolExecutor$Worker.run(ThreadPoolExecutor.java:635)
[2024-06-14T07:32:08.964+0000] {spark_submit.py:571} INFO - at java.base/java.lang.Thread.run(Thread.java:840)
[2024-06-14T07:32:08.964+0000] {spark_submit.py:571} INFO - 
[2024-06-14T07:32:08.995+0000] {spark_submit.py:571} INFO - 24/06/14 07:32:08 INFO SparkContext: Invoking stop() from shutdown hook
[2024-06-14T07:32:08.996+0000] {spark_submit.py:571} INFO - 24/06/14 07:32:08 INFO SparkContext: SparkContext is stopping with exitCode 0.
[2024-06-14T07:32:09.006+0000] {spark_submit.py:571} INFO - 24/06/14 07:32:09 INFO SparkUI: Stopped Spark web UI at http://28209c95e1f8:4040
[2024-06-14T07:32:09.014+0000] {spark_submit.py:571} INFO - 24/06/14 07:32:09 INFO StandaloneSchedulerBackend: Shutting down all executors
[2024-06-14T07:32:09.015+0000] {spark_submit.py:571} INFO - 24/06/14 07:32:09 INFO StandaloneSchedulerBackend$StandaloneDriverEndpoint: Asking each executor to shut down
[2024-06-14T07:32:09.055+0000] {spark_submit.py:571} INFO - 24/06/14 07:32:09 INFO MapOutputTrackerMasterEndpoint: MapOutputTrackerMasterEndpoint stopped!
[2024-06-14T07:32:09.096+0000] {spark_submit.py:571} INFO - 24/06/14 07:32:09 INFO MemoryStore: MemoryStore cleared
[2024-06-14T07:32:09.097+0000] {spark_submit.py:571} INFO - 24/06/14 07:32:09 INFO BlockManager: BlockManager stopped
[2024-06-14T07:32:09.100+0000] {spark_submit.py:571} INFO - 24/06/14 07:32:09 INFO BlockManagerMaster: BlockManagerMaster stopped
[2024-06-14T07:32:09.102+0000] {spark_submit.py:571} INFO - 24/06/14 07:32:09 INFO OutputCommitCoordinator$OutputCommitCoordinatorEndpoint: OutputCommitCoordinator stopped!
[2024-06-14T07:32:09.125+0000] {spark_submit.py:571} INFO - 24/06/14 07:32:09 INFO SparkContext: Successfully stopped SparkContext
[2024-06-14T07:32:09.127+0000] {spark_submit.py:571} INFO - 24/06/14 07:32:09 INFO ShutdownHookManager: Shutdown hook called
[2024-06-14T07:32:09.128+0000] {spark_submit.py:571} INFO - 24/06/14 07:32:09 INFO ShutdownHookManager: Deleting directory /tmp/spark-d758343e-1339-4bd4-aaa3-d12c7ce1ba8c
[2024-06-14T07:32:09.133+0000] {spark_submit.py:571} INFO - 24/06/14 07:32:09 INFO ShutdownHookManager: Deleting directory /tmp/spark-08adff9d-d63b-43de-9ea7-09d87a65ef6f
[2024-06-14T07:32:09.140+0000] {spark_submit.py:571} INFO - 24/06/14 07:32:09 INFO ShutdownHookManager: Deleting directory /tmp/spark-08adff9d-d63b-43de-9ea7-09d87a65ef6f/pyspark-5b1f660f-c128-4a81-8210-0593c97d5ed7
[2024-06-14T07:32:09.200+0000] {taskinstance.py:1935} ERROR - Task failed with exception
Traceback (most recent call last):
  File "/home/airflow/.local/lib/python3.9/site-packages/airflow/providers/apache/spark/operators/spark_submit.py", line 174, in execute
    self._hook.submit(self.application)
  File "/home/airflow/.local/lib/python3.9/site-packages/airflow/providers/apache/spark/hooks/spark_submit.py", line 502, in submit
    raise AirflowException(
airflow.exceptions.AirflowException: Cannot execute: spark-submit --master spark://spark-master:7077 --conf spark.driver.memory=1g --conf spark.executor.memory=1g --conf spark.executor.instances=1 --name arrow-spark --deploy-mode client jobs/python/pyspark_test.py. Error code is: 1.
[2024-06-14T07:32:09.207+0000] {taskinstance.py:1398} INFO - Marking task as FAILED. dag_id=Spark_dag, task_id=query_job, execution_date=20240614T073050, start_date=20240614T073201, end_date=20240614T073209
[2024-06-14T07:32:09.221+0000] {standard_task_runner.py:104} ERROR - Failed to execute job 40 for task query_job (Cannot execute: spark-submit --master spark://spark-master:7077 --conf spark.driver.memory=1g --conf spark.executor.memory=1g --conf spark.executor.instances=1 --name arrow-spark --deploy-mode client jobs/python/pyspark_test.py. Error code is: 1.; 652)
[2024-06-14T07:32:09.231+0000] {local_task_job_runner.py:228} INFO - Task exited with return code 1
[2024-06-14T07:32:09.254+0000] {taskinstance.py:2776} INFO - 0 downstream tasks scheduled from follow-on schedule check
